[0.615s] Invoking command in '/home/jimmy/ros2_robo2axis/src/robo2axis_serial': AMENT_PREFIX_PATH=/home/jimmy/ros2_robo2axis/install/robo2axis_data_strcs:${AMENT_PREFIX_PATH} CMAKE_PREFIX_PATH=/home/jimmy/ros2_robo2axis/install/robo2axis_data_strcs LD_LIBRARY_PATH=/home/jimmy/ros2_robo2axis/install/robo2axis_data_strcs/lib:${LD_LIBRARY_PATH} PYTHONPATH=/home/jimmy/ros2_robo2axis/build/robo2axis_serial/prefix_override:/home/jimmy/ros2_robo2axis/install/robo2axis_serial/lib/python3.10/site-packages:/home/jimmy/ros2_robo2axis/install/robo2axis_data_strcs/local/lib/python3.10/dist-packages:${PYTHONPATH} /usr/bin/python3 setup.py egg_info --egg-base ../../build/robo2axis_serial build --build-base /home/jimmy/ros2_robo2axis/build/robo2axis_serial/build install --record /home/jimmy/ros2_robo2axis/build/robo2axis_serial/install.log --single-version-externally-managed
[0.826s] running egg_info
[0.827s] writing ../../build/robo2axis_serial/robo2axis_serial.egg-info/PKG-INFO
[0.827s] writing dependency_links to ../../build/robo2axis_serial/robo2axis_serial.egg-info/dependency_links.txt
[0.828s] writing entry points to ../../build/robo2axis_serial/robo2axis_serial.egg-info/entry_points.txt
[0.828s] writing requirements to ../../build/robo2axis_serial/robo2axis_serial.egg-info/requires.txt
[0.828s] writing top-level names to ../../build/robo2axis_serial/robo2axis_serial.egg-info/top_level.txt
[0.830s] reading manifest file '../../build/robo2axis_serial/robo2axis_serial.egg-info/SOURCES.txt'
[0.831s] writing manifest file '../../build/robo2axis_serial/robo2axis_serial.egg-info/SOURCES.txt'
[0.831s] running build
[0.832s] running build_py
[0.832s] copying robo2axis_serial/Teensy_to_ROS2_serial.py -> /home/jimmy/ros2_robo2axis/build/robo2axis_serial/build/lib/robo2axis_serial
[0.832s] running install
[0.832s] /usr/lib/python3/dist-packages/setuptools/command/install.py:34: SetuptoolsDeprecationWarning: setup.py install is deprecated. Use build and pip and other standards-based tools.
[0.832s]   warnings.warn(
[0.833s] running install_lib
[0.833s] copying /home/jimmy/ros2_robo2axis/build/robo2axis_serial/build/lib/robo2axis_serial/Teensy_to_ROS2_serial.py -> /home/jimmy/ros2_robo2axis/install/robo2axis_serial/lib/python3.10/site-packages/robo2axis_serial
[0.834s] byte-compiling /home/jimmy/ros2_robo2axis/install/robo2axis_serial/lib/python3.10/site-packages/robo2axis_serial/Teensy_to_ROS2_serial.py to Teensy_to_ROS2_serial.cpython-310.pyc
[0.835s] running install_data
[0.836s] running install_egg_info
[0.838s] removing '/home/jimmy/ros2_robo2axis/install/robo2axis_serial/lib/python3.10/site-packages/robo2axis_serial-0.0.0-py3.10.egg-info' (and everything under it)
[0.838s] Copying ../../build/robo2axis_serial/robo2axis_serial.egg-info to /home/jimmy/ros2_robo2axis/install/robo2axis_serial/lib/python3.10/site-packages/robo2axis_serial-0.0.0-py3.10.egg-info
[0.840s] running install_scripts
[0.860s] Installing robo2axis_serial script to /home/jimmy/ros2_robo2axis/install/robo2axis_serial/lib/robo2axis_serial
[0.860s] writing list of installed files to '/home/jimmy/ros2_robo2axis/build/robo2axis_serial/install.log'
[0.879s] Invoked command in '/home/jimmy/ros2_robo2axis/src/robo2axis_serial' returned '0': AMENT_PREFIX_PATH=/home/jimmy/ros2_robo2axis/install/robo2axis_data_strcs:${AMENT_PREFIX_PATH} CMAKE_PREFIX_PATH=/home/jimmy/ros2_robo2axis/install/robo2axis_data_strcs LD_LIBRARY_PATH=/home/jimmy/ros2_robo2axis/install/robo2axis_data_strcs/lib:${LD_LIBRARY_PATH} PYTHONPATH=/home/jimmy/ros2_robo2axis/build/robo2axis_serial/prefix_override:/home/jimmy/ros2_robo2axis/install/robo2axis_serial/lib/python3.10/site-packages:/home/jimmy/ros2_robo2axis/install/robo2axis_data_strcs/local/lib/python3.10/dist-packages:${PYTHONPATH} /usr/bin/python3 setup.py egg_info --egg-base ../../build/robo2axis_serial build --build-base /home/jimmy/ros2_robo2axis/build/robo2axis_serial/build install --record /home/jimmy/ros2_robo2axis/build/robo2axis_serial/install.log --single-version-externally-managed
