[0.657s] Invoking command in '/home/jimmy/ros2_robo2axis/src/robo2axis_serial': PYTHONPATH=/home/jimmy/ros2_robo2axis/build/robo2axis_serial/prefix_override:/home/jimmy/ros2_robo2axis/install/robo2axis_serial/lib/python3.10/site-packages:${PYTHONPATH} /usr/bin/python3 setup.py egg_info --egg-base ../../build/robo2axis_serial build --build-base /home/jimmy/ros2_robo2axis/build/robo2axis_serial/build install --record /home/jimmy/ros2_robo2axis/build/robo2axis_serial/install.log --single-version-externally-managed
[0.879s] running egg_info
[0.880s] writing ../../build/robo2axis_serial/robo2axis_serial.egg-info/PKG-INFO
[0.880s] writing dependency_links to ../../build/robo2axis_serial/robo2axis_serial.egg-info/dependency_links.txt
[0.880s] writing entry points to ../../build/robo2axis_serial/robo2axis_serial.egg-info/entry_points.txt
[0.880s] writing requirements to ../../build/robo2axis_serial/robo2axis_serial.egg-info/requires.txt
[0.880s] writing top-level names to ../../build/robo2axis_serial/robo2axis_serial.egg-info/top_level.txt
[0.881s] reading manifest file '../../build/robo2axis_serial/robo2axis_serial.egg-info/SOURCES.txt'
[0.882s] writing manifest file '../../build/robo2axis_serial/robo2axis_serial.egg-info/SOURCES.txt'
[0.882s] running build
[0.882s] running build_py
[0.883s] copying robo2axis_serial/Teensy_to_ROS2_serial.py -> /home/jimmy/ros2_robo2axis/build/robo2axis_serial/build/lib/robo2axis_serial
[0.883s] running install
[0.883s] /usr/lib/python3/dist-packages/setuptools/command/install.py:34: SetuptoolsDeprecationWarning: setup.py install is deprecated. Use build and pip and other standards-based tools.
[0.883s]   warnings.warn(
[0.883s] running install_lib
[0.883s] copying /home/jimmy/ros2_robo2axis/build/robo2axis_serial/build/lib/robo2axis_serial/Teensy_to_ROS2_serial.py -> /home/jimmy/ros2_robo2axis/install/robo2axis_serial/lib/python3.10/site-packages/robo2axis_serial
[0.884s] byte-compiling /home/jimmy/ros2_robo2axis/install/robo2axis_serial/lib/python3.10/site-packages/robo2axis_serial/Teensy_to_ROS2_serial.py to Teensy_to_ROS2_serial.cpython-310.pyc
[0.885s] running install_data
[0.885s] running install_egg_info
[0.886s] removing '/home/jimmy/ros2_robo2axis/install/robo2axis_serial/lib/python3.10/site-packages/robo2axis_serial-0.0.0-py3.10.egg-info' (and everything under it)
[0.887s] Copying ../../build/robo2axis_serial/robo2axis_serial.egg-info to /home/jimmy/ros2_robo2axis/install/robo2axis_serial/lib/python3.10/site-packages/robo2axis_serial-0.0.0-py3.10.egg-info
[0.887s] running install_scripts
[0.905s] Installing robo2axis_serial script to /home/jimmy/ros2_robo2axis/install/robo2axis_serial/lib/robo2axis_serial
[0.905s] writing list of installed files to '/home/jimmy/ros2_robo2axis/build/robo2axis_serial/install.log'
[0.924s] Invoked command in '/home/jimmy/ros2_robo2axis/src/robo2axis_serial' returned '0': PYTHONPATH=/home/jimmy/ros2_robo2axis/build/robo2axis_serial/prefix_override:/home/jimmy/ros2_robo2axis/install/robo2axis_serial/lib/python3.10/site-packages:${PYTHONPATH} /usr/bin/python3 setup.py egg_info --egg-base ../../build/robo2axis_serial build --build-base /home/jimmy/ros2_robo2axis/build/robo2axis_serial/build install --record /home/jimmy/ros2_robo2axis/build/robo2axis_serial/install.log --single-version-externally-managed
