[0.046s] Invoking command in '/home/jimmy/ros2_robo2axis/build/robo2axis_data_strcs': CMAKE_PREFIX_PATH=/opt/ros/humble /usr/bin/cmake /home/jimmy/ros2_robo2axis/src/robo2axis_data_strcs -DCMAKE_INSTALL_PREFIX=/home/jimmy/ros2_robo2axis/install/robo2axis_data_strcs
[0.056s] -- Found ament_cmake: 1.3.5 (/opt/ros/humble/share/ament_cmake/cmake)
[0.177s] -- Found rosidl_default_generators: 1.2.0 (/opt/ros/humble/share/rosidl_default_generators/cmake)
[0.178s] -- Using all available rosidl_typesupport_c: rosidl_typesupport_fastrtps_c;rosidl_typesupport_introspection_c
[0.180s] -- Found rosidl_adapter: 3.1.5 (/opt/ros/humble/share/rosidl_adapter/cmake)
[0.207s] -- Using all available rosidl_typesupport_cpp: rosidl_typesupport_fastrtps_cpp;rosidl_typesupport_introspection_cpp
[0.434s] -- Found ament_cmake_ros: 0.10.0 (/opt/ros/humble/share/ament_cmake_ros/cmake)
[0.597s] -- Using all available rosidl_typesupport_c: rosidl_typesupport_fastrtps_c;rosidl_typesupport_introspection_c
[0.801s] -- Using all available rosidl_typesupport_cpp: rosidl_typesupport_fastrtps_cpp;rosidl_typesupport_introspection_cpp
[0.821s] -- Found PythonInterp: /usr/bin/python3 (found suitable version "3.10.12", minimum required is "3.6") 
[0.823s] -- Found python_cmake_module: 0.10.0 (/opt/ros/humble/share/python_cmake_module/cmake)
[0.847s] -- Found PythonLibs: /usr/lib/x86_64-linux-gnu/libpython3.10.so (found suitable version "3.10.12", minimum required is "3.5") 
[0.847s] -- Using PYTHON_EXECUTABLE: /usr/bin/python3
[0.848s] -- Using PYTHON_INCLUDE_DIRS: /usr/include/python3.10
[0.848s] -- Using PYTHON_LIBRARIES: /usr/lib/x86_64-linux-gnu/libpython3.10.so
[0.866s] -- Found PythonExtra: .so  
[0.894s] -- Found ament_lint_auto: 0.12.8 (/opt/ros/humble/share/ament_lint_auto/cmake)
[0.925s] -- Added test 'lint_cmake' to check CMake code style
[0.927s] -- Added test 'xmllint' to check XML markup files
[0.930s] -- Configuring done
[0.957s] -- Generating done
[0.959s] -- Build files have been written to: /home/jimmy/ros2_robo2axis/build/robo2axis_data_strcs
[0.963s] Invoked command in '/home/jimmy/ros2_robo2axis/build/robo2axis_data_strcs' returned '0': CMAKE_PREFIX_PATH=/opt/ros/humble /usr/bin/cmake /home/jimmy/ros2_robo2axis/src/robo2axis_data_strcs -DCMAKE_INSTALL_PREFIX=/home/jimmy/ros2_robo2axis/install/robo2axis_data_strcs
[0.965s] Invoking command in '/home/jimmy/ros2_robo2axis/build/robo2axis_data_strcs': CMAKE_PREFIX_PATH=/opt/ros/humble /usr/bin/cmake --build /home/jimmy/ros2_robo2axis/build/robo2axis_data_strcs -- -j12 -l12
[0.998s] [  3%] [34m[1mGenerating C code for ROS interfaces[0m
[1.006s] [  6%] [34m[1mGenerating C++ code for ROS interfaces[0m
[1.014s] [  6%] Built target ament_cmake_python_copy_robo2axis_data_strcs
[1.216s] [  6%] Built target robo2axis_data_strcs__cpp
[1.226s] [ 16%] [34m[1mGenerating C++ introspection for ROS interfaces[0m
[1.226s] [ 16%] [34m[1mGenerating C++ type support for eProsima Fast-RTPS[0m
[1.226s] [ 16%] [34m[1mGenerating C++ type support dispatch for ROS interfaces[0m
[1.231s] running egg_info
[1.232s] creating robo2axis_data_strcs.egg-info
[1.232s] writing robo2axis_data_strcs.egg-info/PKG-INFO
[1.232s] writing dependency_links to robo2axis_data_strcs.egg-info/dependency_links.txt
[1.232s] writing top-level names to robo2axis_data_strcs.egg-info/top_level.txt
[1.233s] writing manifest file 'robo2axis_data_strcs.egg-info/SOURCES.txt'
[1.235s] reading manifest file 'robo2axis_data_strcs.egg-info/SOURCES.txt'
[1.236s] writing manifest file 'robo2axis_data_strcs.egg-info/SOURCES.txt'
[1.236s] [ 19%] [32mBuilding C object CMakeFiles/robo2axis_data_strcs__rosidl_generator_c.dir/rosidl_generator_c/robo2axis_data_strcs/msg/detail/encoder_counts__functions.c.o[0m
[1.265s] [ 19%] Built target ament_cmake_python_build_robo2axis_data_strcs_egg
[1.310s] [ 22%] [32m[1mLinking C shared library librobo2axis_data_strcs__rosidl_generator_c.so[0m
[1.344s] [ 22%] Built target robo2axis_data_strcs__rosidl_generator_c
[1.353s] [ 32%] [34m[1mGenerating C introspection for ROS interfaces[0m
[1.354s] [ 32%] [34m[1mGenerating C type support dispatch for ROS interfaces[0m
[1.354s] [ 32%] [34m[1mGenerating C type support for eProsima Fast-RTPS[0m
[1.432s] [ 35%] [32mBuilding CXX object CMakeFiles/robo2axis_data_strcs__rosidl_typesupport_cpp.dir/rosidl_typesupport_cpp/robo2axis_data_strcs/msg/encoder_counts__type_support.cpp.o[0m
[1.455s] [ 41%] [32mBuilding CXX object CMakeFiles/robo2axis_data_strcs__rosidl_typesupport_introspection_cpp.dir/rosidl_typesupport_introspection_cpp/robo2axis_data_strcs/msg/detail/encoder_counts__type_support.cpp.o[0m
[1.455s] [ 41%] [32mBuilding CXX object CMakeFiles/robo2axis_data_strcs__rosidl_typesupport_fastrtps_cpp.dir/rosidl_typesupport_fastrtps_cpp/robo2axis_data_strcs/msg/detail/dds_fastrtps/encoder_counts__type_support.cpp.o[0m
[1.563s] [ 45%] [32mBuilding CXX object CMakeFiles/robo2axis_data_strcs__rosidl_typesupport_c.dir/rosidl_typesupport_c/robo2axis_data_strcs/msg/encoder_counts__type_support.cpp.o[0m
[1.586s] [ 48%] [32mBuilding C object CMakeFiles/robo2axis_data_strcs__rosidl_typesupport_introspection_c.dir/rosidl_typesupport_introspection_c/robo2axis_data_strcs/msg/detail/encoder_counts__type_support.c.o[0m
[1.593s] [ 51%] [32mBuilding CXX object CMakeFiles/robo2axis_data_strcs__rosidl_typesupport_fastrtps_c.dir/rosidl_typesupport_fastrtps_c/robo2axis_data_strcs/msg/detail/encoder_counts__type_support_c.cpp.o[0m
[1.598s] [ 54%] [32m[1mLinking CXX shared library librobo2axis_data_strcs__rosidl_typesupport_c.so[0m
[1.619s] [ 58%] [32m[1mLinking C shared library librobo2axis_data_strcs__rosidl_typesupport_introspection_c.so[0m
[1.639s] [ 58%] Built target robo2axis_data_strcs__rosidl_typesupport_c
[1.650s] [ 58%] Built target robo2axis_data_strcs__rosidl_typesupport_introspection_c
[1.728s] [ 61%] [32m[1mLinking CXX shared library librobo2axis_data_strcs__rosidl_typesupport_cpp.so[0m
[1.768s] [ 61%] Built target robo2axis_data_strcs__rosidl_typesupport_cpp
[1.834s] [ 64%] [32m[1mLinking CXX shared library librobo2axis_data_strcs__rosidl_typesupport_introspection_cpp.so[0m
[1.843s] [ 67%] [32m[1mLinking CXX shared library librobo2axis_data_strcs__rosidl_typesupport_fastrtps_cpp.so[0m
[1.873s] [ 67%] Built target robo2axis_data_strcs__rosidl_typesupport_introspection_cpp
[1.898s] [ 70%] [32m[1mLinking CXX shared library librobo2axis_data_strcs__rosidl_typesupport_fastrtps_c.so[0m
[1.918s] [ 70%] Built target robo2axis_data_strcs__rosidl_typesupport_fastrtps_cpp
[1.965s] [ 70%] Built target robo2axis_data_strcs__rosidl_typesupport_fastrtps_c
[1.982s] [ 70%] Built target robo2axis_data_strcs
[1.999s] [ 74%] [34m[1mGenerating Python code for ROS interfaces[0m
[2.243s] [ 74%] Built target robo2axis_data_strcs__py
[2.260s] [ 77%] [32mBuilding C object CMakeFiles/robo2axis_data_strcs__rosidl_generator_py.dir/rosidl_generator_py/robo2axis_data_strcs/msg/_encoder_counts_s.c.o[0m
[2.388s] [ 80%] [32m[1mLinking C shared library rosidl_generator_py/robo2axis_data_strcs/librobo2axis_data_strcs__rosidl_generator_py.so[0m
[2.422s] [ 80%] Built target robo2axis_data_strcs__rosidl_generator_py
[2.441s] [ 90%] [32mBuilding C object CMakeFiles/robo2axis_data_strcs__rosidl_typesupport_introspection_c__pyext.dir/rosidl_generator_py/robo2axis_data_strcs/_robo2axis_data_strcs_s.ep.rosidl_typesupport_introspection_c.c.o[0m
[2.441s] [ 90%] [32mBuilding C object CMakeFiles/robo2axis_data_strcs__rosidl_typesupport_c__pyext.dir/rosidl_generator_py/robo2axis_data_strcs/_robo2axis_data_strcs_s.ep.rosidl_typesupport_c.c.o[0m
[2.441s] [ 90%] [32mBuilding C object CMakeFiles/robo2axis_data_strcs__rosidl_typesupport_fastrtps_c__pyext.dir/rosidl_generator_py/robo2axis_data_strcs/_robo2axis_data_strcs_s.ep.rosidl_typesupport_fastrtps_c.c.o[0m
[2.522s] [ 96%] [32m[1mLinking C shared library rosidl_generator_py/robo2axis_data_strcs/robo2axis_data_strcs_s__rosidl_typesupport_introspection_c.cpython-310-x86_64-linux-gnu.so[0m
[2.522s] [ 96%] [32m[1mLinking C shared library rosidl_generator_py/robo2axis_data_strcs/robo2axis_data_strcs_s__rosidl_typesupport_c.cpython-310-x86_64-linux-gnu.so[0m
[2.526s] [100%] [32m[1mLinking C shared library rosidl_generator_py/robo2axis_data_strcs/robo2axis_data_strcs_s__rosidl_typesupport_fastrtps_c.cpython-310-x86_64-linux-gnu.so[0m
[2.553s] [100%] Built target robo2axis_data_strcs__rosidl_typesupport_c__pyext
[2.553s] [100%] Built target robo2axis_data_strcs__rosidl_typesupport_introspection_c__pyext
[2.557s] [100%] Built target robo2axis_data_strcs__rosidl_typesupport_fastrtps_c__pyext
[2.567s] Invoked command in '/home/jimmy/ros2_robo2axis/build/robo2axis_data_strcs' returned '0': CMAKE_PREFIX_PATH=/opt/ros/humble /usr/bin/cmake --build /home/jimmy/ros2_robo2axis/build/robo2axis_data_strcs -- -j12 -l12
[2.627s] Invoking command in '/home/jimmy/ros2_robo2axis/build/robo2axis_data_strcs': CMAKE_PREFIX_PATH=/opt/ros/humble /usr/bin/cmake --install /home/jimmy/ros2_robo2axis/build/robo2axis_data_strcs
[2.634s] -- Install configuration: ""
[2.634s] -- Installing: /home/jimmy/ros2_robo2axis/install/robo2axis_data_strcs/share/ament_index/resource_index/rosidl_interfaces/robo2axis_data_strcs
[2.634s] -- Installing: /home/jimmy/ros2_robo2axis/install/robo2axis_data_strcs/include/robo2axis_data_strcs/robo2axis_data_strcs
[2.635s] -- Installing: /home/jimmy/ros2_robo2axis/install/robo2axis_data_strcs/include/robo2axis_data_strcs/robo2axis_data_strcs/msg
[2.635s] -- Installing: /home/jimmy/ros2_robo2axis/install/robo2axis_data_strcs/include/robo2axis_data_strcs/robo2axis_data_strcs/msg/encoder_counts.h
[2.635s] -- Installing: /home/jimmy/ros2_robo2axis/install/robo2axis_data_strcs/include/robo2axis_data_strcs/robo2axis_data_strcs/msg/rosidl_generator_c__visibility_control.h
[2.635s] -- Installing: /home/jimmy/ros2_robo2axis/install/robo2axis_data_strcs/include/robo2axis_data_strcs/robo2axis_data_strcs/msg/detail
[2.635s] -- Installing: /home/jimmy/ros2_robo2axis/install/robo2axis_data_strcs/include/robo2axis_data_strcs/robo2axis_data_strcs/msg/detail/encoder_counts__functions.h
[2.635s] -- Installing: /home/jimmy/ros2_robo2axis/install/robo2axis_data_strcs/include/robo2axis_data_strcs/robo2axis_data_strcs/msg/detail/encoder_counts__type_support.h
[2.635s] -- Installing: /home/jimmy/ros2_robo2axis/install/robo2axis_data_strcs/include/robo2axis_data_strcs/robo2axis_data_strcs/msg/detail/encoder_counts__struct.h
[2.635s] -- Installing: /home/jimmy/ros2_robo2axis/install/robo2axis_data_strcs/include/robo2axis_data_strcs/robo2axis_data_strcs/msg/detail/encoder_counts__functions.c
[2.635s] -- Installing: /home/jimmy/ros2_robo2axis/install/robo2axis_data_strcs/share/robo2axis_data_strcs/environment/library_path.sh
[2.635s] -- Installing: /home/jimmy/ros2_robo2axis/install/robo2axis_data_strcs/share/robo2axis_data_strcs/environment/library_path.dsv
[2.635s] -- Installing: /home/jimmy/ros2_robo2axis/install/robo2axis_data_strcs/lib/librobo2axis_data_strcs__rosidl_generator_c.so
[2.636s] -- Set runtime path of "/home/jimmy/ros2_robo2axis/install/robo2axis_data_strcs/lib/librobo2axis_data_strcs__rosidl_generator_c.so" to ""
[2.636s] -- Up-to-date: /home/jimmy/ros2_robo2axis/install/robo2axis_data_strcs/include/robo2axis_data_strcs/robo2axis_data_strcs
[2.636s] -- Up-to-date: /home/jimmy/ros2_robo2axis/install/robo2axis_data_strcs/include/robo2axis_data_strcs/robo2axis_data_strcs/msg
[2.636s] -- Installing: /home/jimmy/ros2_robo2axis/install/robo2axis_data_strcs/include/robo2axis_data_strcs/robo2axis_data_strcs/msg/rosidl_typesupport_fastrtps_c__visibility_control.h
[2.636s] -- Up-to-date: /home/jimmy/ros2_robo2axis/install/robo2axis_data_strcs/include/robo2axis_data_strcs/robo2axis_data_strcs/msg/detail
[2.636s] -- Installing: /home/jimmy/ros2_robo2axis/install/robo2axis_data_strcs/include/robo2axis_data_strcs/robo2axis_data_strcs/msg/detail/encoder_counts__rosidl_typesupport_fastrtps_c.h
[2.636s] -- Installing: /home/jimmy/ros2_robo2axis/install/robo2axis_data_strcs/lib/librobo2axis_data_strcs__rosidl_typesupport_fastrtps_c.so
[2.637s] -- Set runtime path of "/home/jimmy/ros2_robo2axis/install/robo2axis_data_strcs/lib/librobo2axis_data_strcs__rosidl_typesupport_fastrtps_c.so" to ""
[2.637s] -- Up-to-date: /home/jimmy/ros2_robo2axis/install/robo2axis_data_strcs/include/robo2axis_data_strcs/robo2axis_data_strcs
[2.637s] -- Up-to-date: /home/jimmy/ros2_robo2axis/install/robo2axis_data_strcs/include/robo2axis_data_strcs/robo2axis_data_strcs/msg
[2.637s] -- Installing: /home/jimmy/ros2_robo2axis/install/robo2axis_data_strcs/include/robo2axis_data_strcs/robo2axis_data_strcs/msg/rosidl_typesupport_introspection_c__visibility_control.h
[2.637s] -- Up-to-date: /home/jimmy/ros2_robo2axis/install/robo2axis_data_strcs/include/robo2axis_data_strcs/robo2axis_data_strcs/msg/detail
[2.637s] -- Installing: /home/jimmy/ros2_robo2axis/install/robo2axis_data_strcs/include/robo2axis_data_strcs/robo2axis_data_strcs/msg/detail/encoder_counts__rosidl_typesupport_introspection_c.h
[2.637s] -- Installing: /home/jimmy/ros2_robo2axis/install/robo2axis_data_strcs/include/robo2axis_data_strcs/robo2axis_data_strcs/msg/detail/encoder_counts__type_support.c
[2.637s] -- Installing: /home/jimmy/ros2_robo2axis/install/robo2axis_data_strcs/lib/librobo2axis_data_strcs__rosidl_typesupport_introspection_c.so
[2.638s] -- Set runtime path of "/home/jimmy/ros2_robo2axis/install/robo2axis_data_strcs/lib/librobo2axis_data_strcs__rosidl_typesupport_introspection_c.so" to ""
[2.638s] -- Installing: /home/jimmy/ros2_robo2axis/install/robo2axis_data_strcs/lib/librobo2axis_data_strcs__rosidl_typesupport_c.so
[2.638s] -- Set runtime path of "/home/jimmy/ros2_robo2axis/install/robo2axis_data_strcs/lib/librobo2axis_data_strcs__rosidl_typesupport_c.so" to ""
[2.638s] -- Up-to-date: /home/jimmy/ros2_robo2axis/install/robo2axis_data_strcs/include/robo2axis_data_strcs/robo2axis_data_strcs
[2.638s] -- Up-to-date: /home/jimmy/ros2_robo2axis/install/robo2axis_data_strcs/include/robo2axis_data_strcs/robo2axis_data_strcs/msg
[2.638s] -- Installing: /home/jimmy/ros2_robo2axis/install/robo2axis_data_strcs/include/robo2axis_data_strcs/robo2axis_data_strcs/msg/encoder_counts.hpp
[2.638s] -- Up-to-date: /home/jimmy/ros2_robo2axis/install/robo2axis_data_strcs/include/robo2axis_data_strcs/robo2axis_data_strcs/msg/detail
[2.638s] -- Installing: /home/jimmy/ros2_robo2axis/install/robo2axis_data_strcs/include/robo2axis_data_strcs/robo2axis_data_strcs/msg/detail/encoder_counts__builder.hpp
[2.638s] -- Installing: /home/jimmy/ros2_robo2axis/install/robo2axis_data_strcs/include/robo2axis_data_strcs/robo2axis_data_strcs/msg/detail/encoder_counts__traits.hpp
[2.638s] -- Installing: /home/jimmy/ros2_robo2axis/install/robo2axis_data_strcs/include/robo2axis_data_strcs/robo2axis_data_strcs/msg/detail/encoder_counts__struct.hpp
[2.639s] -- Up-to-date: /home/jimmy/ros2_robo2axis/install/robo2axis_data_strcs/include/robo2axis_data_strcs/robo2axis_data_strcs
[2.639s] -- Up-to-date: /home/jimmy/ros2_robo2axis/install/robo2axis_data_strcs/include/robo2axis_data_strcs/robo2axis_data_strcs/msg
[2.639s] -- Installing: /home/jimmy/ros2_robo2axis/install/robo2axis_data_strcs/include/robo2axis_data_strcs/robo2axis_data_strcs/msg/rosidl_typesupport_fastrtps_cpp__visibility_control.h
[2.639s] -- Up-to-date: /home/jimmy/ros2_robo2axis/install/robo2axis_data_strcs/include/robo2axis_data_strcs/robo2axis_data_strcs/msg/detail
[2.639s] -- Installing: /home/jimmy/ros2_robo2axis/install/robo2axis_data_strcs/include/robo2axis_data_strcs/robo2axis_data_strcs/msg/detail/dds_fastrtps
[2.639s] -- Installing: /home/jimmy/ros2_robo2axis/install/robo2axis_data_strcs/include/robo2axis_data_strcs/robo2axis_data_strcs/msg/detail/encoder_counts__rosidl_typesupport_fastrtps_cpp.hpp
[2.639s] -- Installing: /home/jimmy/ros2_robo2axis/install/robo2axis_data_strcs/lib/librobo2axis_data_strcs__rosidl_typesupport_fastrtps_cpp.so
[2.639s] -- Set runtime path of "/home/jimmy/ros2_robo2axis/install/robo2axis_data_strcs/lib/librobo2axis_data_strcs__rosidl_typesupport_fastrtps_cpp.so" to ""
[2.639s] -- Up-to-date: /home/jimmy/ros2_robo2axis/install/robo2axis_data_strcs/include/robo2axis_data_strcs/robo2axis_data_strcs
[2.639s] -- Up-to-date: /home/jimmy/ros2_robo2axis/install/robo2axis_data_strcs/include/robo2axis_data_strcs/robo2axis_data_strcs/msg
[2.640s] -- Up-to-date: /home/jimmy/ros2_robo2axis/install/robo2axis_data_strcs/include/robo2axis_data_strcs/robo2axis_data_strcs/msg/detail
[2.640s] -- Installing: /home/jimmy/ros2_robo2axis/install/robo2axis_data_strcs/include/robo2axis_data_strcs/robo2axis_data_strcs/msg/detail/encoder_counts__type_support.cpp
[2.640s] -- Installing: /home/jimmy/ros2_robo2axis/install/robo2axis_data_strcs/include/robo2axis_data_strcs/robo2axis_data_strcs/msg/detail/encoder_counts__rosidl_typesupport_introspection_cpp.hpp
[2.640s] -- Installing: /home/jimmy/ros2_robo2axis/install/robo2axis_data_strcs/lib/librobo2axis_data_strcs__rosidl_typesupport_introspection_cpp.so
[2.640s] -- Set runtime path of "/home/jimmy/ros2_robo2axis/install/robo2axis_data_strcs/lib/librobo2axis_data_strcs__rosidl_typesupport_introspection_cpp.so" to ""
[2.640s] -- Installing: /home/jimmy/ros2_robo2axis/install/robo2axis_data_strcs/lib/librobo2axis_data_strcs__rosidl_typesupport_cpp.so
[2.640s] -- Set runtime path of "/home/jimmy/ros2_robo2axis/install/robo2axis_data_strcs/lib/librobo2axis_data_strcs__rosidl_typesupport_cpp.so" to ""
[2.640s] -- Installing: /home/jimmy/ros2_robo2axis/install/robo2axis_data_strcs/share/robo2axis_data_strcs/environment/pythonpath.sh
[2.641s] -- Installing: /home/jimmy/ros2_robo2axis/install/robo2axis_data_strcs/share/robo2axis_data_strcs/environment/pythonpath.dsv
[2.641s] -- Installing: /home/jimmy/ros2_robo2axis/install/robo2axis_data_strcs/local/lib/python3.10/dist-packages/robo2axis_data_strcs-0.0.0-py3.10.egg-info
[2.641s] -- Installing: /home/jimmy/ros2_robo2axis/install/robo2axis_data_strcs/local/lib/python3.10/dist-packages/robo2axis_data_strcs-0.0.0-py3.10.egg-info/top_level.txt
[2.641s] -- Installing: /home/jimmy/ros2_robo2axis/install/robo2axis_data_strcs/local/lib/python3.10/dist-packages/robo2axis_data_strcs-0.0.0-py3.10.egg-info/SOURCES.txt
[2.641s] -- Installing: /home/jimmy/ros2_robo2axis/install/robo2axis_data_strcs/local/lib/python3.10/dist-packages/robo2axis_data_strcs-0.0.0-py3.10.egg-info/PKG-INFO
[2.641s] -- Installing: /home/jimmy/ros2_robo2axis/install/robo2axis_data_strcs/local/lib/python3.10/dist-packages/robo2axis_data_strcs-0.0.0-py3.10.egg-info/dependency_links.txt
[2.641s] -- Installing: /home/jimmy/ros2_robo2axis/install/robo2axis_data_strcs/local/lib/python3.10/dist-packages/robo2axis_data_strcs
[2.642s] -- Installing: /home/jimmy/ros2_robo2axis/install/robo2axis_data_strcs/local/lib/python3.10/dist-packages/robo2axis_data_strcs/librobo2axis_data_strcs__rosidl_generator_py.so
[2.642s] -- Installing: /home/jimmy/ros2_robo2axis/install/robo2axis_data_strcs/local/lib/python3.10/dist-packages/robo2axis_data_strcs/robo2axis_data_strcs_s__rosidl_typesupport_c.cpython-310-x86_64-linux-gnu.so
[2.642s] -- Installing: /home/jimmy/ros2_robo2axis/install/robo2axis_data_strcs/local/lib/python3.10/dist-packages/robo2axis_data_strcs/_robo2axis_data_strcs_s.ep.rosidl_typesupport_introspection_c.c
[2.642s] -- Installing: /home/jimmy/ros2_robo2axis/install/robo2axis_data_strcs/local/lib/python3.10/dist-packages/robo2axis_data_strcs/robo2axis_data_strcs_s__rosidl_typesupport_fastrtps_c.cpython-310-x86_64-linux-gnu.so
[2.642s] -- Installing: /home/jimmy/ros2_robo2axis/install/robo2axis_data_strcs/local/lib/python3.10/dist-packages/robo2axis_data_strcs/_robo2axis_data_strcs_s.ep.rosidl_typesupport_c.c
[2.642s] -- Installing: /home/jimmy/ros2_robo2axis/install/robo2axis_data_strcs/local/lib/python3.10/dist-packages/robo2axis_data_strcs/robo2axis_data_strcs_s__rosidl_typesupport_introspection_c.cpython-310-x86_64-linux-gnu.so
[2.642s] -- Installing: /home/jimmy/ros2_robo2axis/install/robo2axis_data_strcs/local/lib/python3.10/dist-packages/robo2axis_data_strcs/_robo2axis_data_strcs_s.ep.rosidl_typesupport_fastrtps_c.c
[2.642s] -- Installing: /home/jimmy/ros2_robo2axis/install/robo2axis_data_strcs/local/lib/python3.10/dist-packages/robo2axis_data_strcs/msg
[2.642s] -- Installing: /home/jimmy/ros2_robo2axis/install/robo2axis_data_strcs/local/lib/python3.10/dist-packages/robo2axis_data_strcs/msg/_encoder_counts_s.c
[2.642s] -- Installing: /home/jimmy/ros2_robo2axis/install/robo2axis_data_strcs/local/lib/python3.10/dist-packages/robo2axis_data_strcs/msg/_encoder_counts.py
[2.642s] -- Installing: /home/jimmy/ros2_robo2axis/install/robo2axis_data_strcs/local/lib/python3.10/dist-packages/robo2axis_data_strcs/msg/__init__.py
[2.642s] -- Installing: /home/jimmy/ros2_robo2axis/install/robo2axis_data_strcs/local/lib/python3.10/dist-packages/robo2axis_data_strcs/__init__.py
[2.673s] Listing '/home/jimmy/ros2_robo2axis/install/robo2axis_data_strcs/local/lib/python3.10/dist-packages/robo2axis_data_strcs'...
[2.673s] Compiling '/home/jimmy/ros2_robo2axis/install/robo2axis_data_strcs/local/lib/python3.10/dist-packages/robo2axis_data_strcs/__init__.py'...
[2.673s] Listing '/home/jimmy/ros2_robo2axis/install/robo2axis_data_strcs/local/lib/python3.10/dist-packages/robo2axis_data_strcs/msg'...
[2.673s] Compiling '/home/jimmy/ros2_robo2axis/install/robo2axis_data_strcs/local/lib/python3.10/dist-packages/robo2axis_data_strcs/msg/__init__.py'...
[2.673s] Compiling '/home/jimmy/ros2_robo2axis/install/robo2axis_data_strcs/local/lib/python3.10/dist-packages/robo2axis_data_strcs/msg/_encoder_counts.py'...
[2.677s] -- Installing: /home/jimmy/ros2_robo2axis/install/robo2axis_data_strcs/local/lib/python3.10/dist-packages/robo2axis_data_strcs/robo2axis_data_strcs_s__rosidl_typesupport_fastrtps_c.cpython-310-x86_64-linux-gnu.so
[2.677s] -- Set runtime path of "/home/jimmy/ros2_robo2axis/install/robo2axis_data_strcs/local/lib/python3.10/dist-packages/robo2axis_data_strcs/robo2axis_data_strcs_s__rosidl_typesupport_fastrtps_c.cpython-310-x86_64-linux-gnu.so" to ""
[2.677s] -- Installing: /home/jimmy/ros2_robo2axis/install/robo2axis_data_strcs/local/lib/python3.10/dist-packages/robo2axis_data_strcs/robo2axis_data_strcs_s__rosidl_typesupport_introspection_c.cpython-310-x86_64-linux-gnu.so
[2.678s] -- Set runtime path of "/home/jimmy/ros2_robo2axis/install/robo2axis_data_strcs/local/lib/python3.10/dist-packages/robo2axis_data_strcs/robo2axis_data_strcs_s__rosidl_typesupport_introspection_c.cpython-310-x86_64-linux-gnu.so" to ""
[2.678s] -- Installing: /home/jimmy/ros2_robo2axis/install/robo2axis_data_strcs/local/lib/python3.10/dist-packages/robo2axis_data_strcs/robo2axis_data_strcs_s__rosidl_typesupport_c.cpython-310-x86_64-linux-gnu.so
[2.678s] -- Set runtime path of "/home/jimmy/ros2_robo2axis/install/robo2axis_data_strcs/local/lib/python3.10/dist-packages/robo2axis_data_strcs/robo2axis_data_strcs_s__rosidl_typesupport_c.cpython-310-x86_64-linux-gnu.so" to ""
[2.678s] -- Installing: /home/jimmy/ros2_robo2axis/install/robo2axis_data_strcs/lib/librobo2axis_data_strcs__rosidl_generator_py.so
[2.679s] -- Set runtime path of "/home/jimmy/ros2_robo2axis/install/robo2axis_data_strcs/lib/librobo2axis_data_strcs__rosidl_generator_py.so" to ""
[2.679s] -- Installing: /home/jimmy/ros2_robo2axis/install/robo2axis_data_strcs/share/robo2axis_data_strcs/msg/EncoderCounts.idl
[2.679s] -- Installing: /home/jimmy/ros2_robo2axis/install/robo2axis_data_strcs/share/robo2axis_data_strcs/msg/EncoderCounts.msg
[2.679s] -- Installing: /home/jimmy/ros2_robo2axis/install/robo2axis_data_strcs/share/ament_index/resource_index/package_run_dependencies/robo2axis_data_strcs
[2.679s] -- Installing: /home/jimmy/ros2_robo2axis/install/robo2axis_data_strcs/share/ament_index/resource_index/parent_prefix_path/robo2axis_data_strcs
[2.679s] -- Installing: /home/jimmy/ros2_robo2axis/install/robo2axis_data_strcs/share/robo2axis_data_strcs/environment/ament_prefix_path.sh
[2.679s] -- Installing: /home/jimmy/ros2_robo2axis/install/robo2axis_data_strcs/share/robo2axis_data_strcs/environment/ament_prefix_path.dsv
[2.679s] -- Installing: /home/jimmy/ros2_robo2axis/install/robo2axis_data_strcs/share/robo2axis_data_strcs/environment/path.sh
[2.680s] -- Installing: /home/jimmy/ros2_robo2axis/install/robo2axis_data_strcs/share/robo2axis_data_strcs/environment/path.dsv
[2.680s] -- Installing: /home/jimmy/ros2_robo2axis/install/robo2axis_data_strcs/share/robo2axis_data_strcs/local_setup.bash
[2.680s] -- Installing: /home/jimmy/ros2_robo2axis/install/robo2axis_data_strcs/share/robo2axis_data_strcs/local_setup.sh
[2.680s] -- Installing: /home/jimmy/ros2_robo2axis/install/robo2axis_data_strcs/share/robo2axis_data_strcs/local_setup.zsh
[2.680s] -- Installing: /home/jimmy/ros2_robo2axis/install/robo2axis_data_strcs/share/robo2axis_data_strcs/local_setup.dsv
[2.680s] -- Installing: /home/jimmy/ros2_robo2axis/install/robo2axis_data_strcs/share/robo2axis_data_strcs/package.dsv
[2.680s] -- Installing: /home/jimmy/ros2_robo2axis/install/robo2axis_data_strcs/share/ament_index/resource_index/packages/robo2axis_data_strcs
[2.680s] -- Installing: /home/jimmy/ros2_robo2axis/install/robo2axis_data_strcs/share/robo2axis_data_strcs/cmake/export_robo2axis_data_strcs__rosidl_generator_cExport.cmake
[2.681s] -- Installing: /home/jimmy/ros2_robo2axis/install/robo2axis_data_strcs/share/robo2axis_data_strcs/cmake/export_robo2axis_data_strcs__rosidl_generator_cExport-noconfig.cmake
[2.681s] -- Installing: /home/jimmy/ros2_robo2axis/install/robo2axis_data_strcs/share/robo2axis_data_strcs/cmake/export_robo2axis_data_strcs__rosidl_typesupport_fastrtps_cExport.cmake
[2.681s] -- Installing: /home/jimmy/ros2_robo2axis/install/robo2axis_data_strcs/share/robo2axis_data_strcs/cmake/export_robo2axis_data_strcs__rosidl_typesupport_fastrtps_cExport-noconfig.cmake
[2.681s] -- Installing: /home/jimmy/ros2_robo2axis/install/robo2axis_data_strcs/share/robo2axis_data_strcs/cmake/robo2axis_data_strcs__rosidl_typesupport_introspection_cExport.cmake
[2.681s] -- Installing: /home/jimmy/ros2_robo2axis/install/robo2axis_data_strcs/share/robo2axis_data_strcs/cmake/robo2axis_data_strcs__rosidl_typesupport_introspection_cExport-noconfig.cmake
[2.681s] -- Installing: /home/jimmy/ros2_robo2axis/install/robo2axis_data_strcs/share/robo2axis_data_strcs/cmake/robo2axis_data_strcs__rosidl_typesupport_cExport.cmake
[2.681s] -- Installing: /home/jimmy/ros2_robo2axis/install/robo2axis_data_strcs/share/robo2axis_data_strcs/cmake/robo2axis_data_strcs__rosidl_typesupport_cExport-noconfig.cmake
[2.681s] -- Installing: /home/jimmy/ros2_robo2axis/install/robo2axis_data_strcs/share/robo2axis_data_strcs/cmake/export_robo2axis_data_strcs__rosidl_generator_cppExport.cmake
[2.682s] -- Installing: /home/jimmy/ros2_robo2axis/install/robo2axis_data_strcs/share/robo2axis_data_strcs/cmake/export_robo2axis_data_strcs__rosidl_typesupport_fastrtps_cppExport.cmake
[2.682s] -- Installing: /home/jimmy/ros2_robo2axis/install/robo2axis_data_strcs/share/robo2axis_data_strcs/cmake/export_robo2axis_data_strcs__rosidl_typesupport_fastrtps_cppExport-noconfig.cmake
[2.682s] -- Installing: /home/jimmy/ros2_robo2axis/install/robo2axis_data_strcs/share/robo2axis_data_strcs/cmake/robo2axis_data_strcs__rosidl_typesupport_introspection_cppExport.cmake
[2.682s] -- Installing: /home/jimmy/ros2_robo2axis/install/robo2axis_data_strcs/share/robo2axis_data_strcs/cmake/robo2axis_data_strcs__rosidl_typesupport_introspection_cppExport-noconfig.cmake
[2.682s] -- Installing: /home/jimmy/ros2_robo2axis/install/robo2axis_data_strcs/share/robo2axis_data_strcs/cmake/robo2axis_data_strcs__rosidl_typesupport_cppExport.cmake
[2.682s] -- Installing: /home/jimmy/ros2_robo2axis/install/robo2axis_data_strcs/share/robo2axis_data_strcs/cmake/robo2axis_data_strcs__rosidl_typesupport_cppExport-noconfig.cmake
[2.682s] -- Installing: /home/jimmy/ros2_robo2axis/install/robo2axis_data_strcs/share/robo2axis_data_strcs/cmake/export_robo2axis_data_strcs__rosidl_generator_pyExport.cmake
[2.682s] -- Installing: /home/jimmy/ros2_robo2axis/install/robo2axis_data_strcs/share/robo2axis_data_strcs/cmake/export_robo2axis_data_strcs__rosidl_generator_pyExport-noconfig.cmake
[2.683s] -- Installing: /home/jimmy/ros2_robo2axis/install/robo2axis_data_strcs/share/robo2axis_data_strcs/cmake/rosidl_cmake-extras.cmake
[2.683s] -- Installing: /home/jimmy/ros2_robo2axis/install/robo2axis_data_strcs/share/robo2axis_data_strcs/cmake/ament_cmake_export_include_directories-extras.cmake
[2.683s] -- Installing: /home/jimmy/ros2_robo2axis/install/robo2axis_data_strcs/share/robo2axis_data_strcs/cmake/ament_cmake_export_libraries-extras.cmake
[2.683s] -- Installing: /home/jimmy/ros2_robo2axis/install/robo2axis_data_strcs/share/robo2axis_data_strcs/cmake/ament_cmake_export_targets-extras.cmake
[2.683s] -- Installing: /home/jimmy/ros2_robo2axis/install/robo2axis_data_strcs/share/robo2axis_data_strcs/cmake/rosidl_cmake_export_typesupport_targets-extras.cmake
[2.683s] -- Installing: /home/jimmy/ros2_robo2axis/install/robo2axis_data_strcs/share/robo2axis_data_strcs/cmake/ament_cmake_export_dependencies-extras.cmake
[2.683s] -- Installing: /home/jimmy/ros2_robo2axis/install/robo2axis_data_strcs/share/robo2axis_data_strcs/cmake/rosidl_cmake_export_typesupport_libraries-extras.cmake
[2.683s] -- Installing: /home/jimmy/ros2_robo2axis/install/robo2axis_data_strcs/share/robo2axis_data_strcs/cmake/robo2axis_data_strcsConfig.cmake
[2.683s] -- Installing: /home/jimmy/ros2_robo2axis/install/robo2axis_data_strcs/share/robo2axis_data_strcs/cmake/robo2axis_data_strcsConfig-version.cmake
[2.684s] -- Installing: /home/jimmy/ros2_robo2axis/install/robo2axis_data_strcs/share/robo2axis_data_strcs/package.xml
[2.686s] Invoked command in '/home/jimmy/ros2_robo2axis/build/robo2axis_data_strcs' returned '0': CMAKE_PREFIX_PATH=/opt/ros/humble /usr/bin/cmake --install /home/jimmy/ros2_robo2axis/build/robo2axis_data_strcs
