[0.959s] Invoking command in '/home/jimmy/ros2_robo2axis/src/robo2axis_PID': AMENT_PREFIX_PATH=/home/jimmy/ros2_robo2axis/install/robo2axis_data_strcs:${AMENT_PREFIX_PATH} CMAKE_PREFIX_PATH=/home/jimmy/ros2_robo2axis/install/robo2axis_data_strcs LD_LIBRARY_PATH=/home/jimmy/ros2_robo2axis/install/robo2axis_data_strcs/lib:${LD_LIBRARY_PATH} PYTHONPATH=/home/jimmy/ros2_robo2axis/build/robo2axis_PID/prefix_override:/home/jimmy/ros2_robo2axis/install/robo2axis_PID/lib/python3.10/site-packages:/home/jimmy/ros2_robo2axis/install/robo2axis_data_strcs/local/lib/python3.10/dist-packages:${PYTHONPATH} /usr/bin/python3 setup.py egg_info --egg-base ../../build/robo2axis_PID build --build-base /home/jimmy/ros2_robo2axis/build/robo2axis_PID/build install --record /home/jimmy/ros2_robo2axis/build/robo2axis_PID/install.log --single-version-externally-managed
[1.164s] running egg_info
[1.165s] creating ../../build/robo2axis_PID/robo2axis_PID.egg-info
[1.166s] writing ../../build/robo2axis_PID/robo2axis_PID.egg-info/PKG-INFO
[1.166s] writing dependency_links to ../../build/robo2axis_PID/robo2axis_PID.egg-info/dependency_links.txt
[1.166s] writing entry points to ../../build/robo2axis_PID/robo2axis_PID.egg-info/entry_points.txt
[1.166s] writing requirements to ../../build/robo2axis_PID/robo2axis_PID.egg-info/requires.txt
[1.166s] writing top-level names to ../../build/robo2axis_PID/robo2axis_PID.egg-info/top_level.txt
[1.166s] writing manifest file '../../build/robo2axis_PID/robo2axis_PID.egg-info/SOURCES.txt'
[1.168s] reading manifest file '../../build/robo2axis_PID/robo2axis_PID.egg-info/SOURCES.txt'
[1.169s] writing manifest file '../../build/robo2axis_PID/robo2axis_PID.egg-info/SOURCES.txt'
[1.169s] running build
[1.169s] running build_py
[1.169s] creating /home/jimmy/ros2_robo2axis/build/robo2axis_PID/build
[1.170s] creating /home/jimmy/ros2_robo2axis/build/robo2axis_PID/build/lib
[1.170s] creating /home/jimmy/ros2_robo2axis/build/robo2axis_PID/build/lib/robo2axis_PID
[1.170s] copying robo2axis_PID/Axis_Controller.py -> /home/jimmy/ros2_robo2axis/build/robo2axis_PID/build/lib/robo2axis_PID
[1.170s] copying robo2axis_PID/__init__.py -> /home/jimmy/ros2_robo2axis/build/robo2axis_PID/build/lib/robo2axis_PID
[1.170s] running install
[1.170s] /usr/lib/python3/dist-packages/setuptools/command/install.py:34: SetuptoolsDeprecationWarning: setup.py install is deprecated. Use build and pip and other standards-based tools.
[1.170s]   warnings.warn(
[1.170s] running install_lib
[1.171s] creating /home/jimmy/ros2_robo2axis/install/robo2axis_PID/lib/python3.10/site-packages/robo2axis_PID
[1.171s] copying /home/jimmy/ros2_robo2axis/build/robo2axis_PID/build/lib/robo2axis_PID/Axis_Controller.py -> /home/jimmy/ros2_robo2axis/install/robo2axis_PID/lib/python3.10/site-packages/robo2axis_PID
[1.171s] copying /home/jimmy/ros2_robo2axis/build/robo2axis_PID/build/lib/robo2axis_PID/__init__.py -> /home/jimmy/ros2_robo2axis/install/robo2axis_PID/lib/python3.10/site-packages/robo2axis_PID
[1.172s] byte-compiling /home/jimmy/ros2_robo2axis/install/robo2axis_PID/lib/python3.10/site-packages/robo2axis_PID/Axis_Controller.py to Axis_Controller.cpython-310.pyc
[1.172s] byte-compiling /home/jimmy/ros2_robo2axis/install/robo2axis_PID/lib/python3.10/site-packages/robo2axis_PID/__init__.py to __init__.cpython-310.pyc
[1.172s] running install_data
[1.173s] creating /home/jimmy/ros2_robo2axis/install/robo2axis_PID/share/ament_index
[1.173s] creating /home/jimmy/ros2_robo2axis/install/robo2axis_PID/share/ament_index/resource_index
[1.173s] creating /home/jimmy/ros2_robo2axis/install/robo2axis_PID/share/ament_index/resource_index/packages
[1.173s] copying resource/robo2axis_PID -> /home/jimmy/ros2_robo2axis/install/robo2axis_PID/share/ament_index/resource_index/packages
[1.173s] copying package.xml -> /home/jimmy/ros2_robo2axis/install/robo2axis_PID/share/robo2axis_PID
[1.173s] running install_egg_info
[1.175s] Copying ../../build/robo2axis_PID/robo2axis_PID.egg-info to /home/jimmy/ros2_robo2axis/install/robo2axis_PID/lib/python3.10/site-packages/robo2axis_PID-0.0.0-py3.10.egg-info
[1.176s] running install_scripts
[1.194s] Installing robo2axis_PID script to /home/jimmy/ros2_robo2axis/install/robo2axis_PID/lib/robo2axis_PID
[1.194s] writing list of installed files to '/home/jimmy/ros2_robo2axis/build/robo2axis_PID/install.log'
[1.218s] Invoked command in '/home/jimmy/ros2_robo2axis/src/robo2axis_PID' returned '0': AMENT_PREFIX_PATH=/home/jimmy/ros2_robo2axis/install/robo2axis_data_strcs:${AMENT_PREFIX_PATH} CMAKE_PREFIX_PATH=/home/jimmy/ros2_robo2axis/install/robo2axis_data_strcs LD_LIBRARY_PATH=/home/jimmy/ros2_robo2axis/install/robo2axis_data_strcs/lib:${LD_LIBRARY_PATH} PYTHONPATH=/home/jimmy/ros2_robo2axis/build/robo2axis_PID/prefix_override:/home/jimmy/ros2_robo2axis/install/robo2axis_PID/lib/python3.10/site-packages:/home/jimmy/ros2_robo2axis/install/robo2axis_data_strcs/local/lib/python3.10/dist-packages:${PYTHONPATH} /usr/bin/python3 setup.py egg_info --egg-base ../../build/robo2axis_PID build --build-base /home/jimmy/ros2_robo2axis/build/robo2axis_PID/build install --record /home/jimmy/ros2_robo2axis/build/robo2axis_PID/install.log --single-version-externally-managed
