-- Found ament_cmake: 1.3.7 (/opt/ros/humble/share/ament_cmake/cmake)
-- Found rosidl_default_generators: 1.2.0 (/opt/ros/humble/share/rosidl_default_generators/cmake)
-- Using all available rosidl_typesupport_c: rosidl_typesupport_fastrtps_c;rosidl_typesupport_introspection_c
-- Found rosidl_adapter: 3.1.5 (/opt/ros/humble/share/rosidl_adapter/cmake)
-- Using all available rosidl_typesupport_cpp: rosidl_typesupport_fastrtps_cpp;rosidl_typesupport_introspection_cpp
-- Found ament_cmake_ros: 0.10.0 (/opt/ros/humble/share/ament_cmake_ros/cmake)
-- Using all available rosidl_typesupport_c: rosidl_typesupport_fastrtps_c;rosidl_typesupport_introspection_c
-- Using all available rosidl_typesupport_cpp: rosidl_typesupport_fastrtps_cpp;rosidl_typesupport_introspection_cpp
-- Found python_cmake_module: 0.10.0 (/opt/ros/humble/share/python_cmake_module/cmake)
-- Using PYTHON_EXECUTABLE: /usr/bin/python3
-- Using PYTHON_INCLUDE_DIRS: /usr/include/python3.10
-- Using PYTHON_LIBRARIES: /usr/lib/x86_64-linux-gnu/libpython3.10.so
-- Found ament_lint_auto: 0.12.10 (/opt/ros/humble/share/ament_lint_auto/cmake)
-- Added test 'lint_cmake' to check CMake code style
-- Added test 'xmllint' to check XML markup files
-- Configuring done
-- Generating done
-- Build files have been written to: /home/jimmy/ros2_robo2axis/build/robo2axis_data_strcs
[  2%] [34m[1mGenerating C code for ROS interfaces[0m
[  5%] [34m[1mGenerating C++ code for ROS interfaces[0m
[  5%] Built target ament_cmake_python_copy_robo2axis_data_strcs
running egg_info
writing robo2axis_data_strcs.egg-info/PKG-INFO
writing dependency_links to robo2axis_data_strcs.egg-info/dependency_links.txt
writing top-level names to robo2axis_data_strcs.egg-info/top_level.txt
[  5%] Built target robo2axis_data_strcs__cpp
reading manifest file 'robo2axis_data_strcs.egg-info/SOURCES.txt'
writing manifest file 'robo2axis_data_strcs.egg-info/SOURCES.txt'
[ 10%] [34m[1mGenerating C++ type support for eProsima Fast-RTPS[0m
[ 10%] [34m[1mGenerating C++ type support dispatch for ROS interfaces[0m
[ 12%] [34m[1mGenerating C++ introspection for ROS interfaces[0m
[ 12%] Built target ament_cmake_python_build_robo2axis_data_strcs_egg
[35m[1mConsolidate compiler generated dependencies of target robo2axis_data_strcs__rosidl_generator_c[0m
[ 17%] [32mBuilding C object CMakeFiles/robo2axis_data_strcs__rosidl_generator_c.dir/rosidl_generator_c/robo2axis_data_strcs/msg/detail/duty_cycle__functions.c.o[0m
[ 17%] [32mBuilding C object CMakeFiles/robo2axis_data_strcs__rosidl_generator_c.dir/rosidl_generator_c/robo2axis_data_strcs/msg/detail/encoder_counts__functions.c.o[0m
[35m[1mConsolidate compiler generated dependencies of target robo2axis_data_strcs__rosidl_typesupport_cpp[0m
[ 20%] [32m[1mLinking C shared library librobo2axis_data_strcs__rosidl_generator_c.so[0m
[ 25%] [32mBuilding CXX object CMakeFiles/robo2axis_data_strcs__rosidl_typesupport_cpp.dir/rosidl_typesupport_cpp/robo2axis_data_strcs/msg/duty_cycle__type_support.cpp.o[0m
[ 25%] [32mBuilding CXX object CMakeFiles/robo2axis_data_strcs__rosidl_typesupport_cpp.dir/rosidl_typesupport_cpp/robo2axis_data_strcs/msg/encoder_counts__type_support.cpp.o[0m
[35m[1mConsolidate compiler generated dependencies of target robo2axis_data_strcs__rosidl_typesupport_introspection_cpp[0m
[ 28%] [32mBuilding CXX object CMakeFiles/robo2axis_data_strcs__rosidl_typesupport_introspection_cpp.dir/rosidl_typesupport_introspection_cpp/robo2axis_data_strcs/msg/detail/encoder_counts__type_support.cpp.o[0m
[ 30%] [32mBuilding CXX object CMakeFiles/robo2axis_data_strcs__rosidl_typesupport_introspection_cpp.dir/rosidl_typesupport_introspection_cpp/robo2axis_data_strcs/msg/detail/duty_cycle__type_support.cpp.o[0m
[ 30%] Built target robo2axis_data_strcs__rosidl_generator_c
[ 33%] [34m[1mGenerating C introspection for ROS interfaces[0m
[ 35%] [34m[1mGenerating C type support for eProsima Fast-RTPS[0m
[ 38%] [34m[1mGenerating C type support dispatch for ROS interfaces[0m
[35m[1mConsolidate compiler generated dependencies of target robo2axis_data_strcs__rosidl_typesupport_fastrtps_cpp[0m
[ 43%] [32mBuilding CXX object CMakeFiles/robo2axis_data_strcs__rosidl_typesupport_fastrtps_cpp.dir/rosidl_typesupport_fastrtps_cpp/robo2axis_data_strcs/msg/detail/dds_fastrtps/duty_cycle__type_support.cpp.o[0m
[ 43%] [32mBuilding CXX object CMakeFiles/robo2axis_data_strcs__rosidl_typesupport_fastrtps_cpp.dir/rosidl_typesupport_fastrtps_cpp/robo2axis_data_strcs/msg/detail/dds_fastrtps/encoder_counts__type_support.cpp.o[0m
[35m[1mConsolidate compiler generated dependencies of target robo2axis_data_strcs__rosidl_typesupport_c[0m
[ 46%] [32mBuilding CXX object CMakeFiles/robo2axis_data_strcs__rosidl_typesupport_c.dir/rosidl_typesupport_c/robo2axis_data_strcs/msg/duty_cycle__type_support.cpp.o[0m
[ 48%] [32mBuilding CXX object CMakeFiles/robo2axis_data_strcs__rosidl_typesupport_c.dir/rosidl_typesupport_c/robo2axis_data_strcs/msg/encoder_counts__type_support.cpp.o[0m
[ 51%] [32m[1mLinking CXX shared library librobo2axis_data_strcs__rosidl_typesupport_c.so[0m
[ 53%] [32m[1mLinking CXX shared library librobo2axis_data_strcs__rosidl_typesupport_cpp.so[0m
[35m[1mConsolidate compiler generated dependencies of target robo2axis_data_strcs__rosidl_typesupport_introspection_c[0m
[ 53%] Built target robo2axis_data_strcs__rosidl_typesupport_c
[ 56%] [32mBuilding C object CMakeFiles/robo2axis_data_strcs__rosidl_typesupport_introspection_c.dir/rosidl_typesupport_introspection_c/robo2axis_data_strcs/msg/detail/encoder_counts__type_support.c.o[0m
[ 58%] [32mBuilding C object CMakeFiles/robo2axis_data_strcs__rosidl_typesupport_introspection_c.dir/rosidl_typesupport_introspection_c/robo2axis_data_strcs/msg/detail/duty_cycle__type_support.c.o[0m
[35m[1mConsolidate compiler generated dependencies of target robo2axis_data_strcs__rosidl_typesupport_fastrtps_c[0m
[ 61%] [32mBuilding CXX object CMakeFiles/robo2axis_data_strcs__rosidl_typesupport_fastrtps_c.dir/rosidl_typesupport_fastrtps_c/robo2axis_data_strcs/msg/detail/encoder_counts__type_support_c.cpp.o[0m
[ 64%] [32mBuilding CXX object CMakeFiles/robo2axis_data_strcs__rosidl_typesupport_fastrtps_c.dir/rosidl_typesupport_fastrtps_c/robo2axis_data_strcs/msg/detail/duty_cycle__type_support_c.cpp.o[0m
[ 64%] Built target robo2axis_data_strcs__rosidl_typesupport_cpp
[ 66%] [32m[1mLinking C shared library librobo2axis_data_strcs__rosidl_typesupport_introspection_c.so[0m
[ 66%] Built target robo2axis_data_strcs__rosidl_typesupport_introspection_c
[ 69%] [32m[1mLinking CXX shared library librobo2axis_data_strcs__rosidl_typesupport_introspection_cpp.so[0m
[ 71%] [32m[1mLinking CXX shared library librobo2axis_data_strcs__rosidl_typesupport_fastrtps_cpp.so[0m
[ 71%] Built target robo2axis_data_strcs__rosidl_typesupport_introspection_cpp
[ 71%] Built target robo2axis_data_strcs__rosidl_typesupport_fastrtps_cpp
[ 74%] [32m[1mLinking CXX shared library librobo2axis_data_strcs__rosidl_typesupport_fastrtps_c.so[0m
[ 74%] Built target robo2axis_data_strcs__rosidl_typesupport_fastrtps_c
[ 74%] Built target robo2axis_data_strcs
[ 76%] [34m[1mGenerating Python code for ROS interfaces[0m
[ 76%] Built target robo2axis_data_strcs__py
[35m[1mConsolidate compiler generated dependencies of target robo2axis_data_strcs__rosidl_generator_py[0m
[ 82%] [32mBuilding C object CMakeFiles/robo2axis_data_strcs__rosidl_generator_py.dir/rosidl_generator_py/robo2axis_data_strcs/msg/_duty_cycle_s.c.o[0m
[ 82%] [32mBuilding C object CMakeFiles/robo2axis_data_strcs__rosidl_generator_py.dir/rosidl_generator_py/robo2axis_data_strcs/msg/_encoder_counts_s.c.o[0m
[ 84%] [32m[1mLinking C shared library rosidl_generator_py/robo2axis_data_strcs/librobo2axis_data_strcs__rosidl_generator_py.so[0m
[ 84%] Built target robo2axis_data_strcs__rosidl_generator_py
[35m[1mConsolidate compiler generated dependencies of target robo2axis_data_strcs__rosidl_typesupport_introspection_c__pyext[0m
[35m[1mConsolidate compiler generated dependencies of target robo2axis_data_strcs__rosidl_typesupport_c__pyext[0m
[35m[1mConsolidate compiler generated dependencies of target robo2axis_data_strcs__rosidl_typesupport_fastrtps_c__pyext[0m
[ 92%] [32mBuilding C object CMakeFiles/robo2axis_data_strcs__rosidl_typesupport_c__pyext.dir/rosidl_generator_py/robo2axis_data_strcs/_robo2axis_data_strcs_s.ep.rosidl_typesupport_c.c.o[0m
[ 92%] [32mBuilding C object CMakeFiles/robo2axis_data_strcs__rosidl_typesupport_introspection_c__pyext.dir/rosidl_generator_py/robo2axis_data_strcs/_robo2axis_data_strcs_s.ep.rosidl_typesupport_introspection_c.c.o[0m
[ 92%] [32mBuilding C object CMakeFiles/robo2axis_data_strcs__rosidl_typesupport_fastrtps_c__pyext.dir/rosidl_generator_py/robo2axis_data_strcs/_robo2axis_data_strcs_s.ep.rosidl_typesupport_fastrtps_c.c.o[0m
[ 97%] [32m[1mLinking C shared library rosidl_generator_py/robo2axis_data_strcs/robo2axis_data_strcs_s__rosidl_typesupport_c.cpython-310-x86_64-linux-gnu.so[0m
[ 97%] [32m[1mLinking C shared library rosidl_generator_py/robo2axis_data_strcs/robo2axis_data_strcs_s__rosidl_typesupport_introspection_c.cpython-310-x86_64-linux-gnu.so[0m
[100%] [32m[1mLinking C shared library rosidl_generator_py/robo2axis_data_strcs/robo2axis_data_strcs_s__rosidl_typesupport_fastrtps_c.cpython-310-x86_64-linux-gnu.so[0m
[100%] Built target robo2axis_data_strcs__rosidl_typesupport_c__pyext
[100%] Built target robo2axis_data_strcs__rosidl_typesupport_introspection_c__pyext
[100%] Built target robo2axis_data_strcs__rosidl_typesupport_fastrtps_c__pyext
-- Install configuration: ""
-- Installing: /home/jimmy/ros2_robo2axis/install/robo2axis_data_strcs/share/ament_index/resource_index/rosidl_interfaces/robo2axis_data_strcs
-- Up-to-date: /home/jimmy/ros2_robo2axis/install/robo2axis_data_strcs/include/robo2axis_data_strcs/robo2axis_data_strcs
-- Up-to-date: /home/jimmy/ros2_robo2axis/install/robo2axis_data_strcs/include/robo2axis_data_strcs/robo2axis_data_strcs/msg
-- Installing: /home/jimmy/ros2_robo2axis/install/robo2axis_data_strcs/include/robo2axis_data_strcs/robo2axis_data_strcs/msg/encoder_counts.h
-- Up-to-date: /home/jimmy/ros2_robo2axis/install/robo2axis_data_strcs/include/robo2axis_data_strcs/robo2axis_data_strcs/msg/rosidl_generator_c__visibility_control.h
-- Installing: /home/jimmy/ros2_robo2axis/install/robo2axis_data_strcs/include/robo2axis_data_strcs/robo2axis_data_strcs/msg/duty_cycle.h
-- Up-to-date: /home/jimmy/ros2_robo2axis/install/robo2axis_data_strcs/include/robo2axis_data_strcs/robo2axis_data_strcs/msg/detail
-- Installing: /home/jimmy/ros2_robo2axis/install/robo2axis_data_strcs/include/robo2axis_data_strcs/robo2axis_data_strcs/msg/detail/encoder_counts__functions.h
-- Installing: /home/jimmy/ros2_robo2axis/install/robo2axis_data_strcs/include/robo2axis_data_strcs/robo2axis_data_strcs/msg/detail/duty_cycle__functions.c
-- Installing: /home/jimmy/ros2_robo2axis/install/robo2axis_data_strcs/include/robo2axis_data_strcs/robo2axis_data_strcs/msg/detail/duty_cycle__type_support.h
-- Installing: /home/jimmy/ros2_robo2axis/install/robo2axis_data_strcs/include/robo2axis_data_strcs/robo2axis_data_strcs/msg/detail/duty_cycle__struct.h
-- Installing: /home/jimmy/ros2_robo2axis/install/robo2axis_data_strcs/include/robo2axis_data_strcs/robo2axis_data_strcs/msg/detail/duty_cycle__functions.h
-- Installing: /home/jimmy/ros2_robo2axis/install/robo2axis_data_strcs/include/robo2axis_data_strcs/robo2axis_data_strcs/msg/detail/encoder_counts__type_support.h
-- Installing: /home/jimmy/ros2_robo2axis/install/robo2axis_data_strcs/include/robo2axis_data_strcs/robo2axis_data_strcs/msg/detail/encoder_counts__struct.h
-- Installing: /home/jimmy/ros2_robo2axis/install/robo2axis_data_strcs/include/robo2axis_data_strcs/robo2axis_data_strcs/msg/detail/encoder_counts__functions.c
-- Up-to-date: /home/jimmy/ros2_robo2axis/install/robo2axis_data_strcs/share/robo2axis_data_strcs/environment/library_path.sh
-- Installing: /home/jimmy/ros2_robo2axis/install/robo2axis_data_strcs/share/robo2axis_data_strcs/environment/library_path.dsv
-- Installing: /home/jimmy/ros2_robo2axis/install/robo2axis_data_strcs/lib/librobo2axis_data_strcs__rosidl_generator_c.so
-- Set runtime path of "/home/jimmy/ros2_robo2axis/install/robo2axis_data_strcs/lib/librobo2axis_data_strcs__rosidl_generator_c.so" to ""
-- Up-to-date: /home/jimmy/ros2_robo2axis/install/robo2axis_data_strcs/include/robo2axis_data_strcs/robo2axis_data_strcs
-- Up-to-date: /home/jimmy/ros2_robo2axis/install/robo2axis_data_strcs/include/robo2axis_data_strcs/robo2axis_data_strcs/msg
-- Up-to-date: /home/jimmy/ros2_robo2axis/install/robo2axis_data_strcs/include/robo2axis_data_strcs/robo2axis_data_strcs/msg/rosidl_typesupport_fastrtps_c__visibility_control.h
-- Up-to-date: /home/jimmy/ros2_robo2axis/install/robo2axis_data_strcs/include/robo2axis_data_strcs/robo2axis_data_strcs/msg/detail
-- Installing: /home/jimmy/ros2_robo2axis/install/robo2axis_data_strcs/include/robo2axis_data_strcs/robo2axis_data_strcs/msg/detail/encoder_counts__rosidl_typesupport_fastrtps_c.h
-- Installing: /home/jimmy/ros2_robo2axis/install/robo2axis_data_strcs/include/robo2axis_data_strcs/robo2axis_data_strcs/msg/detail/duty_cycle__rosidl_typesupport_fastrtps_c.h
-- Installing: /home/jimmy/ros2_robo2axis/install/robo2axis_data_strcs/lib/librobo2axis_data_strcs__rosidl_typesupport_fastrtps_c.so
-- Set runtime path of "/home/jimmy/ros2_robo2axis/install/robo2axis_data_strcs/lib/librobo2axis_data_strcs__rosidl_typesupport_fastrtps_c.so" to ""
-- Up-to-date: /home/jimmy/ros2_robo2axis/install/robo2axis_data_strcs/include/robo2axis_data_strcs/robo2axis_data_strcs
-- Up-to-date: /home/jimmy/ros2_robo2axis/install/robo2axis_data_strcs/include/robo2axis_data_strcs/robo2axis_data_strcs/msg
-- Up-to-date: /home/jimmy/ros2_robo2axis/install/robo2axis_data_strcs/include/robo2axis_data_strcs/robo2axis_data_strcs/msg/rosidl_typesupport_introspection_c__visibility_control.h
-- Up-to-date: /home/jimmy/ros2_robo2axis/install/robo2axis_data_strcs/include/robo2axis_data_strcs/robo2axis_data_strcs/msg/detail
-- Installing: /home/jimmy/ros2_robo2axis/install/robo2axis_data_strcs/include/robo2axis_data_strcs/robo2axis_data_strcs/msg/detail/duty_cycle__type_support.c
-- Installing: /home/jimmy/ros2_robo2axis/install/robo2axis_data_strcs/include/robo2axis_data_strcs/robo2axis_data_strcs/msg/detail/duty_cycle__rosidl_typesupport_introspection_c.h
-- Installing: /home/jimmy/ros2_robo2axis/install/robo2axis_data_strcs/include/robo2axis_data_strcs/robo2axis_data_strcs/msg/detail/encoder_counts__rosidl_typesupport_introspection_c.h
-- Installing: /home/jimmy/ros2_robo2axis/install/robo2axis_data_strcs/include/robo2axis_data_strcs/robo2axis_data_strcs/msg/detail/encoder_counts__type_support.c
-- Installing: /home/jimmy/ros2_robo2axis/install/robo2axis_data_strcs/lib/librobo2axis_data_strcs__rosidl_typesupport_introspection_c.so
-- Set runtime path of "/home/jimmy/ros2_robo2axis/install/robo2axis_data_strcs/lib/librobo2axis_data_strcs__rosidl_typesupport_introspection_c.so" to ""
-- Installing: /home/jimmy/ros2_robo2axis/install/robo2axis_data_strcs/lib/librobo2axis_data_strcs__rosidl_typesupport_c.so
-- Set runtime path of "/home/jimmy/ros2_robo2axis/install/robo2axis_data_strcs/lib/librobo2axis_data_strcs__rosidl_typesupport_c.so" to ""
-- Up-to-date: /home/jimmy/ros2_robo2axis/install/robo2axis_data_strcs/include/robo2axis_data_strcs/robo2axis_data_strcs
-- Up-to-date: /home/jimmy/ros2_robo2axis/install/robo2axis_data_strcs/include/robo2axis_data_strcs/robo2axis_data_strcs/msg
-- Installing: /home/jimmy/ros2_robo2axis/install/robo2axis_data_strcs/include/robo2axis_data_strcs/robo2axis_data_strcs/msg/encoder_counts.hpp
-- Installing: /home/jimmy/ros2_robo2axis/install/robo2axis_data_strcs/include/robo2axis_data_strcs/robo2axis_data_strcs/msg/duty_cycle.hpp
-- Up-to-date: /home/jimmy/ros2_robo2axis/install/robo2axis_data_strcs/include/robo2axis_data_strcs/robo2axis_data_strcs/msg/detail
-- Installing: /home/jimmy/ros2_robo2axis/install/robo2axis_data_strcs/include/robo2axis_data_strcs/robo2axis_data_strcs/msg/detail/encoder_counts__builder.hpp
-- Installing: /home/jimmy/ros2_robo2axis/install/robo2axis_data_strcs/include/robo2axis_data_strcs/robo2axis_data_strcs/msg/detail/encoder_counts__traits.hpp
-- Installing: /home/jimmy/ros2_robo2axis/install/robo2axis_data_strcs/include/robo2axis_data_strcs/robo2axis_data_strcs/msg/detail/duty_cycle__builder.hpp
-- Installing: /home/jimmy/ros2_robo2axis/install/robo2axis_data_strcs/include/robo2axis_data_strcs/robo2axis_data_strcs/msg/detail/duty_cycle__traits.hpp
-- Installing: /home/jimmy/ros2_robo2axis/install/robo2axis_data_strcs/include/robo2axis_data_strcs/robo2axis_data_strcs/msg/detail/duty_cycle__struct.hpp
-- Installing: /home/jimmy/ros2_robo2axis/install/robo2axis_data_strcs/include/robo2axis_data_strcs/robo2axis_data_strcs/msg/detail/encoder_counts__struct.hpp
-- Up-to-date: /home/jimmy/ros2_robo2axis/install/robo2axis_data_strcs/include/robo2axis_data_strcs/robo2axis_data_strcs
-- Up-to-date: /home/jimmy/ros2_robo2axis/install/robo2axis_data_strcs/include/robo2axis_data_strcs/robo2axis_data_strcs/msg
-- Up-to-date: /home/jimmy/ros2_robo2axis/install/robo2axis_data_strcs/include/robo2axis_data_strcs/robo2axis_data_strcs/msg/rosidl_typesupport_fastrtps_cpp__visibility_control.h
-- Up-to-date: /home/jimmy/ros2_robo2axis/install/robo2axis_data_strcs/include/robo2axis_data_strcs/robo2axis_data_strcs/msg/detail
-- Up-to-date: /home/jimmy/ros2_robo2axis/install/robo2axis_data_strcs/include/robo2axis_data_strcs/robo2axis_data_strcs/msg/detail/dds_fastrtps
-- Installing: /home/jimmy/ros2_robo2axis/install/robo2axis_data_strcs/include/robo2axis_data_strcs/robo2axis_data_strcs/msg/detail/encoder_counts__rosidl_typesupport_fastrtps_cpp.hpp
-- Installing: /home/jimmy/ros2_robo2axis/install/robo2axis_data_strcs/include/robo2axis_data_strcs/robo2axis_data_strcs/msg/detail/duty_cycle__rosidl_typesupport_fastrtps_cpp.hpp
-- Installing: /home/jimmy/ros2_robo2axis/install/robo2axis_data_strcs/lib/librobo2axis_data_strcs__rosidl_typesupport_fastrtps_cpp.so
-- Set runtime path of "/home/jimmy/ros2_robo2axis/install/robo2axis_data_strcs/lib/librobo2axis_data_strcs__rosidl_typesupport_fastrtps_cpp.so" to ""
-- Up-to-date: /home/jimmy/ros2_robo2axis/install/robo2axis_data_strcs/include/robo2axis_data_strcs/robo2axis_data_strcs
-- Up-to-date: /home/jimmy/ros2_robo2axis/install/robo2axis_data_strcs/include/robo2axis_data_strcs/robo2axis_data_strcs/msg
-- Up-to-date: /home/jimmy/ros2_robo2axis/install/robo2axis_data_strcs/include/robo2axis_data_strcs/robo2axis_data_strcs/msg/detail
-- Installing: /home/jimmy/ros2_robo2axis/install/robo2axis_data_strcs/include/robo2axis_data_strcs/robo2axis_data_strcs/msg/detail/encoder_counts__type_support.cpp
-- Installing: /home/jimmy/ros2_robo2axis/install/robo2axis_data_strcs/include/robo2axis_data_strcs/robo2axis_data_strcs/msg/detail/duty_cycle__rosidl_typesupport_introspection_cpp.hpp
-- Installing: /home/jimmy/ros2_robo2axis/install/robo2axis_data_strcs/include/robo2axis_data_strcs/robo2axis_data_strcs/msg/detail/duty_cycle__type_support.cpp
-- Installing: /home/jimmy/ros2_robo2axis/install/robo2axis_data_strcs/include/robo2axis_data_strcs/robo2axis_data_strcs/msg/detail/encoder_counts__rosidl_typesupport_introspection_cpp.hpp
-- Installing: /home/jimmy/ros2_robo2axis/install/robo2axis_data_strcs/lib/librobo2axis_data_strcs__rosidl_typesupport_introspection_cpp.so
-- Set runtime path of "/home/jimmy/ros2_robo2axis/install/robo2axis_data_strcs/lib/librobo2axis_data_strcs__rosidl_typesupport_introspection_cpp.so" to ""
-- Installing: /home/jimmy/ros2_robo2axis/install/robo2axis_data_strcs/lib/librobo2axis_data_strcs__rosidl_typesupport_cpp.so
-- Set runtime path of "/home/jimmy/ros2_robo2axis/install/robo2axis_data_strcs/lib/librobo2axis_data_strcs__rosidl_typesupport_cpp.so" to ""
-- Up-to-date: /home/jimmy/ros2_robo2axis/install/robo2axis_data_strcs/share/robo2axis_data_strcs/environment/pythonpath.sh
-- Installing: /home/jimmy/ros2_robo2axis/install/robo2axis_data_strcs/share/robo2axis_data_strcs/environment/pythonpath.dsv
-- Up-to-date: /home/jimmy/ros2_robo2axis/install/robo2axis_data_strcs/local/lib/python3.10/dist-packages/robo2axis_data_strcs-0.0.0-py3.10.egg-info
-- Installing: /home/jimmy/ros2_robo2axis/install/robo2axis_data_strcs/local/lib/python3.10/dist-packages/robo2axis_data_strcs-0.0.0-py3.10.egg-info/top_level.txt
-- Installing: /home/jimmy/ros2_robo2axis/install/robo2axis_data_strcs/local/lib/python3.10/dist-packages/robo2axis_data_strcs-0.0.0-py3.10.egg-info/SOURCES.txt
-- Installing: /home/jimmy/ros2_robo2axis/install/robo2axis_data_strcs/local/lib/python3.10/dist-packages/robo2axis_data_strcs-0.0.0-py3.10.egg-info/PKG-INFO
-- Installing: /home/jimmy/ros2_robo2axis/install/robo2axis_data_strcs/local/lib/python3.10/dist-packages/robo2axis_data_strcs-0.0.0-py3.10.egg-info/dependency_links.txt
-- Up-to-date: /home/jimmy/ros2_robo2axis/install/robo2axis_data_strcs/local/lib/python3.10/dist-packages/robo2axis_data_strcs
-- Installing: /home/jimmy/ros2_robo2axis/install/robo2axis_data_strcs/local/lib/python3.10/dist-packages/robo2axis_data_strcs/librobo2axis_data_strcs__rosidl_generator_py.so
-- Installing: /home/jimmy/ros2_robo2axis/install/robo2axis_data_strcs/local/lib/python3.10/dist-packages/robo2axis_data_strcs/robo2axis_data_strcs_s__rosidl_typesupport_c.cpython-310-x86_64-linux-gnu.so
-- Installing: /home/jimmy/ros2_robo2axis/install/robo2axis_data_strcs/local/lib/python3.10/dist-packages/robo2axis_data_strcs/_robo2axis_data_strcs_s.ep.rosidl_typesupport_introspection_c.c
-- Installing: /home/jimmy/ros2_robo2axis/install/robo2axis_data_strcs/local/lib/python3.10/dist-packages/robo2axis_data_strcs/robo2axis_data_strcs_s__rosidl_typesupport_fastrtps_c.cpython-310-x86_64-linux-gnu.so
-- Installing: /home/jimmy/ros2_robo2axis/install/robo2axis_data_strcs/local/lib/python3.10/dist-packages/robo2axis_data_strcs/_robo2axis_data_strcs_s.ep.rosidl_typesupport_c.c
-- Installing: /home/jimmy/ros2_robo2axis/install/robo2axis_data_strcs/local/lib/python3.10/dist-packages/robo2axis_data_strcs/robo2axis_data_strcs_s__rosidl_typesupport_introspection_c.cpython-310-x86_64-linux-gnu.so
-- Installing: /home/jimmy/ros2_robo2axis/install/robo2axis_data_strcs/local/lib/python3.10/dist-packages/robo2axis_data_strcs/_robo2axis_data_strcs_s.ep.rosidl_typesupport_fastrtps_c.c
-- Up-to-date: /home/jimmy/ros2_robo2axis/install/robo2axis_data_strcs/local/lib/python3.10/dist-packages/robo2axis_data_strcs/msg
-- Installing: /home/jimmy/ros2_robo2axis/install/robo2axis_data_strcs/local/lib/python3.10/dist-packages/robo2axis_data_strcs/msg/_encoder_counts_s.c
-- Installing: /home/jimmy/ros2_robo2axis/install/robo2axis_data_strcs/local/lib/python3.10/dist-packages/robo2axis_data_strcs/msg/_encoder_counts.py
-- Installing: /home/jimmy/ros2_robo2axis/install/robo2axis_data_strcs/local/lib/python3.10/dist-packages/robo2axis_data_strcs/msg/_duty_cycle.py
-- Installing: /home/jimmy/ros2_robo2axis/install/robo2axis_data_strcs/local/lib/python3.10/dist-packages/robo2axis_data_strcs/msg/_duty_cycle_s.c
-- Installing: /home/jimmy/ros2_robo2axis/install/robo2axis_data_strcs/local/lib/python3.10/dist-packages/robo2axis_data_strcs/msg/__init__.py
-- Installing: /home/jimmy/ros2_robo2axis/install/robo2axis_data_strcs/local/lib/python3.10/dist-packages/robo2axis_data_strcs/__init__.py
Listing '/home/jimmy/ros2_robo2axis/install/robo2axis_data_strcs/local/lib/python3.10/dist-packages/robo2axis_data_strcs'...
Compiling '/home/jimmy/ros2_robo2axis/install/robo2axis_data_strcs/local/lib/python3.10/dist-packages/robo2axis_data_strcs/__init__.py'...
Listing '/home/jimmy/ros2_robo2axis/install/robo2axis_data_strcs/local/lib/python3.10/dist-packages/robo2axis_data_strcs/msg'...
Compiling '/home/jimmy/ros2_robo2axis/install/robo2axis_data_strcs/local/lib/python3.10/dist-packages/robo2axis_data_strcs/msg/__init__.py'...
Compiling '/home/jimmy/ros2_robo2axis/install/robo2axis_data_strcs/local/lib/python3.10/dist-packages/robo2axis_data_strcs/msg/_duty_cycle.py'...
Compiling '/home/jimmy/ros2_robo2axis/install/robo2axis_data_strcs/local/lib/python3.10/dist-packages/robo2axis_data_strcs/msg/_encoder_counts.py'...
-- Installing: /home/jimmy/ros2_robo2axis/install/robo2axis_data_strcs/local/lib/python3.10/dist-packages/robo2axis_data_strcs/robo2axis_data_strcs_s__rosidl_typesupport_fastrtps_c.cpython-310-x86_64-linux-gnu.so
-- Set runtime path of "/home/jimmy/ros2_robo2axis/install/robo2axis_data_strcs/local/lib/python3.10/dist-packages/robo2axis_data_strcs/robo2axis_data_strcs_s__rosidl_typesupport_fastrtps_c.cpython-310-x86_64-linux-gnu.so" to ""
-- Installing: /home/jimmy/ros2_robo2axis/install/robo2axis_data_strcs/local/lib/python3.10/dist-packages/robo2axis_data_strcs/robo2axis_data_strcs_s__rosidl_typesupport_introspection_c.cpython-310-x86_64-linux-gnu.so
-- Set runtime path of "/home/jimmy/ros2_robo2axis/install/robo2axis_data_strcs/local/lib/python3.10/dist-packages/robo2axis_data_strcs/robo2axis_data_strcs_s__rosidl_typesupport_introspection_c.cpython-310-x86_64-linux-gnu.so" to ""
-- Installing: /home/jimmy/ros2_robo2axis/install/robo2axis_data_strcs/local/lib/python3.10/dist-packages/robo2axis_data_strcs/robo2axis_data_strcs_s__rosidl_typesupport_c.cpython-310-x86_64-linux-gnu.so
-- Set runtime path of "/home/jimmy/ros2_robo2axis/install/robo2axis_data_strcs/local/lib/python3.10/dist-packages/robo2axis_data_strcs/robo2axis_data_strcs_s__rosidl_typesupport_c.cpython-310-x86_64-linux-gnu.so" to ""
-- Installing: /home/jimmy/ros2_robo2axis/install/robo2axis_data_strcs/lib/librobo2axis_data_strcs__rosidl_generator_py.so
-- Set runtime path of "/home/jimmy/ros2_robo2axis/install/robo2axis_data_strcs/lib/librobo2axis_data_strcs__rosidl_generator_py.so" to ""
-- Up-to-date: /home/jimmy/ros2_robo2axis/install/robo2axis_data_strcs/share/robo2axis_data_strcs/msg/EncoderCounts.idl
-- Installing: /home/jimmy/ros2_robo2axis/install/robo2axis_data_strcs/share/robo2axis_data_strcs/msg/DutyCycle.idl
-- Up-to-date: /home/jimmy/ros2_robo2axis/install/robo2axis_data_strcs/share/robo2axis_data_strcs/msg/EncoderCounts.msg
-- Installing: /home/jimmy/ros2_robo2axis/install/robo2axis_data_strcs/share/robo2axis_data_strcs/msg/DutyCycle.msg
-- Up-to-date: /home/jimmy/ros2_robo2axis/install/robo2axis_data_strcs/share/ament_index/resource_index/package_run_dependencies/robo2axis_data_strcs
-- Up-to-date: /home/jimmy/ros2_robo2axis/install/robo2axis_data_strcs/share/ament_index/resource_index/parent_prefix_path/robo2axis_data_strcs
-- Installing: /home/jimmy/ros2_robo2axis/install/robo2axis_data_strcs/share/robo2axis_data_strcs/environment/ament_prefix_path.sh
-- Installing: /home/jimmy/ros2_robo2axis/install/robo2axis_data_strcs/share/robo2axis_data_strcs/environment/ament_prefix_path.dsv
-- Installing: /home/jimmy/ros2_robo2axis/install/robo2axis_data_strcs/share/robo2axis_data_strcs/environment/path.sh
-- Installing: /home/jimmy/ros2_robo2axis/install/robo2axis_data_strcs/share/robo2axis_data_strcs/environment/path.dsv
-- Up-to-date: /home/jimmy/ros2_robo2axis/install/robo2axis_data_strcs/share/robo2axis_data_strcs/local_setup.bash
-- Up-to-date: /home/jimmy/ros2_robo2axis/install/robo2axis_data_strcs/share/robo2axis_data_strcs/local_setup.sh
-- Up-to-date: /home/jimmy/ros2_robo2axis/install/robo2axis_data_strcs/share/robo2axis_data_strcs/local_setup.zsh
-- Installing: /home/jimmy/ros2_robo2axis/install/robo2axis_data_strcs/share/robo2axis_data_strcs/local_setup.dsv
-- Installing: /home/jimmy/ros2_robo2axis/install/robo2axis_data_strcs/share/robo2axis_data_strcs/package.dsv
-- Up-to-date: /home/jimmy/ros2_robo2axis/install/robo2axis_data_strcs/share/ament_index/resource_index/packages/robo2axis_data_strcs
-- Up-to-date: /home/jimmy/ros2_robo2axis/install/robo2axis_data_strcs/share/robo2axis_data_strcs/cmake/export_robo2axis_data_strcs__rosidl_generator_cExport.cmake
-- Up-to-date: /home/jimmy/ros2_robo2axis/install/robo2axis_data_strcs/share/robo2axis_data_strcs/cmake/export_robo2axis_data_strcs__rosidl_generator_cExport-noconfig.cmake
-- Up-to-date: /home/jimmy/ros2_robo2axis/install/robo2axis_data_strcs/share/robo2axis_data_strcs/cmake/export_robo2axis_data_strcs__rosidl_typesupport_fastrtps_cExport.cmake
-- Up-to-date: /home/jimmy/ros2_robo2axis/install/robo2axis_data_strcs/share/robo2axis_data_strcs/cmake/export_robo2axis_data_strcs__rosidl_typesupport_fastrtps_cExport-noconfig.cmake
-- Up-to-date: /home/jimmy/ros2_robo2axis/install/robo2axis_data_strcs/share/robo2axis_data_strcs/cmake/robo2axis_data_strcs__rosidl_typesupport_introspection_cExport.cmake
-- Up-to-date: /home/jimmy/ros2_robo2axis/install/robo2axis_data_strcs/share/robo2axis_data_strcs/cmake/robo2axis_data_strcs__rosidl_typesupport_introspection_cExport-noconfig.cmake
-- Up-to-date: /home/jimmy/ros2_robo2axis/install/robo2axis_data_strcs/share/robo2axis_data_strcs/cmake/robo2axis_data_strcs__rosidl_typesupport_cExport.cmake
-- Up-to-date: /home/jimmy/ros2_robo2axis/install/robo2axis_data_strcs/share/robo2axis_data_strcs/cmake/robo2axis_data_strcs__rosidl_typesupport_cExport-noconfig.cmake
-- Up-to-date: /home/jimmy/ros2_robo2axis/install/robo2axis_data_strcs/share/robo2axis_data_strcs/cmake/export_robo2axis_data_strcs__rosidl_generator_cppExport.cmake
-- Up-to-date: /home/jimmy/ros2_robo2axis/install/robo2axis_data_strcs/share/robo2axis_data_strcs/cmake/export_robo2axis_data_strcs__rosidl_typesupport_fastrtps_cppExport.cmake
-- Up-to-date: /home/jimmy/ros2_robo2axis/install/robo2axis_data_strcs/share/robo2axis_data_strcs/cmake/export_robo2axis_data_strcs__rosidl_typesupport_fastrtps_cppExport-noconfig.cmake
-- Up-to-date: /home/jimmy/ros2_robo2axis/install/robo2axis_data_strcs/share/robo2axis_data_strcs/cmake/robo2axis_data_strcs__rosidl_typesupport_introspection_cppExport.cmake
-- Up-to-date: /home/jimmy/ros2_robo2axis/install/robo2axis_data_strcs/share/robo2axis_data_strcs/cmake/robo2axis_data_strcs__rosidl_typesupport_introspection_cppExport-noconfig.cmake
-- Up-to-date: /home/jimmy/ros2_robo2axis/install/robo2axis_data_strcs/share/robo2axis_data_strcs/cmake/robo2axis_data_strcs__rosidl_typesupport_cppExport.cmake
-- Up-to-date: /home/jimmy/ros2_robo2axis/install/robo2axis_data_strcs/share/robo2axis_data_strcs/cmake/robo2axis_data_strcs__rosidl_typesupport_cppExport-noconfig.cmake
-- Up-to-date: /home/jimmy/ros2_robo2axis/install/robo2axis_data_strcs/share/robo2axis_data_strcs/cmake/export_robo2axis_data_strcs__rosidl_generator_pyExport.cmake
-- Up-to-date: /home/jimmy/ros2_robo2axis/install/robo2axis_data_strcs/share/robo2axis_data_strcs/cmake/export_robo2axis_data_strcs__rosidl_generator_pyExport-noconfig.cmake
-- Installing: /home/jimmy/ros2_robo2axis/install/robo2axis_data_strcs/share/robo2axis_data_strcs/cmake/rosidl_cmake-extras.cmake
-- Up-to-date: /home/jimmy/ros2_robo2axis/install/robo2axis_data_strcs/share/robo2axis_data_strcs/cmake/ament_cmake_export_include_directories-extras.cmake
-- Up-to-date: /home/jimmy/ros2_robo2axis/install/robo2axis_data_strcs/share/robo2axis_data_strcs/cmake/ament_cmake_export_libraries-extras.cmake
-- Up-to-date: /home/jimmy/ros2_robo2axis/install/robo2axis_data_strcs/share/robo2axis_data_strcs/cmake/ament_cmake_export_targets-extras.cmake
-- Up-to-date: /home/jimmy/ros2_robo2axis/install/robo2axis_data_strcs/share/robo2axis_data_strcs/cmake/rosidl_cmake_export_typesupport_targets-extras.cmake
-- Up-to-date: /home/jimmy/ros2_robo2axis/install/robo2axis_data_strcs/share/robo2axis_data_strcs/cmake/ament_cmake_export_dependencies-extras.cmake
-- Up-to-date: /home/jimmy/ros2_robo2axis/install/robo2axis_data_strcs/share/robo2axis_data_strcs/cmake/rosidl_cmake_export_typesupport_libraries-extras.cmake
-- Up-to-date: /home/jimmy/ros2_robo2axis/install/robo2axis_data_strcs/share/robo2axis_data_strcs/cmake/robo2axis_data_strcsConfig.cmake
-- Up-to-date: /home/jimmy/ros2_robo2axis/install/robo2axis_data_strcs/share/robo2axis_data_strcs/cmake/robo2axis_data_strcsConfig-version.cmake
-- Up-to-date: /home/jimmy/ros2_robo2axis/install/robo2axis_data_strcs/share/robo2axis_data_strcs/package.xml
