[0.057s] Invoking command in '/home/jimmy/ros2_robo2axis/build/robo2axis_data_strcs': CMAKE_PREFIX_PATH=/opt/ros/humble /usr/bin/cmake --build /home/jimmy/ros2_robo2axis/build/robo2axis_data_strcs -- -j12 -l12
[0.078s] -- Found ament_cmake: 1.3.7 (/opt/ros/humble/share/ament_cmake/cmake)
[0.205s] -- Found rosidl_default_generators: 1.2.0 (/opt/ros/humble/share/rosidl_default_generators/cmake)
[0.207s] -- Using all available rosidl_typesupport_c: rosidl_typesupport_fastrtps_c;rosidl_typesupport_introspection_c
[0.210s] -- Found rosidl_adapter: 3.1.5 (/opt/ros/humble/share/rosidl_adapter/cmake)
[0.239s] -- Using all available rosidl_typesupport_cpp: rosidl_typesupport_fastrtps_cpp;rosidl_typesupport_introspection_cpp
[0.492s] -- Found ament_cmake_ros: 0.10.0 (/opt/ros/humble/share/ament_cmake_ros/cmake)
[0.659s] -- Using all available rosidl_typesupport_c: rosidl_typesupport_fastrtps_c;rosidl_typesupport_introspection_c
[0.872s] -- Using all available rosidl_typesupport_cpp: rosidl_typesupport_fastrtps_cpp;rosidl_typesupport_introspection_cpp
[0.893s] -- Found python_cmake_module: 0.10.0 (/opt/ros/humble/share/python_cmake_module/cmake)
[0.916s] -- Using PYTHON_EXECUTABLE: /usr/bin/python3
[0.916s] -- Using PYTHON_INCLUDE_DIRS: /usr/include/python3.10
[0.916s] -- Using PYTHON_LIBRARIES: /usr/lib/x86_64-linux-gnu/libpython3.10.so
[0.928s] -- Found ament_lint_auto: 0.12.10 (/opt/ros/humble/share/ament_lint_auto/cmake)
[0.953s] -- Added test 'lint_cmake' to check CMake code style
[0.955s] -- Added test 'xmllint' to check XML markup files
[0.959s] -- Configuring done
[1.005s] -- Generating done
[1.009s] -- Build files have been written to: /home/jimmy/ros2_robo2axis/build/robo2axis_data_strcs
[1.033s] [  2%] [34m[1mGenerating C code for ROS interfaces[0m
[1.042s] [  5%] [34m[1mGenerating C++ code for ROS interfaces[0m
[1.055s] [  5%] Built target ament_cmake_python_copy_robo2axis_data_strcs
[1.299s] running egg_info
[1.299s] writing robo2axis_data_strcs.egg-info/PKG-INFO
[1.300s] writing dependency_links to robo2axis_data_strcs.egg-info/dependency_links.txt
[1.300s] writing top-level names to robo2axis_data_strcs.egg-info/top_level.txt
[1.300s] [  5%] Built target robo2axis_data_strcs__cpp
[1.303s] reading manifest file 'robo2axis_data_strcs.egg-info/SOURCES.txt'
[1.304s] writing manifest file 'robo2axis_data_strcs.egg-info/SOURCES.txt'
[1.311s] [ 10%] [34m[1mGenerating C++ type support for eProsima Fast-RTPS[0m
[1.312s] [ 10%] [34m[1mGenerating C++ type support dispatch for ROS interfaces[0m
[1.313s] [ 12%] [34m[1mGenerating C++ introspection for ROS interfaces[0m
[1.348s] [ 12%] Built target ament_cmake_python_build_robo2axis_data_strcs_egg
[1.374s] [35m[1mConsolidate compiler generated dependencies of target robo2axis_data_strcs__rosidl_generator_c[0m
[1.393s] [ 17%] [32mBuilding C object CMakeFiles/robo2axis_data_strcs__rosidl_generator_c.dir/rosidl_generator_c/robo2axis_data_strcs/msg/detail/duty_cycle__functions.c.o[0m
[1.393s] [ 17%] [32mBuilding C object CMakeFiles/robo2axis_data_strcs__rosidl_generator_c.dir/rosidl_generator_c/robo2axis_data_strcs/msg/detail/encoder_counts__functions.c.o[0m
[1.548s] [35m[1mConsolidate compiler generated dependencies of target robo2axis_data_strcs__rosidl_typesupport_cpp[0m
[1.571s] [ 20%] [32m[1mLinking C shared library librobo2axis_data_strcs__rosidl_generator_c.so[0m
[1.573s] [ 25%] [32mBuilding CXX object CMakeFiles/robo2axis_data_strcs__rosidl_typesupport_cpp.dir/rosidl_typesupport_cpp/robo2axis_data_strcs/msg/duty_cycle__type_support.cpp.o[0m
[1.573s] [ 25%] [32mBuilding CXX object CMakeFiles/robo2axis_data_strcs__rosidl_typesupport_cpp.dir/rosidl_typesupport_cpp/robo2axis_data_strcs/msg/encoder_counts__type_support.cpp.o[0m
[1.617s] [35m[1mConsolidate compiler generated dependencies of target robo2axis_data_strcs__rosidl_typesupport_introspection_cpp[0m
[1.635s] [ 28%] [32mBuilding CXX object CMakeFiles/robo2axis_data_strcs__rosidl_typesupport_introspection_cpp.dir/rosidl_typesupport_introspection_cpp/robo2axis_data_strcs/msg/detail/encoder_counts__type_support.cpp.o[0m
[1.635s] [ 30%] [32mBuilding CXX object CMakeFiles/robo2axis_data_strcs__rosidl_typesupport_introspection_cpp.dir/rosidl_typesupport_introspection_cpp/robo2axis_data_strcs/msg/detail/duty_cycle__type_support.cpp.o[0m
[1.643s] [ 30%] Built target robo2axis_data_strcs__rosidl_generator_c
[1.655s] [ 33%] [34m[1mGenerating C introspection for ROS interfaces[0m
[1.656s] [ 35%] [34m[1mGenerating C type support for eProsima Fast-RTPS[0m
[1.657s] [ 38%] [34m[1mGenerating C type support dispatch for ROS interfaces[0m
[1.660s] [35m[1mConsolidate compiler generated dependencies of target robo2axis_data_strcs__rosidl_typesupport_fastrtps_cpp[0m
[1.680s] [ 43%] [32mBuilding CXX object CMakeFiles/robo2axis_data_strcs__rosidl_typesupport_fastrtps_cpp.dir/rosidl_typesupport_fastrtps_cpp/robo2axis_data_strcs/msg/detail/dds_fastrtps/duty_cycle__type_support.cpp.o[0m
[1.680s] [ 43%] [32mBuilding CXX object CMakeFiles/robo2axis_data_strcs__rosidl_typesupport_fastrtps_cpp.dir/rosidl_typesupport_fastrtps_cpp/robo2axis_data_strcs/msg/detail/dds_fastrtps/encoder_counts__type_support.cpp.o[0m
[1.970s] [35m[1mConsolidate compiler generated dependencies of target robo2axis_data_strcs__rosidl_typesupport_c[0m
[1.985s] [ 46%] [32mBuilding CXX object CMakeFiles/robo2axis_data_strcs__rosidl_typesupport_c.dir/rosidl_typesupport_c/robo2axis_data_strcs/msg/duty_cycle__type_support.cpp.o[0m
[1.988s] [ 48%] [32mBuilding CXX object CMakeFiles/robo2axis_data_strcs__rosidl_typesupport_c.dir/rosidl_typesupport_c/robo2axis_data_strcs/msg/encoder_counts__type_support.cpp.o[0m
[2.051s] [ 51%] [32m[1mLinking CXX shared library librobo2axis_data_strcs__rosidl_typesupport_c.so[0m
[2.108s] [ 53%] [32m[1mLinking CXX shared library librobo2axis_data_strcs__rosidl_typesupport_cpp.so[0m
[2.112s] [35m[1mConsolidate compiler generated dependencies of target robo2axis_data_strcs__rosidl_typesupport_introspection_c[0m
[2.132s] [ 53%] Built target robo2axis_data_strcs__rosidl_typesupport_c
[2.134s] [ 56%] [32mBuilding C object CMakeFiles/robo2axis_data_strcs__rosidl_typesupport_introspection_c.dir/rosidl_typesupport_introspection_c/robo2axis_data_strcs/msg/detail/encoder_counts__type_support.c.o[0m
[2.134s] [ 58%] [32mBuilding C object CMakeFiles/robo2axis_data_strcs__rosidl_typesupport_introspection_c.dir/rosidl_typesupport_introspection_c/robo2axis_data_strcs/msg/detail/duty_cycle__type_support.c.o[0m
[2.151s] [35m[1mConsolidate compiler generated dependencies of target robo2axis_data_strcs__rosidl_typesupport_fastrtps_c[0m
[2.171s] [ 61%] [32mBuilding CXX object CMakeFiles/robo2axis_data_strcs__rosidl_typesupport_fastrtps_c.dir/rosidl_typesupport_fastrtps_c/robo2axis_data_strcs/msg/detail/encoder_counts__type_support_c.cpp.o[0m
[2.175s] [ 64%] [32mBuilding CXX object CMakeFiles/robo2axis_data_strcs__rosidl_typesupport_fastrtps_c.dir/rosidl_typesupport_fastrtps_c/robo2axis_data_strcs/msg/detail/duty_cycle__type_support_c.cpp.o[0m
[2.186s] [ 64%] Built target robo2axis_data_strcs__rosidl_typesupport_cpp
[2.186s] [ 66%] [32m[1mLinking C shared library librobo2axis_data_strcs__rosidl_typesupport_introspection_c.so[0m
[2.224s] [ 66%] Built target robo2axis_data_strcs__rosidl_typesupport_introspection_c
[2.266s] [ 69%] [32m[1mLinking CXX shared library librobo2axis_data_strcs__rosidl_typesupport_introspection_cpp.so[0m
[2.276s] [ 71%] [32m[1mLinking CXX shared library librobo2axis_data_strcs__rosidl_typesupport_fastrtps_cpp.so[0m
[2.308s] [ 71%] Built target robo2axis_data_strcs__rosidl_typesupport_introspection_cpp
[2.368s] [ 71%] Built target robo2axis_data_strcs__rosidl_typesupport_fastrtps_cpp
[2.514s] [ 74%] [32m[1mLinking CXX shared library librobo2axis_data_strcs__rosidl_typesupport_fastrtps_c.so[0m
[2.585s] [ 74%] Built target robo2axis_data_strcs__rosidl_typesupport_fastrtps_c
[2.604s] [ 74%] Built target robo2axis_data_strcs
[2.625s] [ 76%] [34m[1mGenerating Python code for ROS interfaces[0m
[2.948s] [ 76%] Built target robo2axis_data_strcs__py
[2.958s] [35m[1mConsolidate compiler generated dependencies of target robo2axis_data_strcs__rosidl_generator_py[0m
[2.974s] [ 82%] [32mBuilding C object CMakeFiles/robo2axis_data_strcs__rosidl_generator_py.dir/rosidl_generator_py/robo2axis_data_strcs/msg/_duty_cycle_s.c.o[0m
[2.974s] [ 82%] [32mBuilding C object CMakeFiles/robo2axis_data_strcs__rosidl_generator_py.dir/rosidl_generator_py/robo2axis_data_strcs/msg/_encoder_counts_s.c.o[0m
[3.113s] [ 84%] [32m[1mLinking C shared library rosidl_generator_py/robo2axis_data_strcs/librobo2axis_data_strcs__rosidl_generator_py.so[0m
[3.153s] [ 84%] Built target robo2axis_data_strcs__rosidl_generator_py
[3.163s] [35m[1mConsolidate compiler generated dependencies of target robo2axis_data_strcs__rosidl_typesupport_introspection_c__pyext[0m
[3.163s] [35m[1mConsolidate compiler generated dependencies of target robo2axis_data_strcs__rosidl_typesupport_c__pyext[0m
[3.164s] [35m[1mConsolidate compiler generated dependencies of target robo2axis_data_strcs__rosidl_typesupport_fastrtps_c__pyext[0m
[3.176s] [ 92%] [32mBuilding C object CMakeFiles/robo2axis_data_strcs__rosidl_typesupport_c__pyext.dir/rosidl_generator_py/robo2axis_data_strcs/_robo2axis_data_strcs_s.ep.rosidl_typesupport_c.c.o[0m
[3.177s] [ 92%] [32mBuilding C object CMakeFiles/robo2axis_data_strcs__rosidl_typesupport_introspection_c__pyext.dir/rosidl_generator_py/robo2axis_data_strcs/_robo2axis_data_strcs_s.ep.rosidl_typesupport_introspection_c.c.o[0m
[3.177s] [ 92%] [32mBuilding C object CMakeFiles/robo2axis_data_strcs__rosidl_typesupport_fastrtps_c__pyext.dir/rosidl_generator_py/robo2axis_data_strcs/_robo2axis_data_strcs_s.ep.rosidl_typesupport_fastrtps_c.c.o[0m
[3.267s] [ 97%] [32m[1mLinking C shared library rosidl_generator_py/robo2axis_data_strcs/robo2axis_data_strcs_s__rosidl_typesupport_c.cpython-310-x86_64-linux-gnu.so[0m
[3.268s] [ 97%] [32m[1mLinking C shared library rosidl_generator_py/robo2axis_data_strcs/robo2axis_data_strcs_s__rosidl_typesupport_introspection_c.cpython-310-x86_64-linux-gnu.so[0m
[3.272s] [100%] [32m[1mLinking C shared library rosidl_generator_py/robo2axis_data_strcs/robo2axis_data_strcs_s__rosidl_typesupport_fastrtps_c.cpython-310-x86_64-linux-gnu.so[0m
[3.300s] [100%] Built target robo2axis_data_strcs__rosidl_typesupport_c__pyext
[3.300s] [100%] Built target robo2axis_data_strcs__rosidl_typesupport_introspection_c__pyext
[3.306s] [100%] Built target robo2axis_data_strcs__rosidl_typesupport_fastrtps_c__pyext
[3.317s] Invoked command in '/home/jimmy/ros2_robo2axis/build/robo2axis_data_strcs' returned '0': CMAKE_PREFIX_PATH=/opt/ros/humble /usr/bin/cmake --build /home/jimmy/ros2_robo2axis/build/robo2axis_data_strcs -- -j12 -l12
[3.397s] Invoking command in '/home/jimmy/ros2_robo2axis/build/robo2axis_data_strcs': CMAKE_PREFIX_PATH=/opt/ros/humble /usr/bin/cmake --install /home/jimmy/ros2_robo2axis/build/robo2axis_data_strcs
[3.404s] -- Install configuration: ""
[3.404s] -- Installing: /home/jimmy/ros2_robo2axis/install/robo2axis_data_strcs/share/ament_index/resource_index/rosidl_interfaces/robo2axis_data_strcs
[3.404s] -- Up-to-date: /home/jimmy/ros2_robo2axis/install/robo2axis_data_strcs/include/robo2axis_data_strcs/robo2axis_data_strcs
[3.404s] -- Up-to-date: /home/jimmy/ros2_robo2axis/install/robo2axis_data_strcs/include/robo2axis_data_strcs/robo2axis_data_strcs/msg
[3.405s] -- Installing: /home/jimmy/ros2_robo2axis/install/robo2axis_data_strcs/include/robo2axis_data_strcs/robo2axis_data_strcs/msg/encoder_counts.h
[3.405s] -- Up-to-date: /home/jimmy/ros2_robo2axis/install/robo2axis_data_strcs/include/robo2axis_data_strcs/robo2axis_data_strcs/msg/rosidl_generator_c__visibility_control.h
[3.405s] -- Installing: /home/jimmy/ros2_robo2axis/install/robo2axis_data_strcs/include/robo2axis_data_strcs/robo2axis_data_strcs/msg/duty_cycle.h
[3.405s] -- Up-to-date: /home/jimmy/ros2_robo2axis/install/robo2axis_data_strcs/include/robo2axis_data_strcs/robo2axis_data_strcs/msg/detail
[3.405s] -- Installing: /home/jimmy/ros2_robo2axis/install/robo2axis_data_strcs/include/robo2axis_data_strcs/robo2axis_data_strcs/msg/detail/encoder_counts__functions.h
[3.405s] -- Installing: /home/jimmy/ros2_robo2axis/install/robo2axis_data_strcs/include/robo2axis_data_strcs/robo2axis_data_strcs/msg/detail/duty_cycle__functions.c
[3.405s] -- Installing: /home/jimmy/ros2_robo2axis/install/robo2axis_data_strcs/include/robo2axis_data_strcs/robo2axis_data_strcs/msg/detail/duty_cycle__type_support.h
[3.405s] -- Installing: /home/jimmy/ros2_robo2axis/install/robo2axis_data_strcs/include/robo2axis_data_strcs/robo2axis_data_strcs/msg/detail/duty_cycle__struct.h
[3.405s] -- Installing: /home/jimmy/ros2_robo2axis/install/robo2axis_data_strcs/include/robo2axis_data_strcs/robo2axis_data_strcs/msg/detail/duty_cycle__functions.h
[3.405s] -- Installing: /home/jimmy/ros2_robo2axis/install/robo2axis_data_strcs/include/robo2axis_data_strcs/robo2axis_data_strcs/msg/detail/encoder_counts__type_support.h
[3.405s] -- Installing: /home/jimmy/ros2_robo2axis/install/robo2axis_data_strcs/include/robo2axis_data_strcs/robo2axis_data_strcs/msg/detail/encoder_counts__struct.h
[3.406s] -- Installing: /home/jimmy/ros2_robo2axis/install/robo2axis_data_strcs/include/robo2axis_data_strcs/robo2axis_data_strcs/msg/detail/encoder_counts__functions.c
[3.406s] -- Up-to-date: /home/jimmy/ros2_robo2axis/install/robo2axis_data_strcs/share/robo2axis_data_strcs/environment/library_path.sh
[3.406s] -- Installing: /home/jimmy/ros2_robo2axis/install/robo2axis_data_strcs/share/robo2axis_data_strcs/environment/library_path.dsv
[3.407s] -- Installing: /home/jimmy/ros2_robo2axis/install/robo2axis_data_strcs/lib/librobo2axis_data_strcs__rosidl_generator_c.so
[3.408s] -- Set runtime path of "/home/jimmy/ros2_robo2axis/install/robo2axis_data_strcs/lib/librobo2axis_data_strcs__rosidl_generator_c.so" to ""
[3.408s] -- Up-to-date: /home/jimmy/ros2_robo2axis/install/robo2axis_data_strcs/include/robo2axis_data_strcs/robo2axis_data_strcs
[3.408s] -- Up-to-date: /home/jimmy/ros2_robo2axis/install/robo2axis_data_strcs/include/robo2axis_data_strcs/robo2axis_data_strcs/msg
[3.408s] -- Up-to-date: /home/jimmy/ros2_robo2axis/install/robo2axis_data_strcs/include/robo2axis_data_strcs/robo2axis_data_strcs/msg/rosidl_typesupport_fastrtps_c__visibility_control.h
[3.408s] -- Up-to-date: /home/jimmy/ros2_robo2axis/install/robo2axis_data_strcs/include/robo2axis_data_strcs/robo2axis_data_strcs/msg/detail
[3.408s] -- Installing: /home/jimmy/ros2_robo2axis/install/robo2axis_data_strcs/include/robo2axis_data_strcs/robo2axis_data_strcs/msg/detail/encoder_counts__rosidl_typesupport_fastrtps_c.h
[3.408s] -- Installing: /home/jimmy/ros2_robo2axis/install/robo2axis_data_strcs/include/robo2axis_data_strcs/robo2axis_data_strcs/msg/detail/duty_cycle__rosidl_typesupport_fastrtps_c.h
[3.408s] -- Installing: /home/jimmy/ros2_robo2axis/install/robo2axis_data_strcs/lib/librobo2axis_data_strcs__rosidl_typesupport_fastrtps_c.so
[3.409s] -- Set runtime path of "/home/jimmy/ros2_robo2axis/install/robo2axis_data_strcs/lib/librobo2axis_data_strcs__rosidl_typesupport_fastrtps_c.so" to ""
[3.409s] -- Up-to-date: /home/jimmy/ros2_robo2axis/install/robo2axis_data_strcs/include/robo2axis_data_strcs/robo2axis_data_strcs
[3.409s] -- Up-to-date: /home/jimmy/ros2_robo2axis/install/robo2axis_data_strcs/include/robo2axis_data_strcs/robo2axis_data_strcs/msg
[3.409s] -- Up-to-date: /home/jimmy/ros2_robo2axis/install/robo2axis_data_strcs/include/robo2axis_data_strcs/robo2axis_data_strcs/msg/rosidl_typesupport_introspection_c__visibility_control.h
[3.410s] -- Up-to-date: /home/jimmy/ros2_robo2axis/install/robo2axis_data_strcs/include/robo2axis_data_strcs/robo2axis_data_strcs/msg/detail
[3.410s] -- Installing: /home/jimmy/ros2_robo2axis/install/robo2axis_data_strcs/include/robo2axis_data_strcs/robo2axis_data_strcs/msg/detail/duty_cycle__type_support.c
[3.410s] -- Installing: /home/jimmy/ros2_robo2axis/install/robo2axis_data_strcs/include/robo2axis_data_strcs/robo2axis_data_strcs/msg/detail/duty_cycle__rosidl_typesupport_introspection_c.h
[3.410s] -- Installing: /home/jimmy/ros2_robo2axis/install/robo2axis_data_strcs/include/robo2axis_data_strcs/robo2axis_data_strcs/msg/detail/encoder_counts__rosidl_typesupport_introspection_c.h
[3.410s] -- Installing: /home/jimmy/ros2_robo2axis/install/robo2axis_data_strcs/include/robo2axis_data_strcs/robo2axis_data_strcs/msg/detail/encoder_counts__type_support.c
[3.411s] -- Installing: /home/jimmy/ros2_robo2axis/install/robo2axis_data_strcs/lib/librobo2axis_data_strcs__rosidl_typesupport_introspection_c.so
[3.411s] -- Set runtime path of "/home/jimmy/ros2_robo2axis/install/robo2axis_data_strcs/lib/librobo2axis_data_strcs__rosidl_typesupport_introspection_c.so" to ""
[3.412s] -- Installing: /home/jimmy/ros2_robo2axis/install/robo2axis_data_strcs/lib/librobo2axis_data_strcs__rosidl_typesupport_c.so
[3.412s] -- Set runtime path of "/home/jimmy/ros2_robo2axis/install/robo2axis_data_strcs/lib/librobo2axis_data_strcs__rosidl_typesupport_c.so" to ""
[3.412s] -- Up-to-date: /home/jimmy/ros2_robo2axis/install/robo2axis_data_strcs/include/robo2axis_data_strcs/robo2axis_data_strcs
[3.412s] -- Up-to-date: /home/jimmy/ros2_robo2axis/install/robo2axis_data_strcs/include/robo2axis_data_strcs/robo2axis_data_strcs/msg
[3.412s] -- Installing: /home/jimmy/ros2_robo2axis/install/robo2axis_data_strcs/include/robo2axis_data_strcs/robo2axis_data_strcs/msg/encoder_counts.hpp
[3.413s] -- Installing: /home/jimmy/ros2_robo2axis/install/robo2axis_data_strcs/include/robo2axis_data_strcs/robo2axis_data_strcs/msg/duty_cycle.hpp
[3.413s] -- Up-to-date: /home/jimmy/ros2_robo2axis/install/robo2axis_data_strcs/include/robo2axis_data_strcs/robo2axis_data_strcs/msg/detail
[3.413s] -- Installing: /home/jimmy/ros2_robo2axis/install/robo2axis_data_strcs/include/robo2axis_data_strcs/robo2axis_data_strcs/msg/detail/encoder_counts__builder.hpp
[3.413s] -- Installing: /home/jimmy/ros2_robo2axis/install/robo2axis_data_strcs/include/robo2axis_data_strcs/robo2axis_data_strcs/msg/detail/encoder_counts__traits.hpp
[3.413s] -- Installing: /home/jimmy/ros2_robo2axis/install/robo2axis_data_strcs/include/robo2axis_data_strcs/robo2axis_data_strcs/msg/detail/duty_cycle__builder.hpp
[3.413s] -- Installing: /home/jimmy/ros2_robo2axis/install/robo2axis_data_strcs/include/robo2axis_data_strcs/robo2axis_data_strcs/msg/detail/duty_cycle__traits.hpp
[3.413s] -- Installing: /home/jimmy/ros2_robo2axis/install/robo2axis_data_strcs/include/robo2axis_data_strcs/robo2axis_data_strcs/msg/detail/duty_cycle__struct.hpp
[3.413s] -- Installing: /home/jimmy/ros2_robo2axis/install/robo2axis_data_strcs/include/robo2axis_data_strcs/robo2axis_data_strcs/msg/detail/encoder_counts__struct.hpp
[3.413s] -- Up-to-date: /home/jimmy/ros2_robo2axis/install/robo2axis_data_strcs/include/robo2axis_data_strcs/robo2axis_data_strcs
[3.414s] -- Up-to-date: /home/jimmy/ros2_robo2axis/install/robo2axis_data_strcs/include/robo2axis_data_strcs/robo2axis_data_strcs/msg
[3.414s] -- Up-to-date: /home/jimmy/ros2_robo2axis/install/robo2axis_data_strcs/include/robo2axis_data_strcs/robo2axis_data_strcs/msg/rosidl_typesupport_fastrtps_cpp__visibility_control.h
[3.414s] -- Up-to-date: /home/jimmy/ros2_robo2axis/install/robo2axis_data_strcs/include/robo2axis_data_strcs/robo2axis_data_strcs/msg/detail
[3.414s] -- Up-to-date: /home/jimmy/ros2_robo2axis/install/robo2axis_data_strcs/include/robo2axis_data_strcs/robo2axis_data_strcs/msg/detail/dds_fastrtps
[3.414s] -- Installing: /home/jimmy/ros2_robo2axis/install/robo2axis_data_strcs/include/robo2axis_data_strcs/robo2axis_data_strcs/msg/detail/encoder_counts__rosidl_typesupport_fastrtps_cpp.hpp
[3.414s] -- Installing: /home/jimmy/ros2_robo2axis/install/robo2axis_data_strcs/include/robo2axis_data_strcs/robo2axis_data_strcs/msg/detail/duty_cycle__rosidl_typesupport_fastrtps_cpp.hpp
[3.414s] -- Installing: /home/jimmy/ros2_robo2axis/install/robo2axis_data_strcs/lib/librobo2axis_data_strcs__rosidl_typesupport_fastrtps_cpp.so
[3.415s] -- Set runtime path of "/home/jimmy/ros2_robo2axis/install/robo2axis_data_strcs/lib/librobo2axis_data_strcs__rosidl_typesupport_fastrtps_cpp.so" to ""
[3.415s] -- Up-to-date: /home/jimmy/ros2_robo2axis/install/robo2axis_data_strcs/include/robo2axis_data_strcs/robo2axis_data_strcs
[3.415s] -- Up-to-date: /home/jimmy/ros2_robo2axis/install/robo2axis_data_strcs/include/robo2axis_data_strcs/robo2axis_data_strcs/msg
[3.415s] -- Up-to-date: /home/jimmy/ros2_robo2axis/install/robo2axis_data_strcs/include/robo2axis_data_strcs/robo2axis_data_strcs/msg/detail
[3.415s] -- Installing: /home/jimmy/ros2_robo2axis/install/robo2axis_data_strcs/include/robo2axis_data_strcs/robo2axis_data_strcs/msg/detail/encoder_counts__type_support.cpp
[3.416s] -- Installing: /home/jimmy/ros2_robo2axis/install/robo2axis_data_strcs/include/robo2axis_data_strcs/robo2axis_data_strcs/msg/detail/duty_cycle__rosidl_typesupport_introspection_cpp.hpp
[3.416s] -- Installing: /home/jimmy/ros2_robo2axis/install/robo2axis_data_strcs/include/robo2axis_data_strcs/robo2axis_data_strcs/msg/detail/duty_cycle__type_support.cpp
[3.416s] -- Installing: /home/jimmy/ros2_robo2axis/install/robo2axis_data_strcs/include/robo2axis_data_strcs/robo2axis_data_strcs/msg/detail/encoder_counts__rosidl_typesupport_introspection_cpp.hpp
[3.417s] -- Installing: /home/jimmy/ros2_robo2axis/install/robo2axis_data_strcs/lib/librobo2axis_data_strcs__rosidl_typesupport_introspection_cpp.so
[3.417s] -- Set runtime path of "/home/jimmy/ros2_robo2axis/install/robo2axis_data_strcs/lib/librobo2axis_data_strcs__rosidl_typesupport_introspection_cpp.so" to ""
[3.418s] -- Installing: /home/jimmy/ros2_robo2axis/install/robo2axis_data_strcs/lib/librobo2axis_data_strcs__rosidl_typesupport_cpp.so
[3.418s] -- Set runtime path of "/home/jimmy/ros2_robo2axis/install/robo2axis_data_strcs/lib/librobo2axis_data_strcs__rosidl_typesupport_cpp.so" to ""
[3.418s] -- Up-to-date: /home/jimmy/ros2_robo2axis/install/robo2axis_data_strcs/share/robo2axis_data_strcs/environment/pythonpath.sh
[3.418s] -- Installing: /home/jimmy/ros2_robo2axis/install/robo2axis_data_strcs/share/robo2axis_data_strcs/environment/pythonpath.dsv
[3.419s] -- Up-to-date: /home/jimmy/ros2_robo2axis/install/robo2axis_data_strcs/local/lib/python3.10/dist-packages/robo2axis_data_strcs-0.0.0-py3.10.egg-info
[3.419s] -- Installing: /home/jimmy/ros2_robo2axis/install/robo2axis_data_strcs/local/lib/python3.10/dist-packages/robo2axis_data_strcs-0.0.0-py3.10.egg-info/top_level.txt
[3.419s] -- Installing: /home/jimmy/ros2_robo2axis/install/robo2axis_data_strcs/local/lib/python3.10/dist-packages/robo2axis_data_strcs-0.0.0-py3.10.egg-info/SOURCES.txt
[3.419s] -- Installing: /home/jimmy/ros2_robo2axis/install/robo2axis_data_strcs/local/lib/python3.10/dist-packages/robo2axis_data_strcs-0.0.0-py3.10.egg-info/PKG-INFO
[3.419s] -- Installing: /home/jimmy/ros2_robo2axis/install/robo2axis_data_strcs/local/lib/python3.10/dist-packages/robo2axis_data_strcs-0.0.0-py3.10.egg-info/dependency_links.txt
[3.419s] -- Up-to-date: /home/jimmy/ros2_robo2axis/install/robo2axis_data_strcs/local/lib/python3.10/dist-packages/robo2axis_data_strcs
[3.419s] -- Installing: /home/jimmy/ros2_robo2axis/install/robo2axis_data_strcs/local/lib/python3.10/dist-packages/robo2axis_data_strcs/librobo2axis_data_strcs__rosidl_generator_py.so
[3.419s] -- Installing: /home/jimmy/ros2_robo2axis/install/robo2axis_data_strcs/local/lib/python3.10/dist-packages/robo2axis_data_strcs/robo2axis_data_strcs_s__rosidl_typesupport_c.cpython-310-x86_64-linux-gnu.so
[3.419s] -- Installing: /home/jimmy/ros2_robo2axis/install/robo2axis_data_strcs/local/lib/python3.10/dist-packages/robo2axis_data_strcs/_robo2axis_data_strcs_s.ep.rosidl_typesupport_introspection_c.c
[3.420s] -- Installing: /home/jimmy/ros2_robo2axis/install/robo2axis_data_strcs/local/lib/python3.10/dist-packages/robo2axis_data_strcs/robo2axis_data_strcs_s__rosidl_typesupport_fastrtps_c.cpython-310-x86_64-linux-gnu.so
[3.420s] -- Installing: /home/jimmy/ros2_robo2axis/install/robo2axis_data_strcs/local/lib/python3.10/dist-packages/robo2axis_data_strcs/_robo2axis_data_strcs_s.ep.rosidl_typesupport_c.c
[3.420s] -- Installing: /home/jimmy/ros2_robo2axis/install/robo2axis_data_strcs/local/lib/python3.10/dist-packages/robo2axis_data_strcs/robo2axis_data_strcs_s__rosidl_typesupport_introspection_c.cpython-310-x86_64-linux-gnu.so
[3.420s] -- Installing: /home/jimmy/ros2_robo2axis/install/robo2axis_data_strcs/local/lib/python3.10/dist-packages/robo2axis_data_strcs/_robo2axis_data_strcs_s.ep.rosidl_typesupport_fastrtps_c.c
[3.420s] -- Up-to-date: /home/jimmy/ros2_robo2axis/install/robo2axis_data_strcs/local/lib/python3.10/dist-packages/robo2axis_data_strcs/msg
[3.420s] -- Installing: /home/jimmy/ros2_robo2axis/install/robo2axis_data_strcs/local/lib/python3.10/dist-packages/robo2axis_data_strcs/msg/_encoder_counts_s.c
[3.420s] -- Installing: /home/jimmy/ros2_robo2axis/install/robo2axis_data_strcs/local/lib/python3.10/dist-packages/robo2axis_data_strcs/msg/_encoder_counts.py
[3.421s] -- Installing: /home/jimmy/ros2_robo2axis/install/robo2axis_data_strcs/local/lib/python3.10/dist-packages/robo2axis_data_strcs/msg/_duty_cycle.py
[3.421s] -- Installing: /home/jimmy/ros2_robo2axis/install/robo2axis_data_strcs/local/lib/python3.10/dist-packages/robo2axis_data_strcs/msg/_duty_cycle_s.c
[3.421s] -- Installing: /home/jimmy/ros2_robo2axis/install/robo2axis_data_strcs/local/lib/python3.10/dist-packages/robo2axis_data_strcs/msg/__init__.py
[3.421s] -- Installing: /home/jimmy/ros2_robo2axis/install/robo2axis_data_strcs/local/lib/python3.10/dist-packages/robo2axis_data_strcs/__init__.py
[3.454s] Listing '/home/jimmy/ros2_robo2axis/install/robo2axis_data_strcs/local/lib/python3.10/dist-packages/robo2axis_data_strcs'...
[3.454s] Compiling '/home/jimmy/ros2_robo2axis/install/robo2axis_data_strcs/local/lib/python3.10/dist-packages/robo2axis_data_strcs/__init__.py'...
[3.454s] Listing '/home/jimmy/ros2_robo2axis/install/robo2axis_data_strcs/local/lib/python3.10/dist-packages/robo2axis_data_strcs/msg'...
[3.454s] Compiling '/home/jimmy/ros2_robo2axis/install/robo2axis_data_strcs/local/lib/python3.10/dist-packages/robo2axis_data_strcs/msg/__init__.py'...
[3.454s] Compiling '/home/jimmy/ros2_robo2axis/install/robo2axis_data_strcs/local/lib/python3.10/dist-packages/robo2axis_data_strcs/msg/_duty_cycle.py'...
[3.454s] Compiling '/home/jimmy/ros2_robo2axis/install/robo2axis_data_strcs/local/lib/python3.10/dist-packages/robo2axis_data_strcs/msg/_encoder_counts.py'...
[3.458s] -- Installing: /home/jimmy/ros2_robo2axis/install/robo2axis_data_strcs/local/lib/python3.10/dist-packages/robo2axis_data_strcs/robo2axis_data_strcs_s__rosidl_typesupport_fastrtps_c.cpython-310-x86_64-linux-gnu.so
[3.458s] -- Set runtime path of "/home/jimmy/ros2_robo2axis/install/robo2axis_data_strcs/local/lib/python3.10/dist-packages/robo2axis_data_strcs/robo2axis_data_strcs_s__rosidl_typesupport_fastrtps_c.cpython-310-x86_64-linux-gnu.so" to ""
[3.459s] -- Installing: /home/jimmy/ros2_robo2axis/install/robo2axis_data_strcs/local/lib/python3.10/dist-packages/robo2axis_data_strcs/robo2axis_data_strcs_s__rosidl_typesupport_introspection_c.cpython-310-x86_64-linux-gnu.so
[3.459s] -- Set runtime path of "/home/jimmy/ros2_robo2axis/install/robo2axis_data_strcs/local/lib/python3.10/dist-packages/robo2axis_data_strcs/robo2axis_data_strcs_s__rosidl_typesupport_introspection_c.cpython-310-x86_64-linux-gnu.so" to ""
[3.459s] -- Installing: /home/jimmy/ros2_robo2axis/install/robo2axis_data_strcs/local/lib/python3.10/dist-packages/robo2axis_data_strcs/robo2axis_data_strcs_s__rosidl_typesupport_c.cpython-310-x86_64-linux-gnu.so
[3.460s] -- Set runtime path of "/home/jimmy/ros2_robo2axis/install/robo2axis_data_strcs/local/lib/python3.10/dist-packages/robo2axis_data_strcs/robo2axis_data_strcs_s__rosidl_typesupport_c.cpython-310-x86_64-linux-gnu.so" to ""
[3.461s] -- Installing: /home/jimmy/ros2_robo2axis/install/robo2axis_data_strcs/lib/librobo2axis_data_strcs__rosidl_generator_py.so
[3.461s] -- Set runtime path of "/home/jimmy/ros2_robo2axis/install/robo2axis_data_strcs/lib/librobo2axis_data_strcs__rosidl_generator_py.so" to ""
[3.461s] -- Up-to-date: /home/jimmy/ros2_robo2axis/install/robo2axis_data_strcs/share/robo2axis_data_strcs/msg/EncoderCounts.idl
[3.461s] -- Installing: /home/jimmy/ros2_robo2axis/install/robo2axis_data_strcs/share/robo2axis_data_strcs/msg/DutyCycle.idl
[3.461s] -- Up-to-date: /home/jimmy/ros2_robo2axis/install/robo2axis_data_strcs/share/robo2axis_data_strcs/msg/EncoderCounts.msg
[3.461s] -- Installing: /home/jimmy/ros2_robo2axis/install/robo2axis_data_strcs/share/robo2axis_data_strcs/msg/DutyCycle.msg
[3.462s] -- Up-to-date: /home/jimmy/ros2_robo2axis/install/robo2axis_data_strcs/share/ament_index/resource_index/package_run_dependencies/robo2axis_data_strcs
[3.462s] -- Up-to-date: /home/jimmy/ros2_robo2axis/install/robo2axis_data_strcs/share/ament_index/resource_index/parent_prefix_path/robo2axis_data_strcs
[3.462s] -- Installing: /home/jimmy/ros2_robo2axis/install/robo2axis_data_strcs/share/robo2axis_data_strcs/environment/ament_prefix_path.sh
[3.462s] -- Installing: /home/jimmy/ros2_robo2axis/install/robo2axis_data_strcs/share/robo2axis_data_strcs/environment/ament_prefix_path.dsv
[3.462s] -- Installing: /home/jimmy/ros2_robo2axis/install/robo2axis_data_strcs/share/robo2axis_data_strcs/environment/path.sh
[3.462s] -- Installing: /home/jimmy/ros2_robo2axis/install/robo2axis_data_strcs/share/robo2axis_data_strcs/environment/path.dsv
[3.462s] -- Up-to-date: /home/jimmy/ros2_robo2axis/install/robo2axis_data_strcs/share/robo2axis_data_strcs/local_setup.bash
[3.462s] -- Up-to-date: /home/jimmy/ros2_robo2axis/install/robo2axis_data_strcs/share/robo2axis_data_strcs/local_setup.sh
[3.462s] -- Up-to-date: /home/jimmy/ros2_robo2axis/install/robo2axis_data_strcs/share/robo2axis_data_strcs/local_setup.zsh
[3.462s] -- Installing: /home/jimmy/ros2_robo2axis/install/robo2axis_data_strcs/share/robo2axis_data_strcs/local_setup.dsv
[3.463s] -- Installing: /home/jimmy/ros2_robo2axis/install/robo2axis_data_strcs/share/robo2axis_data_strcs/package.dsv
[3.463s] -- Up-to-date: /home/jimmy/ros2_robo2axis/install/robo2axis_data_strcs/share/ament_index/resource_index/packages/robo2axis_data_strcs
[3.463s] -- Up-to-date: /home/jimmy/ros2_robo2axis/install/robo2axis_data_strcs/share/robo2axis_data_strcs/cmake/export_robo2axis_data_strcs__rosidl_generator_cExport.cmake
[3.463s] -- Up-to-date: /home/jimmy/ros2_robo2axis/install/robo2axis_data_strcs/share/robo2axis_data_strcs/cmake/export_robo2axis_data_strcs__rosidl_generator_cExport-noconfig.cmake
[3.464s] -- Up-to-date: /home/jimmy/ros2_robo2axis/install/robo2axis_data_strcs/share/robo2axis_data_strcs/cmake/export_robo2axis_data_strcs__rosidl_typesupport_fastrtps_cExport.cmake
[3.464s] -- Up-to-date: /home/jimmy/ros2_robo2axis/install/robo2axis_data_strcs/share/robo2axis_data_strcs/cmake/export_robo2axis_data_strcs__rosidl_typesupport_fastrtps_cExport-noconfig.cmake
[3.464s] -- Up-to-date: /home/jimmy/ros2_robo2axis/install/robo2axis_data_strcs/share/robo2axis_data_strcs/cmake/robo2axis_data_strcs__rosidl_typesupport_introspection_cExport.cmake
[3.464s] -- Up-to-date: /home/jimmy/ros2_robo2axis/install/robo2axis_data_strcs/share/robo2axis_data_strcs/cmake/robo2axis_data_strcs__rosidl_typesupport_introspection_cExport-noconfig.cmake
[3.465s] -- Up-to-date: /home/jimmy/ros2_robo2axis/install/robo2axis_data_strcs/share/robo2axis_data_strcs/cmake/robo2axis_data_strcs__rosidl_typesupport_cExport.cmake
[3.465s] -- Up-to-date: /home/jimmy/ros2_robo2axis/install/robo2axis_data_strcs/share/robo2axis_data_strcs/cmake/robo2axis_data_strcs__rosidl_typesupport_cExport-noconfig.cmake
[3.465s] -- Up-to-date: /home/jimmy/ros2_robo2axis/install/robo2axis_data_strcs/share/robo2axis_data_strcs/cmake/export_robo2axis_data_strcs__rosidl_generator_cppExport.cmake
[3.465s] -- Up-to-date: /home/jimmy/ros2_robo2axis/install/robo2axis_data_strcs/share/robo2axis_data_strcs/cmake/export_robo2axis_data_strcs__rosidl_typesupport_fastrtps_cppExport.cmake
[3.465s] -- Up-to-date: /home/jimmy/ros2_robo2axis/install/robo2axis_data_strcs/share/robo2axis_data_strcs/cmake/export_robo2axis_data_strcs__rosidl_typesupport_fastrtps_cppExport-noconfig.cmake
[3.466s] -- Up-to-date: /home/jimmy/ros2_robo2axis/install/robo2axis_data_strcs/share/robo2axis_data_strcs/cmake/robo2axis_data_strcs__rosidl_typesupport_introspection_cppExport.cmake
[3.466s] -- Up-to-date: /home/jimmy/ros2_robo2axis/install/robo2axis_data_strcs/share/robo2axis_data_strcs/cmake/robo2axis_data_strcs__rosidl_typesupport_introspection_cppExport-noconfig.cmake
[3.466s] -- Up-to-date: /home/jimmy/ros2_robo2axis/install/robo2axis_data_strcs/share/robo2axis_data_strcs/cmake/robo2axis_data_strcs__rosidl_typesupport_cppExport.cmake
[3.466s] -- Up-to-date: /home/jimmy/ros2_robo2axis/install/robo2axis_data_strcs/share/robo2axis_data_strcs/cmake/robo2axis_data_strcs__rosidl_typesupport_cppExport-noconfig.cmake
[3.467s] -- Up-to-date: /home/jimmy/ros2_robo2axis/install/robo2axis_data_strcs/share/robo2axis_data_strcs/cmake/export_robo2axis_data_strcs__rosidl_generator_pyExport.cmake
[3.467s] -- Up-to-date: /home/jimmy/ros2_robo2axis/install/robo2axis_data_strcs/share/robo2axis_data_strcs/cmake/export_robo2axis_data_strcs__rosidl_generator_pyExport-noconfig.cmake
[3.467s] -- Installing: /home/jimmy/ros2_robo2axis/install/robo2axis_data_strcs/share/robo2axis_data_strcs/cmake/rosidl_cmake-extras.cmake
[3.467s] -- Up-to-date: /home/jimmy/ros2_robo2axis/install/robo2axis_data_strcs/share/robo2axis_data_strcs/cmake/ament_cmake_export_include_directories-extras.cmake
[3.467s] -- Up-to-date: /home/jimmy/ros2_robo2axis/install/robo2axis_data_strcs/share/robo2axis_data_strcs/cmake/ament_cmake_export_libraries-extras.cmake
[3.467s] -- Up-to-date: /home/jimmy/ros2_robo2axis/install/robo2axis_data_strcs/share/robo2axis_data_strcs/cmake/ament_cmake_export_targets-extras.cmake
[3.467s] -- Up-to-date: /home/jimmy/ros2_robo2axis/install/robo2axis_data_strcs/share/robo2axis_data_strcs/cmake/rosidl_cmake_export_typesupport_targets-extras.cmake
[3.467s] -- Up-to-date: /home/jimmy/ros2_robo2axis/install/robo2axis_data_strcs/share/robo2axis_data_strcs/cmake/ament_cmake_export_dependencies-extras.cmake
[3.467s] -- Up-to-date: /home/jimmy/ros2_robo2axis/install/robo2axis_data_strcs/share/robo2axis_data_strcs/cmake/rosidl_cmake_export_typesupport_libraries-extras.cmake
[3.467s] -- Up-to-date: /home/jimmy/ros2_robo2axis/install/robo2axis_data_strcs/share/robo2axis_data_strcs/cmake/robo2axis_data_strcsConfig.cmake
[3.467s] -- Up-to-date: /home/jimmy/ros2_robo2axis/install/robo2axis_data_strcs/share/robo2axis_data_strcs/cmake/robo2axis_data_strcsConfig-version.cmake
[3.467s] -- Up-to-date: /home/jimmy/ros2_robo2axis/install/robo2axis_data_strcs/share/robo2axis_data_strcs/package.xml
[3.470s] Invoked command in '/home/jimmy/ros2_robo2axis/build/robo2axis_data_strcs' returned '0': CMAKE_PREFIX_PATH=/opt/ros/humble /usr/bin/cmake --install /home/jimmy/ros2_robo2axis/build/robo2axis_data_strcs
