running egg_info
writing ../../build/robo2axis_serial/robo2axis_serial.egg-info/PKG-INFO
writing dependency_links to ../../build/robo2axis_serial/robo2axis_serial.egg-info/dependency_links.txt
writing entry points to ../../build/robo2axis_serial/robo2axis_serial.egg-info/entry_points.txt
writing requirements to ../../build/robo2axis_serial/robo2axis_serial.egg-info/requires.txt
writing top-level names to ../../build/robo2axis_serial/robo2axis_serial.egg-info/top_level.txt
reading manifest file '../../build/robo2axis_serial/robo2axis_serial.egg-info/SOURCES.txt'
writing manifest file '../../build/robo2axis_serial/robo2axis_serial.egg-info/SOURCES.txt'
running build
running build_py
copying robo2axis_serial/Teensy_to_ROS2_serial.py -> /home/jimmy/ros2_robo2axis/build/robo2axis_serial/build/lib/robo2axis_serial
running install
running install_lib
copying /home/jimmy/ros2_robo2axis/build/robo2axis_serial/build/lib/robo2axis_serial/Teensy_to_ROS2_serial.py -> /home/jimmy/ros2_robo2axis/install/robo2axis_serial/lib/python3.10/site-packages/robo2axis_serial
byte-compiling /home/jimmy/ros2_robo2axis/install/robo2axis_serial/lib/python3.10/site-packages/robo2axis_serial/Teensy_to_ROS2_serial.py to Teensy_to_ROS2_serial.cpython-310.pyc
running install_data
running install_egg_info
removing '/home/jimmy/ros2_robo2axis/install/robo2axis_serial/lib/python3.10/site-packages/robo2axis_serial-0.0.0-py3.10.egg-info' (and everything under it)
Copying ../../build/robo2axis_serial/robo2axis_serial.egg-info to /home/jimmy/ros2_robo2axis/install/robo2axis_serial/lib/python3.10/site-packages/robo2axis_serial-0.0.0-py3.10.egg-info
running install_scripts
Installing robo2axis_serial script to /home/jimmy/ros2_robo2axis/install/robo2axis_serial/lib/robo2axis_serial
writing list of installed files to '/home/jimmy/ros2_robo2axis/build/robo2axis_serial/install.log'
