[0.652s] Invoking command in '/home/jimmy/ros2_robo2axis/src/robo2axis_pid': AMENT_PREFIX_PATH=/home/jimmy/ros2_robo2axis/install/robo2axis_data_strcs:${AMENT_PREFIX_PATH} CMAKE_PREFIX_PATH=/home/jimmy/ros2_robo2axis/install/robo2axis_data_strcs LD_LIBRARY_PATH=/home/jimmy/ros2_robo2axis/install/robo2axis_data_strcs/lib:${LD_LIBRARY_PATH} PYTHONPATH=/home/jimmy/ros2_robo2axis/build/robo2axis_pid/prefix_override:/home/jimmy/ros2_robo2axis/install/robo2axis_pid/lib/python3.10/site-packages:/home/jimmy/ros2_robo2axis/install/robo2axis_data_strcs/local/lib/python3.10/dist-packages:${PYTHONPATH} /usr/bin/python3 setup.py egg_info --egg-base ../../build/robo2axis_pid build --build-base /home/jimmy/ros2_robo2axis/build/robo2axis_pid/build install --record /home/jimmy/ros2_robo2axis/build/robo2axis_pid/install.log --single-version-externally-managed
[0.864s] running egg_info
[0.865s] writing ../../build/robo2axis_pid/robo2axis_pid.egg-info/PKG-INFO
[0.865s] writing dependency_links to ../../build/robo2axis_pid/robo2axis_pid.egg-info/dependency_links.txt
[0.865s] writing entry points to ../../build/robo2axis_pid/robo2axis_pid.egg-info/entry_points.txt
[0.865s] writing requirements to ../../build/robo2axis_pid/robo2axis_pid.egg-info/requires.txt
[0.865s] writing top-level names to ../../build/robo2axis_pid/robo2axis_pid.egg-info/top_level.txt
[0.867s] reading manifest file '../../build/robo2axis_pid/robo2axis_pid.egg-info/SOURCES.txt'
[0.867s] writing manifest file '../../build/robo2axis_pid/robo2axis_pid.egg-info/SOURCES.txt'
[0.867s] running build
[0.868s] running build_py
[0.868s] copying robo2axis_pid/Axis_Controller.py -> /home/jimmy/ros2_robo2axis/build/robo2axis_pid/build/lib/robo2axis_pid
[0.868s] running install
[0.868s] /usr/lib/python3/dist-packages/setuptools/command/install.py:34: SetuptoolsDeprecationWarning: setup.py install is deprecated. Use build and pip and other standards-based tools.
[0.868s]   warnings.warn(
[0.868s] running install_lib
[0.869s] copying /home/jimmy/ros2_robo2axis/build/robo2axis_pid/build/lib/robo2axis_pid/Axis_Controller.py -> /home/jimmy/ros2_robo2axis/install/robo2axis_pid/lib/python3.10/site-packages/robo2axis_pid
[0.869s] byte-compiling /home/jimmy/ros2_robo2axis/install/robo2axis_pid/lib/python3.10/site-packages/robo2axis_pid/Axis_Controller.py to Axis_Controller.cpython-310.pyc
[0.870s] running install_data
[0.870s] running install_egg_info
[0.871s] removing '/home/jimmy/ros2_robo2axis/install/robo2axis_pid/lib/python3.10/site-packages/robo2axis_pid-0.0.0-py3.10.egg-info' (and everything under it)
[0.872s] Copying ../../build/robo2axis_pid/robo2axis_pid.egg-info to /home/jimmy/ros2_robo2axis/install/robo2axis_pid/lib/python3.10/site-packages/robo2axis_pid-0.0.0-py3.10.egg-info
[0.872s] running install_scripts
[0.891s] Installing robo2axis_pid script to /home/jimmy/ros2_robo2axis/install/robo2axis_pid/lib/robo2axis_pid
[0.891s] writing list of installed files to '/home/jimmy/ros2_robo2axis/build/robo2axis_pid/install.log'
[0.911s] Invoked command in '/home/jimmy/ros2_robo2axis/src/robo2axis_pid' returned '0': AMENT_PREFIX_PATH=/home/jimmy/ros2_robo2axis/install/robo2axis_data_strcs:${AMENT_PREFIX_PATH} CMAKE_PREFIX_PATH=/home/jimmy/ros2_robo2axis/install/robo2axis_data_strcs LD_LIBRARY_PATH=/home/jimmy/ros2_robo2axis/install/robo2axis_data_strcs/lib:${LD_LIBRARY_PATH} PYTHONPATH=/home/jimmy/ros2_robo2axis/build/robo2axis_pid/prefix_override:/home/jimmy/ros2_robo2axis/install/robo2axis_pid/lib/python3.10/site-packages:/home/jimmy/ros2_robo2axis/install/robo2axis_data_strcs/local/lib/python3.10/dist-packages:${PYTHONPATH} /usr/bin/python3 setup.py egg_info --egg-base ../../build/robo2axis_pid build --build-base /home/jimmy/ros2_robo2axis/build/robo2axis_pid/build install --record /home/jimmy/ros2_robo2axis/build/robo2axis_pid/install.log --single-version-externally-managed
