[0.619s] Invoking command in '/home/jimmy/ros2_robo2axis/src/robo2axis_serial': AMENT_PREFIX_PATH=/home/jimmy/ros2_robo2axis/install/robo2axis_data_strcs:${AMENT_PREFIX_PATH} CMAKE_PREFIX_PATH=/home/jimmy/ros2_robo2axis/install/robo2axis_data_strcs LD_LIBRARY_PATH=/home/jimmy/ros2_robo2axis/install/robo2axis_data_strcs/lib:${LD_LIBRARY_PATH} PYTHONPATH=/home/jimmy/ros2_robo2axis/build/robo2axis_serial/prefix_override:/home/jimmy/ros2_robo2axis/install/robo2axis_serial/lib/python3.10/site-packages:/home/jimmy/ros2_robo2axis/install/robo2axis_data_strcs/local/lib/python3.10/dist-packages:${PYTHONPATH} /usr/bin/python3 setup.py egg_info --egg-base ../../build/robo2axis_serial build --build-base /home/jimmy/ros2_robo2axis/build/robo2axis_serial/build install --record /home/jimmy/ros2_robo2axis/build/robo2axis_serial/install.log --single-version-externally-managed
[0.829s] running egg_info
[0.830s] writing ../../build/robo2axis_serial/robo2axis_serial.egg-info/PKG-INFO
[0.831s] writing dependency_links to ../../build/robo2axis_serial/robo2axis_serial.egg-info/dependency_links.txt
[0.831s] writing entry points to ../../build/robo2axis_serial/robo2axis_serial.egg-info/entry_points.txt
[0.831s] writing requirements to ../../build/robo2axis_serial/robo2axis_serial.egg-info/requires.txt
[0.831s] writing top-level names to ../../build/robo2axis_serial/robo2axis_serial.egg-info/top_level.txt
[0.835s] reading manifest file '../../build/robo2axis_serial/robo2axis_serial.egg-info/SOURCES.txt'
[0.836s] writing manifest file '../../build/robo2axis_serial/robo2axis_serial.egg-info/SOURCES.txt'
[0.836s] running build
[0.836s] running build_py
[0.837s] running install
[0.837s] /usr/lib/python3/dist-packages/setuptools/command/install.py:34: SetuptoolsDeprecationWarning: setup.py install is deprecated. Use build and pip and other standards-based tools.
[0.837s]   warnings.warn(
[0.837s] running install_lib
[0.839s] running install_data
[0.840s] running install_egg_info
[0.842s] removing '/home/jimmy/ros2_robo2axis/install/robo2axis_serial/lib/python3.10/site-packages/robo2axis_serial-0.0.0-py3.10.egg-info' (and everything under it)
[0.843s] Copying ../../build/robo2axis_serial/robo2axis_serial.egg-info to /home/jimmy/ros2_robo2axis/install/robo2axis_serial/lib/python3.10/site-packages/robo2axis_serial-0.0.0-py3.10.egg-info
[0.844s] running install_scripts
[0.869s] Installing robo2axis_serial script to /home/jimmy/ros2_robo2axis/install/robo2axis_serial/lib/robo2axis_serial
[0.870s] writing list of installed files to '/home/jimmy/ros2_robo2axis/build/robo2axis_serial/install.log'
[0.893s] Invoked command in '/home/jimmy/ros2_robo2axis/src/robo2axis_serial' returned '0': AMENT_PREFIX_PATH=/home/jimmy/ros2_robo2axis/install/robo2axis_data_strcs:${AMENT_PREFIX_PATH} CMAKE_PREFIX_PATH=/home/jimmy/ros2_robo2axis/install/robo2axis_data_strcs LD_LIBRARY_PATH=/home/jimmy/ros2_robo2axis/install/robo2axis_data_strcs/lib:${LD_LIBRARY_PATH} PYTHONPATH=/home/jimmy/ros2_robo2axis/build/robo2axis_serial/prefix_override:/home/jimmy/ros2_robo2axis/install/robo2axis_serial/lib/python3.10/site-packages:/home/jimmy/ros2_robo2axis/install/robo2axis_data_strcs/local/lib/python3.10/dist-packages:${PYTHONPATH} /usr/bin/python3 setup.py egg_info --egg-base ../../build/robo2axis_serial build --build-base /home/jimmy/ros2_robo2axis/build/robo2axis_serial/build install --record /home/jimmy/ros2_robo2axis/build/robo2axis_serial/install.log --single-version-externally-managed
