[0.891s] DEBUG:colcon:Command line arguments: ['/usr/bin/colcon', 'build', '--packages-select', 'robo2axis_data_strcs', 'robo2axis_serial', 'robo2axis_pid']
[0.891s] DEBUG:colcon:Parsed command line arguments: Namespace(log_base=None, log_level=None, verb_name='build', build_base='build', install_base='install', merge_install=False, symlink_install=False, test_result_base=None, continue_on_error=False, executor='parallel', parallel_workers=12, event_handlers=None, ignore_user_meta=False, metas=['./colcon.meta'], base_paths=['.'], packages_ignore=None, packages_ignore_regex=None, paths=None, packages_up_to=None, packages_up_to_regex=None, packages_above=None, packages_above_and_dependencies=None, packages_above_depth=None, packages_select_by_dep=None, packages_skip_by_dep=None, packages_skip_up_to=None, packages_select_build_failed=False, packages_skip_build_finished=False, packages_select_test_failures=False, packages_skip_test_passed=False, packages_select=['robo2axis_data_strcs', 'robo2axis_serial', 'robo2axis_pid'], packages_skip=None, packages_select_regex=None, packages_skip_regex=None, packages_start=None, packages_end=None, allow_overriding=[], cmake_args=None, cmake_target=None, cmake_target_skip_unavailable=False, cmake_clean_cache=False, cmake_clean_first=False, cmake_force_configure=False, ament_cmake_args=None, catkin_cmake_args=None, catkin_skip_building_tests=False, verb_parser=<colcon_defaults.argument_parser.defaults.DefaultArgumentsDecorator object at 0x7f8a72aa92d0>, verb_extension=<colcon_core.verb.build.BuildVerb object at 0x7f8a72ec7220>, main=<bound method BuildVerb.main of <colcon_core.verb.build.BuildVerb object at 0x7f8a72ec7220>>)
[0.932s] Level 1:colcon.colcon_core.package_discovery:discover_packages(colcon_meta) check parameters
[0.932s] Level 1:colcon.colcon_core.package_discovery:discover_packages(recursive) check parameters
[0.932s] Level 1:colcon.colcon_core.package_discovery:discover_packages(ignore) check parameters
[0.932s] Level 1:colcon.colcon_core.package_discovery:discover_packages(path) check parameters
[0.933s] Level 1:colcon.colcon_core.package_discovery:discover_packages(colcon_meta) discover
[0.933s] Level 1:colcon.colcon_core.package_discovery:discover_packages(recursive) discover
[0.933s] INFO:colcon.colcon_core.package_discovery:Crawling recursively for packages in '/home/jimmy/ros2_robo2axis'
[0.933s] Level 1:colcon.colcon_core.package_identification:_identify(.) by extensions ['ignore', 'ignore_ament_install']
[0.933s] Level 1:colcon.colcon_core.package_identification:_identify(.) by extension 'ignore'
[0.933s] Level 1:colcon.colcon_core.package_identification:_identify(.) by extension 'ignore_ament_install'
[0.933s] Level 1:colcon.colcon_core.package_identification:_identify(.) by extensions ['colcon_pkg']
[0.933s] Level 1:colcon.colcon_core.package_identification:_identify(.) by extension 'colcon_pkg'
[0.933s] Level 1:colcon.colcon_core.package_identification:_identify(.) by extensions ['colcon_meta']
[0.933s] Level 1:colcon.colcon_core.package_identification:_identify(.) by extension 'colcon_meta'
[0.933s] Level 1:colcon.colcon_core.package_identification:_identify(.) by extensions ['ros']
[0.933s] Level 1:colcon.colcon_core.package_identification:_identify(.) by extension 'ros'
[0.943s] Level 1:colcon.colcon_core.package_identification:_identify(.) by extensions ['cmake', 'python']
[0.943s] Level 1:colcon.colcon_core.package_identification:_identify(.) by extension 'cmake'
[0.943s] Level 1:colcon.colcon_core.package_identification:_identify(.) by extension 'python'
[0.943s] Level 1:colcon.colcon_core.package_identification:_identify(.) by extensions ['python_setup_py']
[0.943s] Level 1:colcon.colcon_core.package_identification:_identify(.) by extension 'python_setup_py'
[0.943s] Level 1:colcon.colcon_core.package_identification:_identify(build) by extensions ['ignore', 'ignore_ament_install']
[0.943s] Level 1:colcon.colcon_core.package_identification:_identify(build) by extension 'ignore'
[0.943s] Level 1:colcon.colcon_core.package_identification:_identify(build) ignored
[0.943s] Level 1:colcon.colcon_core.package_identification:_identify(install) by extensions ['ignore', 'ignore_ament_install']
[0.944s] Level 1:colcon.colcon_core.package_identification:_identify(install) by extension 'ignore'
[0.944s] Level 1:colcon.colcon_core.package_identification:_identify(install) ignored
[0.944s] Level 1:colcon.colcon_core.package_identification:_identify(launch_robo2axis) by extensions ['ignore', 'ignore_ament_install']
[0.944s] Level 1:colcon.colcon_core.package_identification:_identify(launch_robo2axis) by extension 'ignore'
[0.944s] Level 1:colcon.colcon_core.package_identification:_identify(launch_robo2axis) by extension 'ignore_ament_install'
[0.944s] Level 1:colcon.colcon_core.package_identification:_identify(launch_robo2axis) by extensions ['colcon_pkg']
[0.944s] Level 1:colcon.colcon_core.package_identification:_identify(launch_robo2axis) by extension 'colcon_pkg'
[0.944s] Level 1:colcon.colcon_core.package_identification:_identify(launch_robo2axis) by extensions ['colcon_meta']
[0.944s] Level 1:colcon.colcon_core.package_identification:_identify(launch_robo2axis) by extension 'colcon_meta'
[0.944s] Level 1:colcon.colcon_core.package_identification:_identify(launch_robo2axis) by extensions ['ros']
[0.944s] Level 1:colcon.colcon_core.package_identification:_identify(launch_robo2axis) by extension 'ros'
[0.944s] Level 1:colcon.colcon_core.package_identification:_identify(launch_robo2axis) by extensions ['cmake', 'python']
[0.944s] Level 1:colcon.colcon_core.package_identification:_identify(launch_robo2axis) by extension 'cmake'
[0.945s] Level 1:colcon.colcon_core.package_identification:_identify(launch_robo2axis) by extension 'python'
[0.945s] Level 1:colcon.colcon_core.package_identification:_identify(launch_robo2axis) by extensions ['python_setup_py']
[0.945s] Level 1:colcon.colcon_core.package_identification:_identify(launch_robo2axis) by extension 'python_setup_py'
[0.945s] Level 1:colcon.colcon_core.package_identification:_identify(launch_robo2axis/__pycache__) by extensions ['ignore', 'ignore_ament_install']
[0.945s] Level 1:colcon.colcon_core.package_identification:_identify(launch_robo2axis/__pycache__) by extension 'ignore'
[0.945s] Level 1:colcon.colcon_core.package_identification:_identify(launch_robo2axis/__pycache__) by extension 'ignore_ament_install'
[0.945s] Level 1:colcon.colcon_core.package_identification:_identify(launch_robo2axis/__pycache__) by extensions ['colcon_pkg']
[0.945s] Level 1:colcon.colcon_core.package_identification:_identify(launch_robo2axis/__pycache__) by extension 'colcon_pkg'
[0.945s] Level 1:colcon.colcon_core.package_identification:_identify(launch_robo2axis/__pycache__) by extensions ['colcon_meta']
[0.945s] Level 1:colcon.colcon_core.package_identification:_identify(launch_robo2axis/__pycache__) by extension 'colcon_meta'
[0.945s] Level 1:colcon.colcon_core.package_identification:_identify(launch_robo2axis/__pycache__) by extensions ['ros']
[0.945s] Level 1:colcon.colcon_core.package_identification:_identify(launch_robo2axis/__pycache__) by extension 'ros'
[0.945s] Level 1:colcon.colcon_core.package_identification:_identify(launch_robo2axis/__pycache__) by extensions ['cmake', 'python']
[0.945s] Level 1:colcon.colcon_core.package_identification:_identify(launch_robo2axis/__pycache__) by extension 'cmake'
[0.946s] Level 1:colcon.colcon_core.package_identification:_identify(launch_robo2axis/__pycache__) by extension 'python'
[0.946s] Level 1:colcon.colcon_core.package_identification:_identify(launch_robo2axis/__pycache__) by extensions ['python_setup_py']
[0.946s] Level 1:colcon.colcon_core.package_identification:_identify(launch_robo2axis/__pycache__) by extension 'python_setup_py'
[0.946s] Level 1:colcon.colcon_core.package_identification:_identify(log) by extensions ['ignore', 'ignore_ament_install']
[0.946s] Level 1:colcon.colcon_core.package_identification:_identify(log) by extension 'ignore'
[0.946s] Level 1:colcon.colcon_core.package_identification:_identify(log) ignored
[0.946s] Level 1:colcon.colcon_core.package_identification:_identify(src) by extensions ['ignore', 'ignore_ament_install']
[0.946s] Level 1:colcon.colcon_core.package_identification:_identify(src) by extension 'ignore'
[0.946s] Level 1:colcon.colcon_core.package_identification:_identify(src) by extension 'ignore_ament_install'
[0.946s] Level 1:colcon.colcon_core.package_identification:_identify(src) by extensions ['colcon_pkg']
[0.947s] Level 1:colcon.colcon_core.package_identification:_identify(src) by extension 'colcon_pkg'
[0.947s] Level 1:colcon.colcon_core.package_identification:_identify(src) by extensions ['colcon_meta']
[0.947s] Level 1:colcon.colcon_core.package_identification:_identify(src) by extension 'colcon_meta'
[0.947s] Level 1:colcon.colcon_core.package_identification:_identify(src) by extensions ['ros']
[0.947s] Level 1:colcon.colcon_core.package_identification:_identify(src) by extension 'ros'
[0.947s] Level 1:colcon.colcon_core.package_identification:_identify(src) by extensions ['cmake', 'python']
[0.947s] Level 1:colcon.colcon_core.package_identification:_identify(src) by extension 'cmake'
[0.947s] Level 1:colcon.colcon_core.package_identification:_identify(src) by extension 'python'
[0.947s] Level 1:colcon.colcon_core.package_identification:_identify(src) by extensions ['python_setup_py']
[0.947s] Level 1:colcon.colcon_core.package_identification:_identify(src) by extension 'python_setup_py'
[0.947s] Level 1:colcon.colcon_core.package_identification:_identify(src/robo2axis_data_strcs) by extensions ['ignore', 'ignore_ament_install']
[0.947s] Level 1:colcon.colcon_core.package_identification:_identify(src/robo2axis_data_strcs) by extension 'ignore'
[0.947s] Level 1:colcon.colcon_core.package_identification:_identify(src/robo2axis_data_strcs) by extension 'ignore_ament_install'
[0.948s] Level 1:colcon.colcon_core.package_identification:_identify(src/robo2axis_data_strcs) by extensions ['colcon_pkg']
[0.948s] Level 1:colcon.colcon_core.package_identification:_identify(src/robo2axis_data_strcs) by extension 'colcon_pkg'
[0.948s] Level 1:colcon.colcon_core.package_identification:_identify(src/robo2axis_data_strcs) by extensions ['colcon_meta']
[0.948s] Level 1:colcon.colcon_core.package_identification:_identify(src/robo2axis_data_strcs) by extension 'colcon_meta'
[0.948s] Level 1:colcon.colcon_core.package_identification:_identify(src/robo2axis_data_strcs) by extensions ['ros']
[0.948s] Level 1:colcon.colcon_core.package_identification:_identify(src/robo2axis_data_strcs) by extension 'ros'
[0.951s] DEBUG:colcon.colcon_core.package_identification:Package 'src/robo2axis_data_strcs' with type 'ros.ament_cmake' and name 'robo2axis_data_strcs'
[0.951s] Level 1:colcon.colcon_core.package_identification:_identify(src/robo2axis_pid) by extensions ['ignore', 'ignore_ament_install']
[0.951s] Level 1:colcon.colcon_core.package_identification:_identify(src/robo2axis_pid) by extension 'ignore'
[0.951s] Level 1:colcon.colcon_core.package_identification:_identify(src/robo2axis_pid) by extension 'ignore_ament_install'
[0.951s] Level 1:colcon.colcon_core.package_identification:_identify(src/robo2axis_pid) by extensions ['colcon_pkg']
[0.951s] Level 1:colcon.colcon_core.package_identification:_identify(src/robo2axis_pid) by extension 'colcon_pkg'
[0.951s] Level 1:colcon.colcon_core.package_identification:_identify(src/robo2axis_pid) by extensions ['colcon_meta']
[0.951s] Level 1:colcon.colcon_core.package_identification:_identify(src/robo2axis_pid) by extension 'colcon_meta'
[0.951s] Level 1:colcon.colcon_core.package_identification:_identify(src/robo2axis_pid) by extensions ['ros']
[0.951s] Level 1:colcon.colcon_core.package_identification:_identify(src/robo2axis_pid) by extension 'ros'
[0.952s] DEBUG:colcon.colcon_core.package_identification:Package 'src/robo2axis_pid' with type 'ros.ament_python' and name 'robo2axis_pid'
[0.952s] Level 1:colcon.colcon_core.package_identification:_identify(src/robo2axis_serial) by extensions ['ignore', 'ignore_ament_install']
[0.952s] Level 1:colcon.colcon_core.package_identification:_identify(src/robo2axis_serial) by extension 'ignore'
[0.952s] Level 1:colcon.colcon_core.package_identification:_identify(src/robo2axis_serial) by extension 'ignore_ament_install'
[0.952s] Level 1:colcon.colcon_core.package_identification:_identify(src/robo2axis_serial) by extensions ['colcon_pkg']
[0.952s] Level 1:colcon.colcon_core.package_identification:_identify(src/robo2axis_serial) by extension 'colcon_pkg'
[0.952s] Level 1:colcon.colcon_core.package_identification:_identify(src/robo2axis_serial) by extensions ['colcon_meta']
[0.952s] Level 1:colcon.colcon_core.package_identification:_identify(src/robo2axis_serial) by extension 'colcon_meta'
[0.952s] Level 1:colcon.colcon_core.package_identification:_identify(src/robo2axis_serial) by extensions ['ros']
[0.952s] Level 1:colcon.colcon_core.package_identification:_identify(src/robo2axis_serial) by extension 'ros'
[0.953s] DEBUG:colcon.colcon_core.package_identification:Package 'src/robo2axis_serial' with type 'ros.ament_python' and name 'robo2axis_serial'
[0.953s] Level 1:colcon.colcon_core.package_discovery:discover_packages(recursive) using defaults
[0.953s] Level 1:colcon.colcon_core.package_discovery:discover_packages(ignore) discover
[0.953s] Level 1:colcon.colcon_core.package_discovery:discover_packages(ignore) using defaults
[0.953s] Level 1:colcon.colcon_core.package_discovery:discover_packages(path) discover
[0.953s] Level 1:colcon.colcon_core.package_discovery:discover_packages(path) using defaults
[1.037s] Level 1:colcon.colcon_core.package_discovery:discover_packages(prefix_path) check parameters
[1.037s] Level 1:colcon.colcon_core.package_discovery:discover_packages(prefix_path) discover
[1.064s] DEBUG:colcon.colcon_installed_package_information.package_discovery:Found 287 installed packages in /opt/ros/humble
[1.065s] Level 1:colcon.colcon_core.package_discovery:discover_packages(prefix_path) using defaults
[1.154s] Level 5:colcon.colcon_core.verb:set package 'robo2axis_data_strcs' build argument 'cmake_args' from command line to 'None'
[1.154s] Level 5:colcon.colcon_core.verb:set package 'robo2axis_data_strcs' build argument 'cmake_target' from command line to 'None'
[1.154s] Level 5:colcon.colcon_core.verb:set package 'robo2axis_data_strcs' build argument 'cmake_target_skip_unavailable' from command line to 'False'
[1.154s] Level 5:colcon.colcon_core.verb:set package 'robo2axis_data_strcs' build argument 'cmake_clean_cache' from command line to 'False'
[1.154s] Level 5:colcon.colcon_core.verb:set package 'robo2axis_data_strcs' build argument 'cmake_clean_first' from command line to 'False'
[1.154s] Level 5:colcon.colcon_core.verb:set package 'robo2axis_data_strcs' build argument 'cmake_force_configure' from command line to 'False'
[1.154s] Level 5:colcon.colcon_core.verb:set package 'robo2axis_data_strcs' build argument 'ament_cmake_args' from command line to 'None'
[1.154s] Level 5:colcon.colcon_core.verb:set package 'robo2axis_data_strcs' build argument 'catkin_cmake_args' from command line to 'None'
[1.155s] Level 5:colcon.colcon_core.verb:set package 'robo2axis_data_strcs' build argument 'catkin_skip_building_tests' from command line to 'False'
[1.155s] DEBUG:colcon.colcon_core.verb:Building package 'robo2axis_data_strcs' with the following arguments: {'ament_cmake_args': None, 'build_base': '/home/jimmy/ros2_robo2axis/build/robo2axis_data_strcs', 'catkin_cmake_args': None, 'catkin_skip_building_tests': False, 'cmake_args': None, 'cmake_clean_cache': False, 'cmake_clean_first': False, 'cmake_force_configure': False, 'cmake_target': None, 'cmake_target_skip_unavailable': False, 'install_base': '/home/jimmy/ros2_robo2axis/install/robo2axis_data_strcs', 'merge_install': False, 'path': '/home/jimmy/ros2_robo2axis/src/robo2axis_data_strcs', 'symlink_install': False, 'test_result_base': None}
[1.168s] Level 5:colcon.colcon_core.verb:set package 'robo2axis_pid' build argument 'cmake_args' from command line to 'None'
[1.168s] Level 5:colcon.colcon_core.verb:set package 'robo2axis_pid' build argument 'cmake_target' from command line to 'None'
[1.168s] Level 5:colcon.colcon_core.verb:set package 'robo2axis_pid' build argument 'cmake_target_skip_unavailable' from command line to 'False'
[1.168s] Level 5:colcon.colcon_core.verb:set package 'robo2axis_pid' build argument 'cmake_clean_cache' from command line to 'False'
[1.168s] Level 5:colcon.colcon_core.verb:set package 'robo2axis_pid' build argument 'cmake_clean_first' from command line to 'False'
[1.168s] Level 5:colcon.colcon_core.verb:set package 'robo2axis_pid' build argument 'cmake_force_configure' from command line to 'False'
[1.168s] Level 5:colcon.colcon_core.verb:set package 'robo2axis_pid' build argument 'ament_cmake_args' from command line to 'None'
[1.168s] Level 5:colcon.colcon_core.verb:set package 'robo2axis_pid' build argument 'catkin_cmake_args' from command line to 'None'
[1.168s] Level 5:colcon.colcon_core.verb:set package 'robo2axis_pid' build argument 'catkin_skip_building_tests' from command line to 'False'
[1.169s] DEBUG:colcon.colcon_core.verb:Building package 'robo2axis_pid' with the following arguments: {'ament_cmake_args': None, 'build_base': '/home/jimmy/ros2_robo2axis/build/robo2axis_pid', 'catkin_cmake_args': None, 'catkin_skip_building_tests': False, 'cmake_args': None, 'cmake_clean_cache': False, 'cmake_clean_first': False, 'cmake_force_configure': False, 'cmake_target': None, 'cmake_target_skip_unavailable': False, 'install_base': '/home/jimmy/ros2_robo2axis/install/robo2axis_pid', 'merge_install': False, 'path': '/home/jimmy/ros2_robo2axis/src/robo2axis_pid', 'symlink_install': False, 'test_result_base': None}
[1.182s] Level 5:colcon.colcon_core.verb:set package 'robo2axis_serial' build argument 'cmake_args' from command line to 'None'
[1.182s] Level 5:colcon.colcon_core.verb:set package 'robo2axis_serial' build argument 'cmake_target' from command line to 'None'
[1.182s] Level 5:colcon.colcon_core.verb:set package 'robo2axis_serial' build argument 'cmake_target_skip_unavailable' from command line to 'False'
[1.182s] Level 5:colcon.colcon_core.verb:set package 'robo2axis_serial' build argument 'cmake_clean_cache' from command line to 'False'
[1.182s] Level 5:colcon.colcon_core.verb:set package 'robo2axis_serial' build argument 'cmake_clean_first' from command line to 'False'
[1.182s] Level 5:colcon.colcon_core.verb:set package 'robo2axis_serial' build argument 'cmake_force_configure' from command line to 'False'
[1.182s] Level 5:colcon.colcon_core.verb:set package 'robo2axis_serial' build argument 'ament_cmake_args' from command line to 'None'
[1.182s] Level 5:colcon.colcon_core.verb:set package 'robo2axis_serial' build argument 'catkin_cmake_args' from command line to 'None'
[1.182s] Level 5:colcon.colcon_core.verb:set package 'robo2axis_serial' build argument 'catkin_skip_building_tests' from command line to 'False'
[1.182s] DEBUG:colcon.colcon_core.verb:Building package 'robo2axis_serial' with the following arguments: {'ament_cmake_args': None, 'build_base': '/home/jimmy/ros2_robo2axis/build/robo2axis_serial', 'catkin_cmake_args': None, 'catkin_skip_building_tests': False, 'cmake_args': None, 'cmake_clean_cache': False, 'cmake_clean_first': False, 'cmake_force_configure': False, 'cmake_target': None, 'cmake_target_skip_unavailable': False, 'install_base': '/home/jimmy/ros2_robo2axis/install/robo2axis_serial', 'merge_install': False, 'path': '/home/jimmy/ros2_robo2axis/src/robo2axis_serial', 'symlink_install': False, 'test_result_base': None}
[1.196s] INFO:colcon.colcon_core.executor:Executing jobs using 'parallel' executor
[1.209s] DEBUG:colcon.colcon_parallel_executor.executor.parallel:run_until_complete
[1.210s] INFO:colcon.colcon_ros.task.ament_cmake.build:Building ROS package in '/home/jimmy/ros2_robo2axis/src/robo2axis_data_strcs' with build type 'ament_cmake'
[1.210s] INFO:colcon.colcon_cmake.task.cmake.build:Building CMake package in '/home/jimmy/ros2_robo2axis/src/robo2axis_data_strcs'
[1.225s] INFO:colcon.colcon_core.plugin_system:Skipping extension 'colcon_core.shell.bat': Not used on non-Windows systems
[1.225s] INFO:colcon.colcon_core.shell:Skip shell extension 'powershell' for command environment: Not usable outside of PowerShell
[1.225s] DEBUG:colcon.colcon_core.shell:Skip shell extension 'dsv' for command environment
[1.264s] DEBUG:colcon.colcon_core.event_handler.log_command:Invoking command in '/home/jimmy/ros2_robo2axis/build/robo2axis_data_strcs': CMAKE_PREFIX_PATH=/opt/ros/humble /usr/bin/cmake --build /home/jimmy/ros2_robo2axis/build/robo2axis_data_strcs -- -j12 -l12
[1.633s] DEBUG:colcon.colcon_core.event_handler.log_command:Invoked command in '/home/jimmy/ros2_robo2axis/build/robo2axis_data_strcs' returned '0': CMAKE_PREFIX_PATH=/opt/ros/humble /usr/bin/cmake --build /home/jimmy/ros2_robo2axis/build/robo2axis_data_strcs -- -j12 -l12
[1.711s] DEBUG:colcon.colcon_core.event_handler.log_command:Invoking command in '/home/jimmy/ros2_robo2axis/build/robo2axis_data_strcs': CMAKE_PREFIX_PATH=/opt/ros/humble /usr/bin/cmake --install /home/jimmy/ros2_robo2axis/build/robo2axis_data_strcs
[1.779s] Level 1:colcon.colcon_core.environment:create_environment_scripts_only(robo2axis_data_strcs)
[1.780s] DEBUG:colcon.colcon_core.event_handler.log_command:Invoked command in '/home/jimmy/ros2_robo2axis/build/robo2axis_data_strcs' returned '0': CMAKE_PREFIX_PATH=/opt/ros/humble /usr/bin/cmake --install /home/jimmy/ros2_robo2axis/build/robo2axis_data_strcs
[1.796s] Level 1:colcon.colcon_core.environment:checking '/home/jimmy/ros2_robo2axis/install/robo2axis_data_strcs' for CMake module files
[1.796s] Level 1:colcon.colcon_core.environment:checking '/home/jimmy/ros2_robo2axis/install/robo2axis_data_strcs' for CMake config files
[1.797s] Level 1:colcon.colcon_core.shell:create_environment_hook('robo2axis_data_strcs', 'cmake_prefix_path')
[1.810s] INFO:colcon.colcon_core.shell:Creating environment hook '/home/jimmy/ros2_robo2axis/install/robo2axis_data_strcs/share/robo2axis_data_strcs/hook/cmake_prefix_path.ps1'
[1.811s] INFO:colcon.colcon_core.shell:Creating environment descriptor '/home/jimmy/ros2_robo2axis/install/robo2axis_data_strcs/share/robo2axis_data_strcs/hook/cmake_prefix_path.dsv'
[1.811s] INFO:colcon.colcon_core.shell:Creating environment hook '/home/jimmy/ros2_robo2axis/install/robo2axis_data_strcs/share/robo2axis_data_strcs/hook/cmake_prefix_path.sh'
[1.812s] Level 1:colcon.colcon_core.environment:checking '/home/jimmy/ros2_robo2axis/install/robo2axis_data_strcs/lib'
[1.812s] Level 1:colcon.colcon_core.shell:create_environment_hook('robo2axis_data_strcs', 'ld_library_path_lib')
[1.825s] INFO:colcon.colcon_core.shell:Creating environment hook '/home/jimmy/ros2_robo2axis/install/robo2axis_data_strcs/share/robo2axis_data_strcs/hook/ld_library_path_lib.ps1'
[1.826s] INFO:colcon.colcon_core.shell:Creating environment descriptor '/home/jimmy/ros2_robo2axis/install/robo2axis_data_strcs/share/robo2axis_data_strcs/hook/ld_library_path_lib.dsv'
[1.826s] INFO:colcon.colcon_core.shell:Creating environment hook '/home/jimmy/ros2_robo2axis/install/robo2axis_data_strcs/share/robo2axis_data_strcs/hook/ld_library_path_lib.sh'
[1.826s] Level 1:colcon.colcon_core.environment:checking '/home/jimmy/ros2_robo2axis/install/robo2axis_data_strcs/bin'
[1.826s] Level 1:colcon.colcon_core.environment:checking '/home/jimmy/ros2_robo2axis/install/robo2axis_data_strcs/lib/pkgconfig/robo2axis_data_strcs.pc'
[1.826s] Level 1:colcon.colcon_core.environment:checking '/home/jimmy/ros2_robo2axis/install/robo2axis_data_strcs/lib/python3.10/site-packages'
[1.827s] Level 1:colcon.colcon_core.environment:checking '/home/jimmy/ros2_robo2axis/install/robo2axis_data_strcs/bin'
[1.840s] INFO:colcon.colcon_core.shell:Creating package script '/home/jimmy/ros2_robo2axis/install/robo2axis_data_strcs/share/robo2axis_data_strcs/package.ps1'
[1.840s] INFO:colcon.colcon_core.shell:Creating package descriptor '/home/jimmy/ros2_robo2axis/install/robo2axis_data_strcs/share/robo2axis_data_strcs/package.dsv'
[1.841s] INFO:colcon.colcon_core.shell:Creating package script '/home/jimmy/ros2_robo2axis/install/robo2axis_data_strcs/share/robo2axis_data_strcs/package.sh'
[1.842s] INFO:colcon.colcon_core.shell:Creating package script '/home/jimmy/ros2_robo2axis/install/robo2axis_data_strcs/share/robo2axis_data_strcs/package.bash'
[1.842s] INFO:colcon.colcon_core.shell:Creating package script '/home/jimmy/ros2_robo2axis/install/robo2axis_data_strcs/share/robo2axis_data_strcs/package.zsh'
[1.843s] Level 1:colcon.colcon_core.environment:create_file_with_runtime_dependencies(/home/jimmy/ros2_robo2axis/install/robo2axis_data_strcs/share/colcon-core/packages/robo2axis_data_strcs)
[1.931s] Level 1:colcon.colcon_core.environment:create_environment_scripts_only(robo2axis_data_strcs)
[1.952s] Level 1:colcon.colcon_core.environment:checking '/home/jimmy/ros2_robo2axis/install/robo2axis_data_strcs' for CMake module files
[1.952s] Level 1:colcon.colcon_core.environment:checking '/home/jimmy/ros2_robo2axis/install/robo2axis_data_strcs' for CMake config files
[1.952s] Level 1:colcon.colcon_core.shell:create_environment_hook('robo2axis_data_strcs', 'cmake_prefix_path')
[1.966s] INFO:colcon.colcon_core.shell:Creating environment hook '/home/jimmy/ros2_robo2axis/install/robo2axis_data_strcs/share/robo2axis_data_strcs/hook/cmake_prefix_path.ps1'
[1.966s] INFO:colcon.colcon_core.shell:Creating environment descriptor '/home/jimmy/ros2_robo2axis/install/robo2axis_data_strcs/share/robo2axis_data_strcs/hook/cmake_prefix_path.dsv'
[1.967s] INFO:colcon.colcon_core.shell:Creating environment hook '/home/jimmy/ros2_robo2axis/install/robo2axis_data_strcs/share/robo2axis_data_strcs/hook/cmake_prefix_path.sh'
[1.967s] Level 1:colcon.colcon_core.environment:checking '/home/jimmy/ros2_robo2axis/install/robo2axis_data_strcs/lib'
[1.967s] Level 1:colcon.colcon_core.shell:create_environment_hook('robo2axis_data_strcs', 'ld_library_path_lib')
[1.980s] INFO:colcon.colcon_core.shell:Creating environment hook '/home/jimmy/ros2_robo2axis/install/robo2axis_data_strcs/share/robo2axis_data_strcs/hook/ld_library_path_lib.ps1'
[1.981s] INFO:colcon.colcon_core.shell:Creating environment descriptor '/home/jimmy/ros2_robo2axis/install/robo2axis_data_strcs/share/robo2axis_data_strcs/hook/ld_library_path_lib.dsv'
[1.981s] INFO:colcon.colcon_core.shell:Creating environment hook '/home/jimmy/ros2_robo2axis/install/robo2axis_data_strcs/share/robo2axis_data_strcs/hook/ld_library_path_lib.sh'
[1.981s] Level 1:colcon.colcon_core.environment:checking '/home/jimmy/ros2_robo2axis/install/robo2axis_data_strcs/bin'
[1.981s] Level 1:colcon.colcon_core.environment:checking '/home/jimmy/ros2_robo2axis/install/robo2axis_data_strcs/lib/pkgconfig/robo2axis_data_strcs.pc'
[1.982s] Level 1:colcon.colcon_core.environment:checking '/home/jimmy/ros2_robo2axis/install/robo2axis_data_strcs/lib/python3.10/site-packages'
[1.982s] Level 1:colcon.colcon_core.environment:checking '/home/jimmy/ros2_robo2axis/install/robo2axis_data_strcs/bin'
[1.995s] INFO:colcon.colcon_core.shell:Creating package script '/home/jimmy/ros2_robo2axis/install/robo2axis_data_strcs/share/robo2axis_data_strcs/package.ps1'
[1.996s] INFO:colcon.colcon_core.shell:Creating package descriptor '/home/jimmy/ros2_robo2axis/install/robo2axis_data_strcs/share/robo2axis_data_strcs/package.dsv'
[1.996s] INFO:colcon.colcon_core.shell:Creating package script '/home/jimmy/ros2_robo2axis/install/robo2axis_data_strcs/share/robo2axis_data_strcs/package.sh'
[1.997s] INFO:colcon.colcon_core.shell:Creating package script '/home/jimmy/ros2_robo2axis/install/robo2axis_data_strcs/share/robo2axis_data_strcs/package.bash'
[1.997s] INFO:colcon.colcon_core.shell:Creating package script '/home/jimmy/ros2_robo2axis/install/robo2axis_data_strcs/share/robo2axis_data_strcs/package.zsh'
[1.997s] Level 1:colcon.colcon_core.environment:create_file_with_runtime_dependencies(/home/jimmy/ros2_robo2axis/install/robo2axis_data_strcs/share/colcon-core/packages/robo2axis_data_strcs)
[1.998s] INFO:colcon.colcon_ros.task.ament_python.build:Building ROS package in '/home/jimmy/ros2_robo2axis/src/robo2axis_pid' with build type 'ament_python'
[1.998s] Level 1:colcon.colcon_core.shell:create_environment_hook('robo2axis_pid', 'ament_prefix_path')
[2.012s] INFO:colcon.colcon_core.shell:Creating environment hook '/home/jimmy/ros2_robo2axis/install/robo2axis_pid/share/robo2axis_pid/hook/ament_prefix_path.ps1'
[2.012s] INFO:colcon.colcon_core.shell:Creating environment descriptor '/home/jimmy/ros2_robo2axis/install/robo2axis_pid/share/robo2axis_pid/hook/ament_prefix_path.dsv'
[2.013s] INFO:colcon.colcon_core.shell:Creating environment hook '/home/jimmy/ros2_robo2axis/install/robo2axis_pid/share/robo2axis_pid/hook/ament_prefix_path.sh'
[2.027s] INFO:colcon.colcon_core.shell:Skip shell extension 'powershell' for command environment: Not usable outside of PowerShell
[2.027s] DEBUG:colcon.colcon_core.shell:Skip shell extension 'dsv' for command environment
[2.058s] INFO:colcon.colcon_ros.task.ament_python.build:Building ROS package in '/home/jimmy/ros2_robo2axis/src/robo2axis_serial' with build type 'ament_python'
[2.058s] Level 1:colcon.colcon_core.shell:create_environment_hook('robo2axis_serial', 'ament_prefix_path')
[2.081s] INFO:colcon.colcon_core.shell:Creating environment hook '/home/jimmy/ros2_robo2axis/install/robo2axis_serial/share/robo2axis_serial/hook/ament_prefix_path.ps1'
[2.081s] INFO:colcon.colcon_core.shell:Creating environment descriptor '/home/jimmy/ros2_robo2axis/install/robo2axis_serial/share/robo2axis_serial/hook/ament_prefix_path.dsv'
[2.081s] INFO:colcon.colcon_core.shell:Creating environment hook '/home/jimmy/ros2_robo2axis/install/robo2axis_serial/share/robo2axis_serial/hook/ament_prefix_path.sh'
[2.095s] INFO:colcon.colcon_core.shell:Skip shell extension 'powershell' for command environment: Not usable outside of PowerShell
[2.095s] DEBUG:colcon.colcon_core.shell:Skip shell extension 'dsv' for command environment
[2.360s] INFO:colcon.colcon_core.task.python.build:Building Python package in '/home/jimmy/ros2_robo2axis/src/robo2axis_pid'
[2.374s] INFO:colcon.colcon_core.shell:Skip shell extension 'powershell' for command environment: Not usable outside of PowerShell
[2.374s] DEBUG:colcon.colcon_core.shell:Skip shell extension 'dsv' for command environment
[2.624s] INFO:colcon.colcon_core.task.python.build:Building Python package in '/home/jimmy/ros2_robo2axis/src/robo2axis_serial'
[2.637s] INFO:colcon.colcon_core.shell:Skip shell extension 'powershell' for command environment: Not usable outside of PowerShell
[2.637s] DEBUG:colcon.colcon_core.shell:Skip shell extension 'dsv' for command environment
[2.956s] DEBUG:colcon.colcon_core.event_handler.log_command:Invoking command in '/home/jimmy/ros2_robo2axis/src/robo2axis_pid': AMENT_PREFIX_PATH=/home/jimmy/ros2_robo2axis/install/robo2axis_data_strcs:${AMENT_PREFIX_PATH} CMAKE_PREFIX_PATH=/home/jimmy/ros2_robo2axis/install/robo2axis_data_strcs LD_LIBRARY_PATH=/home/jimmy/ros2_robo2axis/install/robo2axis_data_strcs/lib:${LD_LIBRARY_PATH} PYTHONPATH=/home/jimmy/ros2_robo2axis/build/robo2axis_pid/prefix_override:/home/jimmy/ros2_robo2axis/install/robo2axis_pid/lib/python3.10/site-packages:/home/jimmy/ros2_robo2axis/install/robo2axis_data_strcs/local/lib/python3.10/dist-packages:${PYTHONPATH} /usr/bin/python3 setup.py egg_info --egg-base ../../build/robo2axis_pid build --build-base /home/jimmy/ros2_robo2axis/build/robo2axis_pid/build install --record /home/jimmy/ros2_robo2axis/build/robo2axis_pid/install.log --single-version-externally-managed
[2.963s] DEBUG:colcon.colcon_core.event_handler.log_command:Invoking command in '/home/jimmy/ros2_robo2axis/src/robo2axis_serial': AMENT_PREFIX_PATH=/home/jimmy/ros2_robo2axis/install/robo2axis_data_strcs:${AMENT_PREFIX_PATH} CMAKE_PREFIX_PATH=/home/jimmy/ros2_robo2axis/install/robo2axis_data_strcs LD_LIBRARY_PATH=/home/jimmy/ros2_robo2axis/install/robo2axis_data_strcs/lib:${LD_LIBRARY_PATH} PYTHONPATH=/home/jimmy/ros2_robo2axis/build/robo2axis_serial/prefix_override:/home/jimmy/ros2_robo2axis/install/robo2axis_serial/lib/python3.10/site-packages:/home/jimmy/ros2_robo2axis/install/robo2axis_data_strcs/local/lib/python3.10/dist-packages:${PYTHONPATH} /usr/bin/python3 setup.py egg_info --egg-base ../../build/robo2axis_serial build --build-base /home/jimmy/ros2_robo2axis/build/robo2axis_serial/build install --record /home/jimmy/ros2_robo2axis/build/robo2axis_serial/install.log --single-version-externally-managed
[3.235s] DEBUG:colcon.colcon_core.event_handler.log_command:Invoked command in '/home/jimmy/ros2_robo2axis/src/robo2axis_pid' returned '0': AMENT_PREFIX_PATH=/home/jimmy/ros2_robo2axis/install/robo2axis_data_strcs:${AMENT_PREFIX_PATH} CMAKE_PREFIX_PATH=/home/jimmy/ros2_robo2axis/install/robo2axis_data_strcs LD_LIBRARY_PATH=/home/jimmy/ros2_robo2axis/install/robo2axis_data_strcs/lib:${LD_LIBRARY_PATH} PYTHONPATH=/home/jimmy/ros2_robo2axis/build/robo2axis_pid/prefix_override:/home/jimmy/ros2_robo2axis/install/robo2axis_pid/lib/python3.10/site-packages:/home/jimmy/ros2_robo2axis/install/robo2axis_data_strcs/local/lib/python3.10/dist-packages:${PYTHONPATH} /usr/bin/python3 setup.py egg_info --egg-base ../../build/robo2axis_pid build --build-base /home/jimmy/ros2_robo2axis/build/robo2axis_pid/build install --record /home/jimmy/ros2_robo2axis/build/robo2axis_pid/install.log --single-version-externally-managed
[3.249s] Level 1:colcon.colcon_core.environment:checking '/home/jimmy/ros2_robo2axis/install/robo2axis_pid' for CMake module files
[3.249s] Level 1:colcon.colcon_core.environment:checking '/home/jimmy/ros2_robo2axis/install/robo2axis_pid' for CMake config files
[3.250s] Level 1:colcon.colcon_core.environment:checking '/home/jimmy/ros2_robo2axis/install/robo2axis_pid/lib'
[3.250s] Level 1:colcon.colcon_core.environment:checking '/home/jimmy/ros2_robo2axis/install/robo2axis_pid/bin'
[3.250s] Level 1:colcon.colcon_core.environment:checking '/home/jimmy/ros2_robo2axis/install/robo2axis_pid/lib/pkgconfig/robo2axis_pid.pc'
[3.250s] Level 1:colcon.colcon_core.environment:checking '/home/jimmy/ros2_robo2axis/install/robo2axis_pid/lib/python3.10/site-packages'
[3.250s] Level 1:colcon.colcon_core.shell:create_environment_hook('robo2axis_pid', 'pythonpath')
[3.267s] INFO:colcon.colcon_core.shell:Creating environment hook '/home/jimmy/ros2_robo2axis/install/robo2axis_pid/share/robo2axis_pid/hook/pythonpath.ps1'
[3.267s] INFO:colcon.colcon_core.shell:Creating environment descriptor '/home/jimmy/ros2_robo2axis/install/robo2axis_pid/share/robo2axis_pid/hook/pythonpath.dsv'
[3.267s] INFO:colcon.colcon_core.shell:Creating environment hook '/home/jimmy/ros2_robo2axis/install/robo2axis_pid/share/robo2axis_pid/hook/pythonpath.sh'
[3.268s] Level 1:colcon.colcon_core.environment:checking '/home/jimmy/ros2_robo2axis/install/robo2axis_pid/bin'
[3.268s] Level 1:colcon.colcon_core.environment:create_environment_scripts_only(robo2axis_pid)
[3.283s] INFO:colcon.colcon_core.shell:Creating package script '/home/jimmy/ros2_robo2axis/install/robo2axis_pid/share/robo2axis_pid/package.ps1'
[3.283s] INFO:colcon.colcon_core.shell:Creating package descriptor '/home/jimmy/ros2_robo2axis/install/robo2axis_pid/share/robo2axis_pid/package.dsv'
[3.284s] INFO:colcon.colcon_core.shell:Creating package script '/home/jimmy/ros2_robo2axis/install/robo2axis_pid/share/robo2axis_pid/package.sh'
[3.284s] INFO:colcon.colcon_core.shell:Creating package script '/home/jimmy/ros2_robo2axis/install/robo2axis_pid/share/robo2axis_pid/package.bash'
[3.284s] INFO:colcon.colcon_core.shell:Creating package script '/home/jimmy/ros2_robo2axis/install/robo2axis_pid/share/robo2axis_pid/package.zsh'
[3.285s] Level 1:colcon.colcon_core.environment:create_file_with_runtime_dependencies(/home/jimmy/ros2_robo2axis/install/robo2axis_pid/share/colcon-core/packages/robo2axis_pid)
[3.287s] DEBUG:colcon.colcon_core.event_handler.log_command:Invoked command in '/home/jimmy/ros2_robo2axis/src/robo2axis_serial' returned '0': AMENT_PREFIX_PATH=/home/jimmy/ros2_robo2axis/install/robo2axis_data_strcs:${AMENT_PREFIX_PATH} CMAKE_PREFIX_PATH=/home/jimmy/ros2_robo2axis/install/robo2axis_data_strcs LD_LIBRARY_PATH=/home/jimmy/ros2_robo2axis/install/robo2axis_data_strcs/lib:${LD_LIBRARY_PATH} PYTHONPATH=/home/jimmy/ros2_robo2axis/build/robo2axis_serial/prefix_override:/home/jimmy/ros2_robo2axis/install/robo2axis_serial/lib/python3.10/site-packages:/home/jimmy/ros2_robo2axis/install/robo2axis_data_strcs/local/lib/python3.10/dist-packages:${PYTHONPATH} /usr/bin/python3 setup.py egg_info --egg-base ../../build/robo2axis_serial build --build-base /home/jimmy/ros2_robo2axis/build/robo2axis_serial/build install --record /home/jimmy/ros2_robo2axis/build/robo2axis_serial/install.log --single-version-externally-managed
[3.301s] Level 1:colcon.colcon_core.environment:checking '/home/jimmy/ros2_robo2axis/install/robo2axis_serial' for CMake module files
[3.301s] Level 1:colcon.colcon_core.environment:checking '/home/jimmy/ros2_robo2axis/install/robo2axis_serial' for CMake config files
[3.302s] Level 1:colcon.colcon_core.environment:checking '/home/jimmy/ros2_robo2axis/install/robo2axis_serial/lib'
[3.302s] Level 1:colcon.colcon_core.environment:checking '/home/jimmy/ros2_robo2axis/install/robo2axis_serial/bin'
[3.302s] Level 1:colcon.colcon_core.environment:checking '/home/jimmy/ros2_robo2axis/install/robo2axis_serial/lib/pkgconfig/robo2axis_serial.pc'
[3.302s] Level 1:colcon.colcon_core.environment:checking '/home/jimmy/ros2_robo2axis/install/robo2axis_serial/lib/python3.10/site-packages'
[3.302s] Level 1:colcon.colcon_core.shell:create_environment_hook('robo2axis_serial', 'pythonpath')
[3.318s] INFO:colcon.colcon_core.shell:Creating environment hook '/home/jimmy/ros2_robo2axis/install/robo2axis_serial/share/robo2axis_serial/hook/pythonpath.ps1'
[3.318s] INFO:colcon.colcon_core.shell:Creating environment descriptor '/home/jimmy/ros2_robo2axis/install/robo2axis_serial/share/robo2axis_serial/hook/pythonpath.dsv'
[3.319s] INFO:colcon.colcon_core.shell:Creating environment hook '/home/jimmy/ros2_robo2axis/install/robo2axis_serial/share/robo2axis_serial/hook/pythonpath.sh'
[3.319s] Level 1:colcon.colcon_core.environment:checking '/home/jimmy/ros2_robo2axis/install/robo2axis_serial/bin'
[3.319s] Level 1:colcon.colcon_core.environment:create_environment_scripts_only(robo2axis_serial)
[3.335s] INFO:colcon.colcon_core.shell:Creating package script '/home/jimmy/ros2_robo2axis/install/robo2axis_serial/share/robo2axis_serial/package.ps1'
[3.336s] INFO:colcon.colcon_core.shell:Creating package descriptor '/home/jimmy/ros2_robo2axis/install/robo2axis_serial/share/robo2axis_serial/package.dsv'
[3.336s] INFO:colcon.colcon_core.shell:Creating package script '/home/jimmy/ros2_robo2axis/install/robo2axis_serial/share/robo2axis_serial/package.sh'
[3.336s] INFO:colcon.colcon_core.shell:Creating package script '/home/jimmy/ros2_robo2axis/install/robo2axis_serial/share/robo2axis_serial/package.bash'
[3.337s] INFO:colcon.colcon_core.shell:Creating package script '/home/jimmy/ros2_robo2axis/install/robo2axis_serial/share/robo2axis_serial/package.zsh'
[3.337s] Level 1:colcon.colcon_core.environment:create_file_with_runtime_dependencies(/home/jimmy/ros2_robo2axis/install/robo2axis_serial/share/colcon-core/packages/robo2axis_serial)
[3.337s] DEBUG:colcon.colcon_parallel_executor.executor.parallel:closing loop
[3.337s] DEBUG:colcon.colcon_parallel_executor.executor.parallel:loop closed
[3.338s] DEBUG:colcon.colcon_parallel_executor.executor.parallel:run_until_complete finished with '0'
[3.338s] DEBUG:colcon.colcon_core.event_reactor:joining thread
[3.356s] INFO:colcon.colcon_core.plugin_system:Skipping extension 'colcon_notification.desktop_notification.terminal_notifier': Not used on non-Darwin systems
[3.356s] INFO:colcon.colcon_core.plugin_system:Skipping extension 'colcon_notification.desktop_notification.win32': Not used on non-Windows systems
[3.356s] INFO:colcon.colcon_notification.desktop_notification:Sending desktop notification using 'notify2'
[3.366s] DEBUG:colcon.colcon_core.event_reactor:joined thread
[3.380s] INFO:colcon.colcon_core.shell:Creating prefix script '/home/jimmy/ros2_robo2axis/install/local_setup.ps1'
[3.381s] INFO:colcon.colcon_core.shell:Creating prefix util module '/home/jimmy/ros2_robo2axis/install/_local_setup_util_ps1.py'
[3.382s] INFO:colcon.colcon_core.shell:Creating prefix chain script '/home/jimmy/ros2_robo2axis/install/setup.ps1'
[3.397s] INFO:colcon.colcon_core.shell:Creating prefix script '/home/jimmy/ros2_robo2axis/install/local_setup.sh'
[3.397s] INFO:colcon.colcon_core.shell:Creating prefix util module '/home/jimmy/ros2_robo2axis/install/_local_setup_util_sh.py'
[3.398s] INFO:colcon.colcon_core.shell:Creating prefix chain script '/home/jimmy/ros2_robo2axis/install/setup.sh'
[3.413s] INFO:colcon.colcon_core.shell:Creating prefix script '/home/jimmy/ros2_robo2axis/install/local_setup.bash'
[3.413s] INFO:colcon.colcon_core.shell:Creating prefix chain script '/home/jimmy/ros2_robo2axis/install/setup.bash'
[3.428s] INFO:colcon.colcon_core.shell:Creating prefix script '/home/jimmy/ros2_robo2axis/install/local_setup.zsh'
[3.428s] INFO:colcon.colcon_core.shell:Creating prefix chain script '/home/jimmy/ros2_robo2axis/install/setup.zsh'
