[0.980s] Invoking command in '/home/jimmy/ros2_robo2axis/src/robo2axis_pid': AMENT_PREFIX_PATH=/home/jimmy/ros2_robo2axis/install/robo2axis_data_strcs:${AMENT_PREFIX_PATH} CMAKE_PREFIX_PATH=/home/jimmy/ros2_robo2axis/install/robo2axis_data_strcs LD_LIBRARY_PATH=/home/jimmy/ros2_robo2axis/install/robo2axis_data_strcs/lib:${LD_LIBRARY_PATH} PYTHONPATH=/home/jimmy/ros2_robo2axis/build/robo2axis_pid/prefix_override:/home/jimmy/ros2_robo2axis/install/robo2axis_pid/lib/python3.10/site-packages:/home/jimmy/ros2_robo2axis/install/robo2axis_data_strcs/local/lib/python3.10/dist-packages:${PYTHONPATH} /usr/bin/python3 setup.py egg_info --egg-base ../../build/robo2axis_pid build --build-base /home/jimmy/ros2_robo2axis/build/robo2axis_pid/build install --record /home/jimmy/ros2_robo2axis/build/robo2axis_pid/install.log --single-version-externally-managed
[1.199s] running egg_info
[1.200s] writing ../../build/robo2axis_pid/robo2axis_pid.egg-info/PKG-INFO
[1.200s] writing dependency_links to ../../build/robo2axis_pid/robo2axis_pid.egg-info/dependency_links.txt
[1.200s] writing entry points to ../../build/robo2axis_pid/robo2axis_pid.egg-info/entry_points.txt
[1.200s] writing requirements to ../../build/robo2axis_pid/robo2axis_pid.egg-info/requires.txt
[1.200s] writing top-level names to ../../build/robo2axis_pid/robo2axis_pid.egg-info/top_level.txt
[1.202s] reading manifest file '../../build/robo2axis_pid/robo2axis_pid.egg-info/SOURCES.txt'
[1.202s] writing manifest file '../../build/robo2axis_pid/robo2axis_pid.egg-info/SOURCES.txt'
[1.203s] running build
[1.203s] running build_py
[1.203s] copying robo2axis_pid/Axis_Controller.py -> /home/jimmy/ros2_robo2axis/build/robo2axis_pid/build/lib/robo2axis_pid
[1.203s] running install
[1.203s] /usr/lib/python3/dist-packages/setuptools/command/install.py:34: SetuptoolsDeprecationWarning: setup.py install is deprecated. Use build and pip and other standards-based tools.
[1.203s]   warnings.warn(
[1.203s] running install_lib
[1.204s] copying /home/jimmy/ros2_robo2axis/build/robo2axis_pid/build/lib/robo2axis_pid/Axis_Controller.py -> /home/jimmy/ros2_robo2axis/install/robo2axis_pid/lib/python3.10/site-packages/robo2axis_pid
[1.204s] byte-compiling /home/jimmy/ros2_robo2axis/install/robo2axis_pid/lib/python3.10/site-packages/robo2axis_pid/Axis_Controller.py to Axis_Controller.cpython-310.pyc
[1.205s] running install_data
[1.206s] running install_egg_info
[1.207s] removing '/home/jimmy/ros2_robo2axis/install/robo2axis_pid/lib/python3.10/site-packages/robo2axis_pid-0.0.0-py3.10.egg-info' (and everything under it)
[1.207s] Copying ../../build/robo2axis_pid/robo2axis_pid.egg-info to /home/jimmy/ros2_robo2axis/install/robo2axis_pid/lib/python3.10/site-packages/robo2axis_pid-0.0.0-py3.10.egg-info
[1.208s] running install_scripts
[1.228s] Installing robo2axis_pid script to /home/jimmy/ros2_robo2axis/install/robo2axis_pid/lib/robo2axis_pid
[1.228s] writing list of installed files to '/home/jimmy/ros2_robo2axis/build/robo2axis_pid/install.log'
[1.295s] Invoked command in '/home/jimmy/ros2_robo2axis/src/robo2axis_pid' returned '0': AMENT_PREFIX_PATH=/home/jimmy/ros2_robo2axis/install/robo2axis_data_strcs:${AMENT_PREFIX_PATH} CMAKE_PREFIX_PATH=/home/jimmy/ros2_robo2axis/install/robo2axis_data_strcs LD_LIBRARY_PATH=/home/jimmy/ros2_robo2axis/install/robo2axis_data_strcs/lib:${LD_LIBRARY_PATH} PYTHONPATH=/home/jimmy/ros2_robo2axis/build/robo2axis_pid/prefix_override:/home/jimmy/ros2_robo2axis/install/robo2axis_pid/lib/python3.10/site-packages:/home/jimmy/ros2_robo2axis/install/robo2axis_data_strcs/local/lib/python3.10/dist-packages:${PYTHONPATH} /usr/bin/python3 setup.py egg_info --egg-base ../../build/robo2axis_pid build --build-base /home/jimmy/ros2_robo2axis/build/robo2axis_pid/build install --record /home/jimmy/ros2_robo2axis/build/robo2axis_pid/install.log --single-version-externally-managed
