[0.049s] Invoking command in '/home/jimmy/ros2_robo2axis/build/robo2axis_data_strcs': CMAKE_PREFIX_PATH=/opt/ros/humble /usr/bin/cmake /home/jimmy/ros2_robo2axis/src/robo2axis_data_strcs -DCMAKE_INSTALL_PREFIX=/home/jimmy/ros2_robo2axis/install/robo2axis_data_strcs
[0.341s] -- The C compiler identification is GNU 11.4.0
[0.569s] -- The CXX compiler identification is GNU 11.4.0
[0.583s] -- Detecting C compiler ABI info
[0.657s] -- Detecting C compiler ABI info - done
[0.664s] -- Check for working C compiler: /usr/bin/cc - skipped
[0.664s] -- Detecting C compile features
[0.665s] -- Detecting C compile features - done
[0.669s] -- Detecting CXX compiler ABI info
[0.743s] -- Detecting CXX compiler ABI info - done
[0.749s] -- Check for working CXX compiler: /usr/bin/c++ - skipped
[0.750s] -- Detecting CXX compile features
[0.750s] -- Detecting CXX compile features - done
[0.760s] -- Found ament_cmake: 1.3.5 (/opt/ros/humble/share/ament_cmake/cmake)
[0.917s] -- Found Python3: /usr/bin/python3.10 (found version "3.10.12") found components: Interpreter 
[1.027s] -- Found rosidl_default_generators: 1.2.0 (/opt/ros/humble/share/rosidl_default_generators/cmake)
[1.040s] -- Using all available rosidl_typesupport_c: rosidl_typesupport_fastrtps_c;rosidl_typesupport_introspection_c
[1.055s] -- Found rosidl_adapter: 3.1.5 (/opt/ros/humble/share/rosidl_adapter/cmake)
[1.115s] -- Using all available rosidl_typesupport_cpp: rosidl_typesupport_fastrtps_cpp;rosidl_typesupport_introspection_cpp
[1.300s] [31mCMake Error at /opt/ros/humble/share/rosidl_adapter/cmake/rosidl_adapt_interfaces.cmake:59 (message):
[1.300s]   execute_process(/usr/bin/python3.10 -m rosidl_adapter --package-name
[1.300s]   robo2axis_data_strcs --arguments-file
[1.300s]   /home/jimmy/ros2_robo2axis/build/robo2axis_data_strcs/rosidl_adapter__arguments__robo2axis_data_strcs.json
[1.300s]   --output-dir
[1.300s]   /home/jimmy/ros2_robo2axis/build/robo2axis_data_strcs/rosidl_adapter/robo2axis_data_strcs
[1.300s]   --output-file
[1.300s]   /home/jimmy/ros2_robo2axis/build/robo2axis_data_strcs/rosidl_adapter/robo2axis_data_strcs.idls)
[1.301s]   returned error code 1:
[1.301s] 
[1.301s]   Traceback (most recent call last):
[1.301s] 
[1.301s]     File "/usr/lib/python3.10/runpy.py", line 196, in _run_module_as_main
[1.301s]       return _run_code(code, main_globals, None,
[1.301s]     File "/usr/lib/python3.10/runpy.py", line 86, in _run_code
[1.301s]       exec(code, run_globals)
[1.301s]     File "/opt/ros/humble/local/lib/python3.10/dist-packages/rosidl_adapter/__main__.py", line 19, in <module>
[1.301s]       sys.exit(main())
[1.301s]     File "/opt/ros/humble/local/lib/python3.10/dist-packages/rosidl_adapter/main.py", line 53, in main
[1.301s]       abs_idl_file = convert_to_idl(
[1.301s]     File "/opt/ros/humble/local/lib/python3.10/dist-packages/rosidl_adapter/__init__.py", line 19, in convert_to_idl
[1.301s]       return convert_msg_to_idl(
[1.301s]     File "/opt/ros/humble/local/lib/python3.10/dist-packages/rosidl_adapter/msg/__init__.py", line 28, in convert_msg_to_idl
[1.301s]       msg = parse_message_string(package_name, input_file.stem, content)
[1.301s]     File "/opt/ros/humble/local/lib/python3.10/dist-packages/rosidl_adapter/parser.py", line 544, in parse_message_string
[1.301s]       msg = MessageSpecification(pkg_name, msg_name, fields, constants)
[1.301s]     File "/opt/ros/humble/local/lib/python3.10/dist-packages/rosidl_adapter/parser.py", line 388, in __init__
[1.301s]       self.base_type = BaseType(
[1.301s]     File "/opt/ros/humble/local/lib/python3.10/dist-packages/rosidl_adapter/parser.py", line 205, in __init__
[1.302s]       raise InvalidResourceName(
[1.302s] 
[1.302s]   rosidl_adapter.parser.InvalidResourceName: 'Encoder_counts' is an invalid
[1.302s]   message name.  It should have the pattern '^[A-Z][A-Za-z0-9]*$'
[1.302s] 
[1.302s] Call Stack (most recent call first):
[1.302s]   /opt/ros/humble/share/rosidl_cmake/cmake/rosidl_generate_interfaces.cmake:130 (rosidl_adapt_interfaces)
[1.302s]   CMakeLists.txt:12 (rosidl_generate_interfaces)
[1.302s] 
[1.302s] [0m
[1.302s] -- Configuring incomplete, errors occurred!
[1.302s] See also "/home/jimmy/ros2_robo2axis/build/robo2axis_data_strcs/CMakeFiles/CMakeOutput.log".
[1.306s] Invoked command in '/home/jimmy/ros2_robo2axis/build/robo2axis_data_strcs' returned '1': CMAKE_PREFIX_PATH=/opt/ros/humble /usr/bin/cmake /home/jimmy/ros2_robo2axis/src/robo2axis_data_strcs -DCMAKE_INSTALL_PREFIX=/home/jimmy/ros2_robo2axis/install/robo2axis_data_strcs
