running egg_info
writing ../../build/robo2axis_pid/robo2axis_pid.egg-info/PKG-INFO
writing dependency_links to ../../build/robo2axis_pid/robo2axis_pid.egg-info/dependency_links.txt
writing entry points to ../../build/robo2axis_pid/robo2axis_pid.egg-info/entry_points.txt
writing requirements to ../../build/robo2axis_pid/robo2axis_pid.egg-info/requires.txt
writing top-level names to ../../build/robo2axis_pid/robo2axis_pid.egg-info/top_level.txt
reading manifest file '../../build/robo2axis_pid/robo2axis_pid.egg-info/SOURCES.txt'
writing manifest file '../../build/robo2axis_pid/robo2axis_pid.egg-info/SOURCES.txt'
running build
running build_py
copying robo2axis_pid/Axis_Controller.py -> /home/jimmy/ros2_robo2axis/build/robo2axis_pid/build/lib/robo2axis_pid
running install
/usr/lib/python3/dist-packages/setuptools/command/install.py:34: SetuptoolsDeprecationWarning: setup.py install is deprecated. Use build and pip and other standards-based tools.
  warnings.warn(
running install_lib
copying /home/jimmy/ros2_robo2axis/build/robo2axis_pid/build/lib/robo2axis_pid/Axis_Controller.py -> /home/jimmy/ros2_robo2axis/install/robo2axis_pid/lib/python3.10/site-packages/robo2axis_pid
byte-compiling /home/jimmy/ros2_robo2axis/install/robo2axis_pid/lib/python3.10/site-packages/robo2axis_pid/Axis_Controller.py to Axis_Controller.cpython-310.pyc
Sorry: IndentationError: unexpected indent (Axis_Controller.py, line 47)
running install_data
running install_egg_info
removing '/home/jimmy/ros2_robo2axis/install/robo2axis_pid/lib/python3.10/site-packages/robo2axis_pid-0.0.0-py3.10.egg-info' (and everything under it)
Copying ../../build/robo2axis_pid/robo2axis_pid.egg-info to /home/jimmy/ros2_robo2axis/install/robo2axis_pid/lib/python3.10/site-packages/robo2axis_pid-0.0.0-py3.10.egg-info
running install_scripts
Installing robo2axis_pid script to /home/jimmy/ros2_robo2axis/install/robo2axis_pid/lib/robo2axis_pid
writing list of installed files to '/home/jimmy/ros2_robo2axis/build/robo2axis_pid/install.log'
