[0.047s] Invoking command in '/home/jimmy/ros2_robo2axis/build/robo2axis_data_strcs': CMAKE_PREFIX_PATH=/opt/ros/humble /usr/bin/cmake --build /home/jimmy/ros2_robo2axis/build/robo2axis_data_strcs -- -j12 -l12
[0.088s] [  3%] Built target robo2axis_data_strcs__cpp
[0.089s] [ 12%] Built target robo2axis_data_strcs__rosidl_generator_c
[0.098s] [ 12%] Built target ament_cmake_python_copy_robo2axis_data_strcs
[0.108s] [ 29%] Built target robo2axis_data_strcs__rosidl_typesupport_introspection_c
[0.109s] [ 35%] Built target robo2axis_data_strcs__rosidl_typesupport_introspection_cpp
[0.109s] [ 41%] Built target robo2axis_data_strcs__rosidl_typesupport_fastrtps_cpp
[0.109s] [ 51%] Built target robo2axis_data_strcs__rosidl_typesupport_cpp
[0.114s] [ 61%] Built target robo2axis_data_strcs__rosidl_typesupport_fastrtps_c
[0.114s] [ 70%] Built target robo2axis_data_strcs__rosidl_typesupport_c
[0.133s] [ 70%] Built target robo2axis_data_strcs
[0.152s] [ 74%] Built target robo2axis_data_strcs__py
[0.171s] [ 80%] Built target robo2axis_data_strcs__rosidl_generator_py
[0.191s] [100%] Built target robo2axis_data_strcs__rosidl_typesupport_introspection_c__pyext
[0.191s] [100%] Built target robo2axis_data_strcs__rosidl_typesupport_c__pyext
[0.192s] [100%] Built target robo2axis_data_strcs__rosidl_typesupport_fastrtps_c__pyext
[0.313s] running egg_info
[0.313s] writing robo2axis_data_strcs.egg-info/PKG-INFO
[0.313s] writing dependency_links to robo2axis_data_strcs.egg-info/dependency_links.txt
[0.314s] writing top-level names to robo2axis_data_strcs.egg-info/top_level.txt
[0.315s] reading manifest file 'robo2axis_data_strcs.egg-info/SOURCES.txt'
[0.316s] writing manifest file 'robo2axis_data_strcs.egg-info/SOURCES.txt'
[0.337s] [100%] Built target ament_cmake_python_build_robo2axis_data_strcs_egg
[0.347s] Invoked command in '/home/jimmy/ros2_robo2axis/build/robo2axis_data_strcs' returned '0': CMAKE_PREFIX_PATH=/opt/ros/humble /usr/bin/cmake --build /home/jimmy/ros2_robo2axis/build/robo2axis_data_strcs -- -j12 -l12
[0.409s] Invoking command in '/home/jimmy/ros2_robo2axis/build/robo2axis_data_strcs': CMAKE_PREFIX_PATH=/opt/ros/humble /usr/bin/cmake --install /home/jimmy/ros2_robo2axis/build/robo2axis_data_strcs
[0.416s] -- Install configuration: ""
[0.416s] -- Up-to-date: /home/jimmy/ros2_robo2axis/install/robo2axis_data_strcs/share/ament_index/resource_index/rosidl_interfaces/robo2axis_data_strcs
[0.416s] -- Up-to-date: /home/jimmy/ros2_robo2axis/install/robo2axis_data_strcs/include/robo2axis_data_strcs/robo2axis_data_strcs
[0.416s] -- Up-to-date: /home/jimmy/ros2_robo2axis/install/robo2axis_data_strcs/include/robo2axis_data_strcs/robo2axis_data_strcs/msg
[0.416s] -- Up-to-date: /home/jimmy/ros2_robo2axis/install/robo2axis_data_strcs/include/robo2axis_data_strcs/robo2axis_data_strcs/msg/encoder_counts.h
[0.416s] -- Up-to-date: /home/jimmy/ros2_robo2axis/install/robo2axis_data_strcs/include/robo2axis_data_strcs/robo2axis_data_strcs/msg/rosidl_generator_c__visibility_control.h
[0.417s] -- Up-to-date: /home/jimmy/ros2_robo2axis/install/robo2axis_data_strcs/include/robo2axis_data_strcs/robo2axis_data_strcs/msg/detail
[0.417s] -- Up-to-date: /home/jimmy/ros2_robo2axis/install/robo2axis_data_strcs/include/robo2axis_data_strcs/robo2axis_data_strcs/msg/detail/encoder_counts__functions.h
[0.417s] -- Up-to-date: /home/jimmy/ros2_robo2axis/install/robo2axis_data_strcs/include/robo2axis_data_strcs/robo2axis_data_strcs/msg/detail/encoder_counts__type_support.h
[0.417s] -- Up-to-date: /home/jimmy/ros2_robo2axis/install/robo2axis_data_strcs/include/robo2axis_data_strcs/robo2axis_data_strcs/msg/detail/encoder_counts__struct.h
[0.417s] -- Up-to-date: /home/jimmy/ros2_robo2axis/install/robo2axis_data_strcs/include/robo2axis_data_strcs/robo2axis_data_strcs/msg/detail/encoder_counts__functions.c
[0.417s] -- Up-to-date: /home/jimmy/ros2_robo2axis/install/robo2axis_data_strcs/share/robo2axis_data_strcs/environment/library_path.sh
[0.417s] -- Up-to-date: /home/jimmy/ros2_robo2axis/install/robo2axis_data_strcs/share/robo2axis_data_strcs/environment/library_path.dsv
[0.417s] -- Up-to-date: /home/jimmy/ros2_robo2axis/install/robo2axis_data_strcs/lib/librobo2axis_data_strcs__rosidl_generator_c.so
[0.418s] -- Up-to-date: /home/jimmy/ros2_robo2axis/install/robo2axis_data_strcs/include/robo2axis_data_strcs/robo2axis_data_strcs
[0.418s] -- Up-to-date: /home/jimmy/ros2_robo2axis/install/robo2axis_data_strcs/include/robo2axis_data_strcs/robo2axis_data_strcs/msg
[0.418s] -- Up-to-date: /home/jimmy/ros2_robo2axis/install/robo2axis_data_strcs/include/robo2axis_data_strcs/robo2axis_data_strcs/msg/rosidl_typesupport_fastrtps_c__visibility_control.h
[0.418s] -- Up-to-date: /home/jimmy/ros2_robo2axis/install/robo2axis_data_strcs/include/robo2axis_data_strcs/robo2axis_data_strcs/msg/detail
[0.418s] -- Up-to-date: /home/jimmy/ros2_robo2axis/install/robo2axis_data_strcs/include/robo2axis_data_strcs/robo2axis_data_strcs/msg/detail/encoder_counts__rosidl_typesupport_fastrtps_c.h
[0.418s] -- Up-to-date: /home/jimmy/ros2_robo2axis/install/robo2axis_data_strcs/lib/librobo2axis_data_strcs__rosidl_typesupport_fastrtps_c.so
[0.418s] -- Up-to-date: /home/jimmy/ros2_robo2axis/install/robo2axis_data_strcs/include/robo2axis_data_strcs/robo2axis_data_strcs
[0.418s] -- Up-to-date: /home/jimmy/ros2_robo2axis/install/robo2axis_data_strcs/include/robo2axis_data_strcs/robo2axis_data_strcs/msg
[0.419s] -- Up-to-date: /home/jimmy/ros2_robo2axis/install/robo2axis_data_strcs/include/robo2axis_data_strcs/robo2axis_data_strcs/msg/rosidl_typesupport_introspection_c__visibility_control.h
[0.419s] -- Up-to-date: /home/jimmy/ros2_robo2axis/install/robo2axis_data_strcs/include/robo2axis_data_strcs/robo2axis_data_strcs/msg/detail
[0.419s] -- Up-to-date: /home/jimmy/ros2_robo2axis/install/robo2axis_data_strcs/include/robo2axis_data_strcs/robo2axis_data_strcs/msg/detail/encoder_counts__rosidl_typesupport_introspection_c.h
[0.419s] -- Up-to-date: /home/jimmy/ros2_robo2axis/install/robo2axis_data_strcs/include/robo2axis_data_strcs/robo2axis_data_strcs/msg/detail/encoder_counts__type_support.c
[0.419s] -- Up-to-date: /home/jimmy/ros2_robo2axis/install/robo2axis_data_strcs/lib/librobo2axis_data_strcs__rosidl_typesupport_introspection_c.so
[0.419s] -- Up-to-date: /home/jimmy/ros2_robo2axis/install/robo2axis_data_strcs/lib/librobo2axis_data_strcs__rosidl_typesupport_c.so
[0.419s] -- Up-to-date: /home/jimmy/ros2_robo2axis/install/robo2axis_data_strcs/include/robo2axis_data_strcs/robo2axis_data_strcs
[0.419s] -- Up-to-date: /home/jimmy/ros2_robo2axis/install/robo2axis_data_strcs/include/robo2axis_data_strcs/robo2axis_data_strcs/msg
[0.420s] -- Up-to-date: /home/jimmy/ros2_robo2axis/install/robo2axis_data_strcs/include/robo2axis_data_strcs/robo2axis_data_strcs/msg/encoder_counts.hpp
[0.420s] -- Up-to-date: /home/jimmy/ros2_robo2axis/install/robo2axis_data_strcs/include/robo2axis_data_strcs/robo2axis_data_strcs/msg/detail
[0.420s] -- Up-to-date: /home/jimmy/ros2_robo2axis/install/robo2axis_data_strcs/include/robo2axis_data_strcs/robo2axis_data_strcs/msg/detail/encoder_counts__builder.hpp
[0.420s] -- Up-to-date: /home/jimmy/ros2_robo2axis/install/robo2axis_data_strcs/include/robo2axis_data_strcs/robo2axis_data_strcs/msg/detail/encoder_counts__traits.hpp
[0.420s] -- Up-to-date: /home/jimmy/ros2_robo2axis/install/robo2axis_data_strcs/include/robo2axis_data_strcs/robo2axis_data_strcs/msg/detail/encoder_counts__struct.hpp
[0.420s] -- Up-to-date: /home/jimmy/ros2_robo2axis/install/robo2axis_data_strcs/include/robo2axis_data_strcs/robo2axis_data_strcs
[0.420s] -- Up-to-date: /home/jimmy/ros2_robo2axis/install/robo2axis_data_strcs/include/robo2axis_data_strcs/robo2axis_data_strcs/msg
[0.421s] -- Up-to-date: /home/jimmy/ros2_robo2axis/install/robo2axis_data_strcs/include/robo2axis_data_strcs/robo2axis_data_strcs/msg/rosidl_typesupport_fastrtps_cpp__visibility_control.h
[0.421s] -- Up-to-date: /home/jimmy/ros2_robo2axis/install/robo2axis_data_strcs/include/robo2axis_data_strcs/robo2axis_data_strcs/msg/detail
[0.421s] -- Up-to-date: /home/jimmy/ros2_robo2axis/install/robo2axis_data_strcs/include/robo2axis_data_strcs/robo2axis_data_strcs/msg/detail/dds_fastrtps
[0.421s] -- Up-to-date: /home/jimmy/ros2_robo2axis/install/robo2axis_data_strcs/include/robo2axis_data_strcs/robo2axis_data_strcs/msg/detail/encoder_counts__rosidl_typesupport_fastrtps_cpp.hpp
[0.421s] -- Up-to-date: /home/jimmy/ros2_robo2axis/install/robo2axis_data_strcs/lib/librobo2axis_data_strcs__rosidl_typesupport_fastrtps_cpp.so
[0.421s] -- Up-to-date: /home/jimmy/ros2_robo2axis/install/robo2axis_data_strcs/include/robo2axis_data_strcs/robo2axis_data_strcs
[0.421s] -- Up-to-date: /home/jimmy/ros2_robo2axis/install/robo2axis_data_strcs/include/robo2axis_data_strcs/robo2axis_data_strcs/msg
[0.421s] -- Up-to-date: /home/jimmy/ros2_robo2axis/install/robo2axis_data_strcs/include/robo2axis_data_strcs/robo2axis_data_strcs/msg/detail
[0.421s] -- Up-to-date: /home/jimmy/ros2_robo2axis/install/robo2axis_data_strcs/include/robo2axis_data_strcs/robo2axis_data_strcs/msg/detail/encoder_counts__type_support.cpp
[0.421s] -- Up-to-date: /home/jimmy/ros2_robo2axis/install/robo2axis_data_strcs/include/robo2axis_data_strcs/robo2axis_data_strcs/msg/detail/encoder_counts__rosidl_typesupport_introspection_cpp.hpp
[0.422s] -- Up-to-date: /home/jimmy/ros2_robo2axis/install/robo2axis_data_strcs/lib/librobo2axis_data_strcs__rosidl_typesupport_introspection_cpp.so
[0.422s] -- Up-to-date: /home/jimmy/ros2_robo2axis/install/robo2axis_data_strcs/lib/librobo2axis_data_strcs__rosidl_typesupport_cpp.so
[0.422s] -- Up-to-date: /home/jimmy/ros2_robo2axis/install/robo2axis_data_strcs/share/robo2axis_data_strcs/environment/pythonpath.sh
[0.422s] -- Up-to-date: /home/jimmy/ros2_robo2axis/install/robo2axis_data_strcs/share/robo2axis_data_strcs/environment/pythonpath.dsv
[0.422s] -- Up-to-date: /home/jimmy/ros2_robo2axis/install/robo2axis_data_strcs/local/lib/python3.10/dist-packages/robo2axis_data_strcs-0.0.0-py3.10.egg-info
[0.422s] -- Installing: /home/jimmy/ros2_robo2axis/install/robo2axis_data_strcs/local/lib/python3.10/dist-packages/robo2axis_data_strcs-0.0.0-py3.10.egg-info/top_level.txt
[0.422s] -- Installing: /home/jimmy/ros2_robo2axis/install/robo2axis_data_strcs/local/lib/python3.10/dist-packages/robo2axis_data_strcs-0.0.0-py3.10.egg-info/SOURCES.txt
[0.422s] -- Installing: /home/jimmy/ros2_robo2axis/install/robo2axis_data_strcs/local/lib/python3.10/dist-packages/robo2axis_data_strcs-0.0.0-py3.10.egg-info/PKG-INFO
[0.422s] -- Installing: /home/jimmy/ros2_robo2axis/install/robo2axis_data_strcs/local/lib/python3.10/dist-packages/robo2axis_data_strcs-0.0.0-py3.10.egg-info/dependency_links.txt
[0.423s] -- Up-to-date: /home/jimmy/ros2_robo2axis/install/robo2axis_data_strcs/local/lib/python3.10/dist-packages/robo2axis_data_strcs
[0.423s] -- Up-to-date: /home/jimmy/ros2_robo2axis/install/robo2axis_data_strcs/local/lib/python3.10/dist-packages/robo2axis_data_strcs/librobo2axis_data_strcs__rosidl_generator_py.so
[0.423s] -- Up-to-date: /home/jimmy/ros2_robo2axis/install/robo2axis_data_strcs/local/lib/python3.10/dist-packages/robo2axis_data_strcs/robo2axis_data_strcs_s__rosidl_typesupport_c.cpython-310-x86_64-linux-gnu.so
[0.423s] -- Up-to-date: /home/jimmy/ros2_robo2axis/install/robo2axis_data_strcs/local/lib/python3.10/dist-packages/robo2axis_data_strcs/_robo2axis_data_strcs_s.ep.rosidl_typesupport_introspection_c.c
[0.423s] -- Up-to-date: /home/jimmy/ros2_robo2axis/install/robo2axis_data_strcs/local/lib/python3.10/dist-packages/robo2axis_data_strcs/robo2axis_data_strcs_s__rosidl_typesupport_fastrtps_c.cpython-310-x86_64-linux-gnu.so
[0.423s] -- Up-to-date: /home/jimmy/ros2_robo2axis/install/robo2axis_data_strcs/local/lib/python3.10/dist-packages/robo2axis_data_strcs/_robo2axis_data_strcs_s.ep.rosidl_typesupport_c.c
[0.423s] -- Up-to-date: /home/jimmy/ros2_robo2axis/install/robo2axis_data_strcs/local/lib/python3.10/dist-packages/robo2axis_data_strcs/robo2axis_data_strcs_s__rosidl_typesupport_introspection_c.cpython-310-x86_64-linux-gnu.so
[0.423s] -- Up-to-date: /home/jimmy/ros2_robo2axis/install/robo2axis_data_strcs/local/lib/python3.10/dist-packages/robo2axis_data_strcs/_robo2axis_data_strcs_s.ep.rosidl_typesupport_fastrtps_c.c
[0.423s] -- Up-to-date: /home/jimmy/ros2_robo2axis/install/robo2axis_data_strcs/local/lib/python3.10/dist-packages/robo2axis_data_strcs/msg
[0.424s] -- Up-to-date: /home/jimmy/ros2_robo2axis/install/robo2axis_data_strcs/local/lib/python3.10/dist-packages/robo2axis_data_strcs/msg/_encoder_counts_s.c
[0.424s] -- Up-to-date: /home/jimmy/ros2_robo2axis/install/robo2axis_data_strcs/local/lib/python3.10/dist-packages/robo2axis_data_strcs/msg/_encoder_counts.py
[0.424s] -- Up-to-date: /home/jimmy/ros2_robo2axis/install/robo2axis_data_strcs/local/lib/python3.10/dist-packages/robo2axis_data_strcs/msg/__init__.py
[0.424s] -- Up-to-date: /home/jimmy/ros2_robo2axis/install/robo2axis_data_strcs/local/lib/python3.10/dist-packages/robo2axis_data_strcs/__init__.py
[0.450s] Listing '/home/jimmy/ros2_robo2axis/install/robo2axis_data_strcs/local/lib/python3.10/dist-packages/robo2axis_data_strcs'...
[0.450s] Listing '/home/jimmy/ros2_robo2axis/install/robo2axis_data_strcs/local/lib/python3.10/dist-packages/robo2axis_data_strcs/msg'...
[0.454s] -- Up-to-date: /home/jimmy/ros2_robo2axis/install/robo2axis_data_strcs/local/lib/python3.10/dist-packages/robo2axis_data_strcs/robo2axis_data_strcs_s__rosidl_typesupport_fastrtps_c.cpython-310-x86_64-linux-gnu.so
[0.454s] -- Up-to-date: /home/jimmy/ros2_robo2axis/install/robo2axis_data_strcs/local/lib/python3.10/dist-packages/robo2axis_data_strcs/robo2axis_data_strcs_s__rosidl_typesupport_introspection_c.cpython-310-x86_64-linux-gnu.so
[0.455s] -- Up-to-date: /home/jimmy/ros2_robo2axis/install/robo2axis_data_strcs/local/lib/python3.10/dist-packages/robo2axis_data_strcs/robo2axis_data_strcs_s__rosidl_typesupport_c.cpython-310-x86_64-linux-gnu.so
[0.455s] -- Up-to-date: /home/jimmy/ros2_robo2axis/install/robo2axis_data_strcs/lib/librobo2axis_data_strcs__rosidl_generator_py.so
[0.455s] -- Up-to-date: /home/jimmy/ros2_robo2axis/install/robo2axis_data_strcs/share/robo2axis_data_strcs/msg/EncoderCounts.idl
[0.455s] -- Up-to-date: /home/jimmy/ros2_robo2axis/install/robo2axis_data_strcs/share/robo2axis_data_strcs/msg/EncoderCounts.msg
[0.455s] -- Up-to-date: /home/jimmy/ros2_robo2axis/install/robo2axis_data_strcs/share/ament_index/resource_index/package_run_dependencies/robo2axis_data_strcs
[0.455s] -- Up-to-date: /home/jimmy/ros2_robo2axis/install/robo2axis_data_strcs/share/ament_index/resource_index/parent_prefix_path/robo2axis_data_strcs
[0.456s] -- Up-to-date: /home/jimmy/ros2_robo2axis/install/robo2axis_data_strcs/share/robo2axis_data_strcs/environment/ament_prefix_path.sh
[0.456s] -- Up-to-date: /home/jimmy/ros2_robo2axis/install/robo2axis_data_strcs/share/robo2axis_data_strcs/environment/ament_prefix_path.dsv
[0.456s] -- Up-to-date: /home/jimmy/ros2_robo2axis/install/robo2axis_data_strcs/share/robo2axis_data_strcs/environment/path.sh
[0.456s] -- Up-to-date: /home/jimmy/ros2_robo2axis/install/robo2axis_data_strcs/share/robo2axis_data_strcs/environment/path.dsv
[0.456s] -- Up-to-date: /home/jimmy/ros2_robo2axis/install/robo2axis_data_strcs/share/robo2axis_data_strcs/local_setup.bash
[0.456s] -- Up-to-date: /home/jimmy/ros2_robo2axis/install/robo2axis_data_strcs/share/robo2axis_data_strcs/local_setup.sh
[0.456s] -- Up-to-date: /home/jimmy/ros2_robo2axis/install/robo2axis_data_strcs/share/robo2axis_data_strcs/local_setup.zsh
[0.456s] -- Up-to-date: /home/jimmy/ros2_robo2axis/install/robo2axis_data_strcs/share/robo2axis_data_strcs/local_setup.dsv
[0.456s] -- Installing: /home/jimmy/ros2_robo2axis/install/robo2axis_data_strcs/share/robo2axis_data_strcs/package.dsv
[0.457s] -- Up-to-date: /home/jimmy/ros2_robo2axis/install/robo2axis_data_strcs/share/ament_index/resource_index/packages/robo2axis_data_strcs
[0.457s] -- Up-to-date: /home/jimmy/ros2_robo2axis/install/robo2axis_data_strcs/share/robo2axis_data_strcs/cmake/export_robo2axis_data_strcs__rosidl_generator_cExport.cmake
[0.457s] -- Up-to-date: /home/jimmy/ros2_robo2axis/install/robo2axis_data_strcs/share/robo2axis_data_strcs/cmake/export_robo2axis_data_strcs__rosidl_generator_cExport-noconfig.cmake
[0.457s] -- Up-to-date: /home/jimmy/ros2_robo2axis/install/robo2axis_data_strcs/share/robo2axis_data_strcs/cmake/export_robo2axis_data_strcs__rosidl_typesupport_fastrtps_cExport.cmake
[0.457s] -- Up-to-date: /home/jimmy/ros2_robo2axis/install/robo2axis_data_strcs/share/robo2axis_data_strcs/cmake/export_robo2axis_data_strcs__rosidl_typesupport_fastrtps_cExport-noconfig.cmake
[0.457s] -- Up-to-date: /home/jimmy/ros2_robo2axis/install/robo2axis_data_strcs/share/robo2axis_data_strcs/cmake/robo2axis_data_strcs__rosidl_typesupport_introspection_cExport.cmake
[0.457s] -- Up-to-date: /home/jimmy/ros2_robo2axis/install/robo2axis_data_strcs/share/robo2axis_data_strcs/cmake/robo2axis_data_strcs__rosidl_typesupport_introspection_cExport-noconfig.cmake
[0.457s] -- Up-to-date: /home/jimmy/ros2_robo2axis/install/robo2axis_data_strcs/share/robo2axis_data_strcs/cmake/robo2axis_data_strcs__rosidl_typesupport_cExport.cmake
[0.457s] -- Up-to-date: /home/jimmy/ros2_robo2axis/install/robo2axis_data_strcs/share/robo2axis_data_strcs/cmake/robo2axis_data_strcs__rosidl_typesupport_cExport-noconfig.cmake
[0.458s] -- Up-to-date: /home/jimmy/ros2_robo2axis/install/robo2axis_data_strcs/share/robo2axis_data_strcs/cmake/export_robo2axis_data_strcs__rosidl_generator_cppExport.cmake
[0.458s] -- Up-to-date: /home/jimmy/ros2_robo2axis/install/robo2axis_data_strcs/share/robo2axis_data_strcs/cmake/export_robo2axis_data_strcs__rosidl_typesupport_fastrtps_cppExport.cmake
[0.458s] -- Up-to-date: /home/jimmy/ros2_robo2axis/install/robo2axis_data_strcs/share/robo2axis_data_strcs/cmake/export_robo2axis_data_strcs__rosidl_typesupport_fastrtps_cppExport-noconfig.cmake
[0.458s] -- Up-to-date: /home/jimmy/ros2_robo2axis/install/robo2axis_data_strcs/share/robo2axis_data_strcs/cmake/robo2axis_data_strcs__rosidl_typesupport_introspection_cppExport.cmake
[0.458s] -- Up-to-date: /home/jimmy/ros2_robo2axis/install/robo2axis_data_strcs/share/robo2axis_data_strcs/cmake/robo2axis_data_strcs__rosidl_typesupport_introspection_cppExport-noconfig.cmake
[0.458s] -- Up-to-date: /home/jimmy/ros2_robo2axis/install/robo2axis_data_strcs/share/robo2axis_data_strcs/cmake/robo2axis_data_strcs__rosidl_typesupport_cppExport.cmake
[0.458s] -- Up-to-date: /home/jimmy/ros2_robo2axis/install/robo2axis_data_strcs/share/robo2axis_data_strcs/cmake/robo2axis_data_strcs__rosidl_typesupport_cppExport-noconfig.cmake
[0.458s] -- Up-to-date: /home/jimmy/ros2_robo2axis/install/robo2axis_data_strcs/share/robo2axis_data_strcs/cmake/export_robo2axis_data_strcs__rosidl_generator_pyExport.cmake
[0.458s] -- Up-to-date: /home/jimmy/ros2_robo2axis/install/robo2axis_data_strcs/share/robo2axis_data_strcs/cmake/export_robo2axis_data_strcs__rosidl_generator_pyExport-noconfig.cmake
[0.459s] -- Up-to-date: /home/jimmy/ros2_robo2axis/install/robo2axis_data_strcs/share/robo2axis_data_strcs/cmake/rosidl_cmake-extras.cmake
[0.459s] -- Up-to-date: /home/jimmy/ros2_robo2axis/install/robo2axis_data_strcs/share/robo2axis_data_strcs/cmake/ament_cmake_export_include_directories-extras.cmake
[0.459s] -- Up-to-date: /home/jimmy/ros2_robo2axis/install/robo2axis_data_strcs/share/robo2axis_data_strcs/cmake/ament_cmake_export_libraries-extras.cmake
[0.460s] -- Up-to-date: /home/jimmy/ros2_robo2axis/install/robo2axis_data_strcs/share/robo2axis_data_strcs/cmake/ament_cmake_export_targets-extras.cmake
[0.460s] -- Up-to-date: /home/jimmy/ros2_robo2axis/install/robo2axis_data_strcs/share/robo2axis_data_strcs/cmake/rosidl_cmake_export_typesupport_targets-extras.cmake
[0.460s] -- Up-to-date: /home/jimmy/ros2_robo2axis/install/robo2axis_data_strcs/share/robo2axis_data_strcs/cmake/ament_cmake_export_dependencies-extras.cmake
[0.460s] -- Up-to-date: /home/jimmy/ros2_robo2axis/install/robo2axis_data_strcs/share/robo2axis_data_strcs/cmake/rosidl_cmake_export_typesupport_libraries-extras.cmake
[0.460s] -- Up-to-date: /home/jimmy/ros2_robo2axis/install/robo2axis_data_strcs/share/robo2axis_data_strcs/cmake/robo2axis_data_strcsConfig.cmake
[0.461s] -- Up-to-date: /home/jimmy/ros2_robo2axis/install/robo2axis_data_strcs/share/robo2axis_data_strcs/cmake/robo2axis_data_strcsConfig-version.cmake
[0.461s] -- Up-to-date: /home/jimmy/ros2_robo2axis/install/robo2axis_data_strcs/share/robo2axis_data_strcs/package.xml
[0.461s] Invoked command in '/home/jimmy/ros2_robo2axis/build/robo2axis_data_strcs' returned '0': CMAKE_PREFIX_PATH=/opt/ros/humble /usr/bin/cmake --install /home/jimmy/ros2_robo2axis/build/robo2axis_data_strcs
