[1.118s] DEBUG:colcon:Command line arguments: ['/usr/bin/colcon', 'build', '--packages-select', 'robo2axis_pid']
[1.118s] DEBUG:colcon:Parsed command line arguments: Namespace(log_base=None, log_level=None, verb_name='build', build_base='build', install_base='install', merge_install=False, symlink_install=False, test_result_base=None, continue_on_error=False, executor='parallel', parallel_workers=12, event_handlers=None, ignore_user_meta=False, metas=['./colcon.meta'], base_paths=['.'], packages_ignore=None, packages_ignore_regex=None, paths=None, packages_up_to=None, packages_up_to_regex=None, packages_above=None, packages_above_and_dependencies=None, packages_above_depth=None, packages_select_by_dep=None, packages_skip_by_dep=None, packages_skip_up_to=None, packages_select_build_failed=False, packages_skip_build_finished=False, packages_select_test_failures=False, packages_skip_test_passed=False, packages_select=['robo2axis_pid'], packages_skip=None, packages_select_regex=None, packages_skip_regex=None, packages_start=None, packages_end=None, allow_overriding=[], cmake_args=None, cmake_target=None, cmake_target_skip_unavailable=False, cmake_clean_cache=False, cmake_clean_first=False, cmake_force_configure=False, ament_cmake_args=None, catkin_cmake_args=None, catkin_skip_building_tests=False, verb_parser=<colcon_defaults.argument_parser.defaults.DefaultArgumentsDecorator object at 0x7fd913b7d480>, verb_extension=<colcon_core.verb.build.BuildVerb object at 0x7fd913fcf310>, main=<bound method BuildVerb.main of <colcon_core.verb.build.BuildVerb object at 0x7fd913fcf310>>)
[1.198s] Level 1:colcon.colcon_core.package_discovery:discover_packages(colcon_meta) check parameters
[1.199s] Level 1:colcon.colcon_core.package_discovery:discover_packages(recursive) check parameters
[1.199s] Level 1:colcon.colcon_core.package_discovery:discover_packages(ignore) check parameters
[1.199s] Level 1:colcon.colcon_core.package_discovery:discover_packages(path) check parameters
[1.199s] Level 1:colcon.colcon_core.package_discovery:discover_packages(colcon_meta) discover
[1.199s] Level 1:colcon.colcon_core.package_discovery:discover_packages(recursive) discover
[1.199s] INFO:colcon.colcon_core.package_discovery:Crawling recursively for packages in '/home/jimmy/ros2_robo2axis'
[1.199s] Level 1:colcon.colcon_core.package_identification:_identify(.) by extensions ['ignore', 'ignore_ament_install']
[1.199s] Level 1:colcon.colcon_core.package_identification:_identify(.) by extension 'ignore'
[1.199s] Level 1:colcon.colcon_core.package_identification:_identify(.) by extension 'ignore_ament_install'
[1.199s] Level 1:colcon.colcon_core.package_identification:_identify(.) by extensions ['colcon_pkg']
[1.199s] Level 1:colcon.colcon_core.package_identification:_identify(.) by extension 'colcon_pkg'
[1.199s] Level 1:colcon.colcon_core.package_identification:_identify(.) by extensions ['colcon_meta']
[1.199s] Level 1:colcon.colcon_core.package_identification:_identify(.) by extension 'colcon_meta'
[1.199s] Level 1:colcon.colcon_core.package_identification:_identify(.) by extensions ['ros']
[1.199s] Level 1:colcon.colcon_core.package_identification:_identify(.) by extension 'ros'
[1.212s] Level 1:colcon.colcon_core.package_identification:_identify(.) by extensions ['cmake', 'python']
[1.212s] Level 1:colcon.colcon_core.package_identification:_identify(.) by extension 'cmake'
[1.212s] Level 1:colcon.colcon_core.package_identification:_identify(.) by extension 'python'
[1.212s] Level 1:colcon.colcon_core.package_identification:_identify(.) by extensions ['python_setup_py']
[1.212s] Level 1:colcon.colcon_core.package_identification:_identify(.) by extension 'python_setup_py'
[1.213s] Level 1:colcon.colcon_core.package_identification:_identify(build) by extensions ['ignore', 'ignore_ament_install']
[1.213s] Level 1:colcon.colcon_core.package_identification:_identify(build) by extension 'ignore'
[1.213s] Level 1:colcon.colcon_core.package_identification:_identify(build) ignored
[1.213s] Level 1:colcon.colcon_core.package_identification:_identify(install) by extensions ['ignore', 'ignore_ament_install']
[1.213s] Level 1:colcon.colcon_core.package_identification:_identify(install) by extension 'ignore'
[1.213s] Level 1:colcon.colcon_core.package_identification:_identify(install) ignored
[1.213s] Level 1:colcon.colcon_core.package_identification:_identify(log) by extensions ['ignore', 'ignore_ament_install']
[1.213s] Level 1:colcon.colcon_core.package_identification:_identify(log) by extension 'ignore'
[1.213s] Level 1:colcon.colcon_core.package_identification:_identify(log) ignored
[1.213s] Level 1:colcon.colcon_core.package_identification:_identify(src) by extensions ['ignore', 'ignore_ament_install']
[1.213s] Level 1:colcon.colcon_core.package_identification:_identify(src) by extension 'ignore'
[1.213s] Level 1:colcon.colcon_core.package_identification:_identify(src) by extension 'ignore_ament_install'
[1.214s] Level 1:colcon.colcon_core.package_identification:_identify(src) by extensions ['colcon_pkg']
[1.214s] Level 1:colcon.colcon_core.package_identification:_identify(src) by extension 'colcon_pkg'
[1.214s] Level 1:colcon.colcon_core.package_identification:_identify(src) by extensions ['colcon_meta']
[1.214s] Level 1:colcon.colcon_core.package_identification:_identify(src) by extension 'colcon_meta'
[1.214s] Level 1:colcon.colcon_core.package_identification:_identify(src) by extensions ['ros']
[1.214s] Level 1:colcon.colcon_core.package_identification:_identify(src) by extension 'ros'
[1.214s] Level 1:colcon.colcon_core.package_identification:_identify(src) by extensions ['cmake', 'python']
[1.214s] Level 1:colcon.colcon_core.package_identification:_identify(src) by extension 'cmake'
[1.214s] Level 1:colcon.colcon_core.package_identification:_identify(src) by extension 'python'
[1.214s] Level 1:colcon.colcon_core.package_identification:_identify(src) by extensions ['python_setup_py']
[1.214s] Level 1:colcon.colcon_core.package_identification:_identify(src) by extension 'python_setup_py'
[1.214s] Level 1:colcon.colcon_core.package_identification:_identify(src/robo2axis_data_strcs) by extensions ['ignore', 'ignore_ament_install']
[1.214s] Level 1:colcon.colcon_core.package_identification:_identify(src/robo2axis_data_strcs) by extension 'ignore'
[1.214s] Level 1:colcon.colcon_core.package_identification:_identify(src/robo2axis_data_strcs) by extension 'ignore_ament_install'
[1.214s] Level 1:colcon.colcon_core.package_identification:_identify(src/robo2axis_data_strcs) by extensions ['colcon_pkg']
[1.214s] Level 1:colcon.colcon_core.package_identification:_identify(src/robo2axis_data_strcs) by extension 'colcon_pkg'
[1.214s] Level 1:colcon.colcon_core.package_identification:_identify(src/robo2axis_data_strcs) by extensions ['colcon_meta']
[1.214s] Level 1:colcon.colcon_core.package_identification:_identify(src/robo2axis_data_strcs) by extension 'colcon_meta'
[1.214s] Level 1:colcon.colcon_core.package_identification:_identify(src/robo2axis_data_strcs) by extensions ['ros']
[1.214s] Level 1:colcon.colcon_core.package_identification:_identify(src/robo2axis_data_strcs) by extension 'ros'
[1.218s] DEBUG:colcon.colcon_core.package_identification:Package 'src/robo2axis_data_strcs' with type 'ros.ament_cmake' and name 'robo2axis_data_strcs'
[1.218s] Level 1:colcon.colcon_core.package_identification:_identify(src/robo2axis_pid) by extensions ['ignore', 'ignore_ament_install']
[1.218s] Level 1:colcon.colcon_core.package_identification:_identify(src/robo2axis_pid) by extension 'ignore'
[1.218s] Level 1:colcon.colcon_core.package_identification:_identify(src/robo2axis_pid) by extension 'ignore_ament_install'
[1.218s] Level 1:colcon.colcon_core.package_identification:_identify(src/robo2axis_pid) by extensions ['colcon_pkg']
[1.218s] Level 1:colcon.colcon_core.package_identification:_identify(src/robo2axis_pid) by extension 'colcon_pkg'
[1.218s] Level 1:colcon.colcon_core.package_identification:_identify(src/robo2axis_pid) by extensions ['colcon_meta']
[1.218s] Level 1:colcon.colcon_core.package_identification:_identify(src/robo2axis_pid) by extension 'colcon_meta'
[1.218s] Level 1:colcon.colcon_core.package_identification:_identify(src/robo2axis_pid) by extensions ['ros']
[1.218s] Level 1:colcon.colcon_core.package_identification:_identify(src/robo2axis_pid) by extension 'ros'
[1.219s] DEBUG:colcon.colcon_core.package_identification:Package 'src/robo2axis_pid' with type 'ros.ament_python' and name 'robo2axis_pid'
[1.219s] Level 1:colcon.colcon_core.package_identification:_identify(src/robo2axis_serial) by extensions ['ignore', 'ignore_ament_install']
[1.220s] Level 1:colcon.colcon_core.package_identification:_identify(src/robo2axis_serial) by extension 'ignore'
[1.220s] Level 1:colcon.colcon_core.package_identification:_identify(src/robo2axis_serial) by extension 'ignore_ament_install'
[1.220s] Level 1:colcon.colcon_core.package_identification:_identify(src/robo2axis_serial) by extensions ['colcon_pkg']
[1.220s] Level 1:colcon.colcon_core.package_identification:_identify(src/robo2axis_serial) by extension 'colcon_pkg'
[1.220s] Level 1:colcon.colcon_core.package_identification:_identify(src/robo2axis_serial) by extensions ['colcon_meta']
[1.220s] Level 1:colcon.colcon_core.package_identification:_identify(src/robo2axis_serial) by extension 'colcon_meta'
[1.220s] Level 1:colcon.colcon_core.package_identification:_identify(src/robo2axis_serial) by extensions ['ros']
[1.220s] Level 1:colcon.colcon_core.package_identification:_identify(src/robo2axis_serial) by extension 'ros'
[1.221s] DEBUG:colcon.colcon_core.package_identification:Package 'src/robo2axis_serial' with type 'ros.ament_python' and name 'robo2axis_serial'
[1.221s] Level 1:colcon.colcon_core.package_discovery:discover_packages(recursive) using defaults
[1.221s] Level 1:colcon.colcon_core.package_discovery:discover_packages(ignore) discover
[1.221s] Level 1:colcon.colcon_core.package_discovery:discover_packages(ignore) using defaults
[1.221s] Level 1:colcon.colcon_core.package_discovery:discover_packages(path) discover
[1.221s] Level 1:colcon.colcon_core.package_discovery:discover_packages(path) using defaults
[1.285s] INFO:colcon.colcon_core.package_selection:Skipping not selected package 'robo2axis_data_strcs' in 'src/robo2axis_data_strcs'
[1.285s] INFO:colcon.colcon_core.package_selection:Skipping not selected package 'robo2axis_serial' in 'src/robo2axis_serial'
[1.312s] Level 1:colcon.colcon_core.package_discovery:discover_packages(prefix_path) check parameters
[1.312s] Level 1:colcon.colcon_core.package_discovery:discover_packages(prefix_path) discover
[1.342s] DEBUG:colcon.colcon_installed_package_information.package_discovery:Found 287 installed packages in /opt/ros/humble
[1.343s] Level 1:colcon.colcon_core.package_discovery:discover_packages(prefix_path) using defaults
[1.432s] Level 5:colcon.colcon_core.verb:set package 'robo2axis_pid' build argument 'cmake_args' from command line to 'None'
[1.432s] Level 5:colcon.colcon_core.verb:set package 'robo2axis_pid' build argument 'cmake_target' from command line to 'None'
[1.432s] Level 5:colcon.colcon_core.verb:set package 'robo2axis_pid' build argument 'cmake_target_skip_unavailable' from command line to 'False'
[1.432s] Level 5:colcon.colcon_core.verb:set package 'robo2axis_pid' build argument 'cmake_clean_cache' from command line to 'False'
[1.432s] Level 5:colcon.colcon_core.verb:set package 'robo2axis_pid' build argument 'cmake_clean_first' from command line to 'False'
[1.432s] Level 5:colcon.colcon_core.verb:set package 'robo2axis_pid' build argument 'cmake_force_configure' from command line to 'False'
[1.432s] Level 5:colcon.colcon_core.verb:set package 'robo2axis_pid' build argument 'ament_cmake_args' from command line to 'None'
[1.432s] Level 5:colcon.colcon_core.verb:set package 'robo2axis_pid' build argument 'catkin_cmake_args' from command line to 'None'
[1.432s] Level 5:colcon.colcon_core.verb:set package 'robo2axis_pid' build argument 'catkin_skip_building_tests' from command line to 'False'
[1.432s] DEBUG:colcon.colcon_core.verb:Building package 'robo2axis_pid' with the following arguments: {'ament_cmake_args': None, 'build_base': '/home/jimmy/ros2_robo2axis/build/robo2axis_pid', 'catkin_cmake_args': None, 'catkin_skip_building_tests': False, 'cmake_args': None, 'cmake_clean_cache': False, 'cmake_clean_first': False, 'cmake_force_configure': False, 'cmake_target': None, 'cmake_target_skip_unavailable': False, 'install_base': '/home/jimmy/ros2_robo2axis/install/robo2axis_pid', 'merge_install': False, 'path': '/home/jimmy/ros2_robo2axis/src/robo2axis_pid', 'symlink_install': False, 'test_result_base': None}
[1.445s] INFO:colcon.colcon_core.executor:Executing jobs using 'parallel' executor
[1.458s] DEBUG:colcon.colcon_parallel_executor.executor.parallel:run_until_complete
[1.458s] INFO:colcon.colcon_ros.task.ament_python.build:Building ROS package in '/home/jimmy/ros2_robo2axis/src/robo2axis_pid' with build type 'ament_python'
[1.458s] Level 1:colcon.colcon_core.shell:create_environment_hook('robo2axis_pid', 'ament_prefix_path')
[1.480s] INFO:colcon.colcon_core.plugin_system:Skipping extension 'colcon_core.shell.bat': Not used on non-Windows systems
[1.481s] INFO:colcon.colcon_core.shell:Creating environment hook '/home/jimmy/ros2_robo2axis/install/robo2axis_pid/share/robo2axis_pid/hook/ament_prefix_path.ps1'
[1.482s] INFO:colcon.colcon_core.shell:Creating environment descriptor '/home/jimmy/ros2_robo2axis/install/robo2axis_pid/share/robo2axis_pid/hook/ament_prefix_path.dsv'
[1.482s] INFO:colcon.colcon_core.shell:Creating environment hook '/home/jimmy/ros2_robo2axis/install/robo2axis_pid/share/robo2axis_pid/hook/ament_prefix_path.sh'
[1.498s] INFO:colcon.colcon_core.shell:Skip shell extension 'powershell' for command environment: Not usable outside of PowerShell
[1.498s] DEBUG:colcon.colcon_core.shell:Skip shell extension 'dsv' for command environment
[1.766s] INFO:colcon.colcon_core.task.python.build:Building Python package in '/home/jimmy/ros2_robo2axis/src/robo2axis_pid'
[1.780s] INFO:colcon.colcon_core.shell:Skip shell extension 'powershell' for command environment: Not usable outside of PowerShell
[1.780s] DEBUG:colcon.colcon_core.shell:Skip shell extension 'dsv' for command environment
[2.123s] DEBUG:colcon.colcon_core.event_handler.log_command:Invoking command in '/home/jimmy/ros2_robo2axis/src/robo2axis_pid': AMENT_PREFIX_PATH=/home/jimmy/ros2_robo2axis/install/robo2axis_data_strcs:${AMENT_PREFIX_PATH} CMAKE_PREFIX_PATH=/home/jimmy/ros2_robo2axis/install/robo2axis_data_strcs LD_LIBRARY_PATH=/home/jimmy/ros2_robo2axis/install/robo2axis_data_strcs/lib:${LD_LIBRARY_PATH} PYTHONPATH=/home/jimmy/ros2_robo2axis/build/robo2axis_pid/prefix_override:/home/jimmy/ros2_robo2axis/install/robo2axis_pid/lib/python3.10/site-packages:/home/jimmy/ros2_robo2axis/install/robo2axis_data_strcs/local/lib/python3.10/dist-packages:${PYTHONPATH} /usr/bin/python3 setup.py egg_info --egg-base ../../build/robo2axis_pid build --build-base /home/jimmy/ros2_robo2axis/build/robo2axis_pid/build install --record /home/jimmy/ros2_robo2axis/build/robo2axis_pid/install.log --single-version-externally-managed
[2.380s] DEBUG:colcon.colcon_core.event_handler.log_command:Invoked command in '/home/jimmy/ros2_robo2axis/src/robo2axis_pid' returned '0': AMENT_PREFIX_PATH=/home/jimmy/ros2_robo2axis/install/robo2axis_data_strcs:${AMENT_PREFIX_PATH} CMAKE_PREFIX_PATH=/home/jimmy/ros2_robo2axis/install/robo2axis_data_strcs LD_LIBRARY_PATH=/home/jimmy/ros2_robo2axis/install/robo2axis_data_strcs/lib:${LD_LIBRARY_PATH} PYTHONPATH=/home/jimmy/ros2_robo2axis/build/robo2axis_pid/prefix_override:/home/jimmy/ros2_robo2axis/install/robo2axis_pid/lib/python3.10/site-packages:/home/jimmy/ros2_robo2axis/install/robo2axis_data_strcs/local/lib/python3.10/dist-packages:${PYTHONPATH} /usr/bin/python3 setup.py egg_info --egg-base ../../build/robo2axis_pid build --build-base /home/jimmy/ros2_robo2axis/build/robo2axis_pid/build install --record /home/jimmy/ros2_robo2axis/build/robo2axis_pid/install.log --single-version-externally-managed
[2.399s] Level 1:colcon.colcon_core.environment:checking '/home/jimmy/ros2_robo2axis/install/robo2axis_pid' for CMake module files
[2.400s] Level 1:colcon.colcon_core.environment:checking '/home/jimmy/ros2_robo2axis/install/robo2axis_pid' for CMake config files
[2.400s] Level 1:colcon.colcon_core.environment:checking '/home/jimmy/ros2_robo2axis/install/robo2axis_pid/lib'
[2.400s] Level 1:colcon.colcon_core.environment:checking '/home/jimmy/ros2_robo2axis/install/robo2axis_pid/bin'
[2.400s] Level 1:colcon.colcon_core.environment:checking '/home/jimmy/ros2_robo2axis/install/robo2axis_pid/lib/pkgconfig/robo2axis_pid.pc'
[2.401s] Level 1:colcon.colcon_core.environment:checking '/home/jimmy/ros2_robo2axis/install/robo2axis_pid/lib/python3.10/site-packages'
[2.401s] Level 1:colcon.colcon_core.shell:create_environment_hook('robo2axis_pid', 'pythonpath')
[2.414s] INFO:colcon.colcon_core.shell:Creating environment hook '/home/jimmy/ros2_robo2axis/install/robo2axis_pid/share/robo2axis_pid/hook/pythonpath.ps1'
[2.415s] INFO:colcon.colcon_core.shell:Creating environment descriptor '/home/jimmy/ros2_robo2axis/install/robo2axis_pid/share/robo2axis_pid/hook/pythonpath.dsv'
[2.415s] INFO:colcon.colcon_core.shell:Creating environment hook '/home/jimmy/ros2_robo2axis/install/robo2axis_pid/share/robo2axis_pid/hook/pythonpath.sh'
[2.415s] Level 1:colcon.colcon_core.environment:checking '/home/jimmy/ros2_robo2axis/install/robo2axis_pid/bin'
[2.416s] Level 1:colcon.colcon_core.environment:create_environment_scripts_only(robo2axis_pid)
[2.429s] INFO:colcon.colcon_core.shell:Creating package script '/home/jimmy/ros2_robo2axis/install/robo2axis_pid/share/robo2axis_pid/package.ps1'
[2.430s] INFO:colcon.colcon_core.shell:Creating package descriptor '/home/jimmy/ros2_robo2axis/install/robo2axis_pid/share/robo2axis_pid/package.dsv'
[2.431s] INFO:colcon.colcon_core.shell:Creating package script '/home/jimmy/ros2_robo2axis/install/robo2axis_pid/share/robo2axis_pid/package.sh'
[2.432s] INFO:colcon.colcon_core.shell:Creating package script '/home/jimmy/ros2_robo2axis/install/robo2axis_pid/share/robo2axis_pid/package.bash'
[2.433s] INFO:colcon.colcon_core.shell:Creating package script '/home/jimmy/ros2_robo2axis/install/robo2axis_pid/share/robo2axis_pid/package.zsh'
[2.433s] Level 1:colcon.colcon_core.environment:create_file_with_runtime_dependencies(/home/jimmy/ros2_robo2axis/install/robo2axis_pid/share/colcon-core/packages/robo2axis_pid)
[2.434s] DEBUG:colcon.colcon_parallel_executor.executor.parallel:closing loop
[2.434s] DEBUG:colcon.colcon_parallel_executor.executor.parallel:loop closed
[2.434s] DEBUG:colcon.colcon_parallel_executor.executor.parallel:run_until_complete finished with '0'
[2.434s] DEBUG:colcon.colcon_core.event_reactor:joining thread
[2.455s] INFO:colcon.colcon_core.plugin_system:Skipping extension 'colcon_notification.desktop_notification.terminal_notifier': Not used on non-Darwin systems
[2.455s] INFO:colcon.colcon_core.plugin_system:Skipping extension 'colcon_notification.desktop_notification.win32': Not used on non-Windows systems
[2.455s] INFO:colcon.colcon_notification.desktop_notification:Sending desktop notification using 'notify2'
[2.469s] DEBUG:colcon.colcon_core.event_reactor:joined thread
[2.484s] INFO:colcon.colcon_core.shell:Creating prefix script '/home/jimmy/ros2_robo2axis/install/local_setup.ps1'
[2.485s] INFO:colcon.colcon_core.shell:Creating prefix util module '/home/jimmy/ros2_robo2axis/install/_local_setup_util_ps1.py'
[2.486s] INFO:colcon.colcon_core.shell:Creating prefix chain script '/home/jimmy/ros2_robo2axis/install/setup.ps1'
[2.501s] INFO:colcon.colcon_core.shell:Creating prefix script '/home/jimmy/ros2_robo2axis/install/local_setup.sh'
[2.501s] INFO:colcon.colcon_core.shell:Creating prefix util module '/home/jimmy/ros2_robo2axis/install/_local_setup_util_sh.py'
[2.502s] INFO:colcon.colcon_core.shell:Creating prefix chain script '/home/jimmy/ros2_robo2axis/install/setup.sh'
[2.516s] INFO:colcon.colcon_core.shell:Creating prefix script '/home/jimmy/ros2_robo2axis/install/local_setup.bash'
[2.517s] INFO:colcon.colcon_core.shell:Creating prefix chain script '/home/jimmy/ros2_robo2axis/install/setup.bash'
[2.531s] INFO:colcon.colcon_core.shell:Creating prefix script '/home/jimmy/ros2_robo2axis/install/local_setup.zsh'
[2.532s] INFO:colcon.colcon_core.shell:Creating prefix chain script '/home/jimmy/ros2_robo2axis/install/setup.zsh'
