[0.053s] Invoking command in '/home/jimmy/ros2_robo2axis/build/robo2axis_data_strcs': CMAKE_PREFIX_PATH=/opt/ros/humble /usr/bin/cmake --build /home/jimmy/ros2_robo2axis/build/robo2axis_data_strcs -- -j12 -l12
[0.149s] [  3%] Built target robo2axis_data_strcs__cpp
[0.152s] [ 12%] Built target robo2axis_data_strcs__rosidl_generator_c
[0.162s] [ 12%] Built target ament_cmake_python_copy_robo2axis_data_strcs
[0.177s] [ 22%] Built target robo2axis_data_strcs__rosidl_typesupport_introspection_c
[0.179s] [ 41%] Built target robo2axis_data_strcs__rosidl_typesupport_fastrtps_c
[0.179s] [ 41%] Built target robo2axis_data_strcs__rosidl_typesupport_introspection_cpp
[0.179s] [ 51%] Built target robo2axis_data_strcs__rosidl_typesupport_c
[0.181s] [ 61%] Built target robo2axis_data_strcs__rosidl_typesupport_fastrtps_cpp
[0.181s] [ 70%] Built target robo2axis_data_strcs__rosidl_typesupport_cpp
[0.201s] [ 70%] Built target robo2axis_data_strcs
[0.221s] [ 74%] Built target robo2axis_data_strcs__py
[0.244s] [ 80%] Built target robo2axis_data_strcs__rosidl_generator_py
[0.267s] [100%] Built target robo2axis_data_strcs__rosidl_typesupport_fastrtps_c__pyext
[0.267s] [100%] Built target robo2axis_data_strcs__rosidl_typesupport_introspection_c__pyext
[0.267s] [100%] Built target robo2axis_data_strcs__rosidl_typesupport_c__pyext
[0.383s] running egg_info
[0.384s] writing robo2axis_data_strcs.egg-info/PKG-INFO
[0.384s] writing dependency_links to robo2axis_data_strcs.egg-info/dependency_links.txt
[0.384s] writing top-level names to robo2axis_data_strcs.egg-info/top_level.txt
[0.387s] reading manifest file 'robo2axis_data_strcs.egg-info/SOURCES.txt'
[0.387s] writing manifest file 'robo2axis_data_strcs.egg-info/SOURCES.txt'
[0.408s] [100%] Built target ament_cmake_python_build_robo2axis_data_strcs_egg
[0.418s] Invoked command in '/home/jimmy/ros2_robo2axis/build/robo2axis_data_strcs' returned '0': CMAKE_PREFIX_PATH=/opt/ros/humble /usr/bin/cmake --build /home/jimmy/ros2_robo2axis/build/robo2axis_data_strcs -- -j12 -l12
[0.477s] Invoking command in '/home/jimmy/ros2_robo2axis/build/robo2axis_data_strcs': CMAKE_PREFIX_PATH=/opt/ros/humble /usr/bin/cmake --install /home/jimmy/ros2_robo2axis/build/robo2axis_data_strcs
[0.486s] -- Install configuration: ""
[0.488s] -- Up-to-date: /home/jimmy/ros2_robo2axis/install/robo2axis_data_strcs/share/ament_index/resource_index/rosidl_interfaces/robo2axis_data_strcs
[0.489s] -- Up-to-date: /home/jimmy/ros2_robo2axis/install/robo2axis_data_strcs/include/robo2axis_data_strcs/robo2axis_data_strcs
[0.489s] -- Up-to-date: /home/jimmy/ros2_robo2axis/install/robo2axis_data_strcs/include/robo2axis_data_strcs/robo2axis_data_strcs/msg
[0.490s] -- Up-to-date: /home/jimmy/ros2_robo2axis/install/robo2axis_data_strcs/include/robo2axis_data_strcs/robo2axis_data_strcs/msg/encoder_counts.h
[0.490s] -- Up-to-date: /home/jimmy/ros2_robo2axis/install/robo2axis_data_strcs/include/robo2axis_data_strcs/robo2axis_data_strcs/msg/rosidl_generator_c__visibility_control.h
[0.490s] -- Up-to-date: /home/jimmy/ros2_robo2axis/install/robo2axis_data_strcs/include/robo2axis_data_strcs/robo2axis_data_strcs/msg/detail
[0.490s] -- Up-to-date: /home/jimmy/ros2_robo2axis/install/robo2axis_data_strcs/include/robo2axis_data_strcs/robo2axis_data_strcs/msg/detail/encoder_counts__functions.h
[0.490s] -- Up-to-date: /home/jimmy/ros2_robo2axis/install/robo2axis_data_strcs/include/robo2axis_data_strcs/robo2axis_data_strcs/msg/detail/encoder_counts__type_support.h
[0.490s] -- Up-to-date: /home/jimmy/ros2_robo2axis/install/robo2axis_data_strcs/include/robo2axis_data_strcs/robo2axis_data_strcs/msg/detail/encoder_counts__struct.h
[0.490s] -- Up-to-date: /home/jimmy/ros2_robo2axis/install/robo2axis_data_strcs/include/robo2axis_data_strcs/robo2axis_data_strcs/msg/detail/encoder_counts__functions.c
[0.491s] -- Up-to-date: /home/jimmy/ros2_robo2axis/install/robo2axis_data_strcs/share/robo2axis_data_strcs/environment/library_path.sh
[0.491s] -- Up-to-date: /home/jimmy/ros2_robo2axis/install/robo2axis_data_strcs/share/robo2axis_data_strcs/environment/library_path.dsv
[0.493s] -- Up-to-date: /home/jimmy/ros2_robo2axis/install/robo2axis_data_strcs/lib/librobo2axis_data_strcs__rosidl_generator_c.so
[0.493s] -- Up-to-date: /home/jimmy/ros2_robo2axis/install/robo2axis_data_strcs/include/robo2axis_data_strcs/robo2axis_data_strcs
[0.494s] -- Up-to-date: /home/jimmy/ros2_robo2axis/install/robo2axis_data_strcs/include/robo2axis_data_strcs/robo2axis_data_strcs/msg
[0.494s] -- Up-to-date: /home/jimmy/ros2_robo2axis/install/robo2axis_data_strcs/include/robo2axis_data_strcs/robo2axis_data_strcs/msg/rosidl_typesupport_fastrtps_c__visibility_control.h
[0.494s] -- Up-to-date: /home/jimmy/ros2_robo2axis/install/robo2axis_data_strcs/include/robo2axis_data_strcs/robo2axis_data_strcs/msg/detail
[0.494s] -- Up-to-date: /home/jimmy/ros2_robo2axis/install/robo2axis_data_strcs/include/robo2axis_data_strcs/robo2axis_data_strcs/msg/detail/encoder_counts__rosidl_typesupport_fastrtps_c.h
[0.494s] -- Up-to-date: /home/jimmy/ros2_robo2axis/install/robo2axis_data_strcs/lib/librobo2axis_data_strcs__rosidl_typesupport_fastrtps_c.so
[0.494s] -- Up-to-date: /home/jimmy/ros2_robo2axis/install/robo2axis_data_strcs/include/robo2axis_data_strcs/robo2axis_data_strcs
[0.495s] -- Up-to-date: /home/jimmy/ros2_robo2axis/install/robo2axis_data_strcs/include/robo2axis_data_strcs/robo2axis_data_strcs/msg
[0.495s] -- Up-to-date: /home/jimmy/ros2_robo2axis/install/robo2axis_data_strcs/include/robo2axis_data_strcs/robo2axis_data_strcs/msg/rosidl_typesupport_introspection_c__visibility_control.h
[0.495s] -- Up-to-date: /home/jimmy/ros2_robo2axis/install/robo2axis_data_strcs/include/robo2axis_data_strcs/robo2axis_data_strcs/msg/detail
[0.495s] -- Up-to-date: /home/jimmy/ros2_robo2axis/install/robo2axis_data_strcs/include/robo2axis_data_strcs/robo2axis_data_strcs/msg/detail/encoder_counts__rosidl_typesupport_introspection_c.h
[0.495s] -- Up-to-date: /home/jimmy/ros2_robo2axis/install/robo2axis_data_strcs/include/robo2axis_data_strcs/robo2axis_data_strcs/msg/detail/encoder_counts__type_support.c
[0.495s] -- Up-to-date: /home/jimmy/ros2_robo2axis/install/robo2axis_data_strcs/lib/librobo2axis_data_strcs__rosidl_typesupport_introspection_c.so
[0.496s] -- Up-to-date: /home/jimmy/ros2_robo2axis/install/robo2axis_data_strcs/lib/librobo2axis_data_strcs__rosidl_typesupport_c.so
[0.497s] -- Up-to-date: /home/jimmy/ros2_robo2axis/install/robo2axis_data_strcs/include/robo2axis_data_strcs/robo2axis_data_strcs
[0.497s] -- Up-to-date: /home/jimmy/ros2_robo2axis/install/robo2axis_data_strcs/include/robo2axis_data_strcs/robo2axis_data_strcs/msg
[0.497s] -- Up-to-date: /home/jimmy/ros2_robo2axis/install/robo2axis_data_strcs/include/robo2axis_data_strcs/robo2axis_data_strcs/msg/encoder_counts.hpp
[0.497s] -- Up-to-date: /home/jimmy/ros2_robo2axis/install/robo2axis_data_strcs/include/robo2axis_data_strcs/robo2axis_data_strcs/msg/detail
[0.497s] -- Up-to-date: /home/jimmy/ros2_robo2axis/install/robo2axis_data_strcs/include/robo2axis_data_strcs/robo2axis_data_strcs/msg/detail/encoder_counts__builder.hpp
[0.497s] -- Up-to-date: /home/jimmy/ros2_robo2axis/install/robo2axis_data_strcs/include/robo2axis_data_strcs/robo2axis_data_strcs/msg/detail/encoder_counts__traits.hpp
[0.498s] -- Up-to-date: /home/jimmy/ros2_robo2axis/install/robo2axis_data_strcs/include/robo2axis_data_strcs/robo2axis_data_strcs/msg/detail/encoder_counts__struct.hpp
[0.498s] -- Up-to-date: /home/jimmy/ros2_robo2axis/install/robo2axis_data_strcs/include/robo2axis_data_strcs/robo2axis_data_strcs
[0.498s] -- Up-to-date: /home/jimmy/ros2_robo2axis/install/robo2axis_data_strcs/include/robo2axis_data_strcs/robo2axis_data_strcs/msg
[0.498s] -- Up-to-date: /home/jimmy/ros2_robo2axis/install/robo2axis_data_strcs/include/robo2axis_data_strcs/robo2axis_data_strcs/msg/rosidl_typesupport_fastrtps_cpp__visibility_control.h
[0.498s] -- Up-to-date: /home/jimmy/ros2_robo2axis/install/robo2axis_data_strcs/include/robo2axis_data_strcs/robo2axis_data_strcs/msg/detail
[0.498s] -- Up-to-date: /home/jimmy/ros2_robo2axis/install/robo2axis_data_strcs/include/robo2axis_data_strcs/robo2axis_data_strcs/msg/detail/dds_fastrtps
[0.499s] -- Up-to-date: /home/jimmy/ros2_robo2axis/install/robo2axis_data_strcs/include/robo2axis_data_strcs/robo2axis_data_strcs/msg/detail/encoder_counts__rosidl_typesupport_fastrtps_cpp.hpp
[0.499s] -- Up-to-date: /home/jimmy/ros2_robo2axis/install/robo2axis_data_strcs/lib/librobo2axis_data_strcs__rosidl_typesupport_fastrtps_cpp.so
[0.499s] -- Up-to-date: /home/jimmy/ros2_robo2axis/install/robo2axis_data_strcs/include/robo2axis_data_strcs/robo2axis_data_strcs
[0.499s] -- Up-to-date: /home/jimmy/ros2_robo2axis/install/robo2axis_data_strcs/include/robo2axis_data_strcs/robo2axis_data_strcs/msg
[0.499s] -- Up-to-date: /home/jimmy/ros2_robo2axis/install/robo2axis_data_strcs/include/robo2axis_data_strcs/robo2axis_data_strcs/msg/detail
[0.499s] -- Up-to-date: /home/jimmy/ros2_robo2axis/install/robo2axis_data_strcs/include/robo2axis_data_strcs/robo2axis_data_strcs/msg/detail/encoder_counts__type_support.cpp
[0.499s] -- Up-to-date: /home/jimmy/ros2_robo2axis/install/robo2axis_data_strcs/include/robo2axis_data_strcs/robo2axis_data_strcs/msg/detail/encoder_counts__rosidl_typesupport_introspection_cpp.hpp
[0.500s] -- Up-to-date: /home/jimmy/ros2_robo2axis/install/robo2axis_data_strcs/lib/librobo2axis_data_strcs__rosidl_typesupport_introspection_cpp.so
[0.500s] -- Up-to-date: /home/jimmy/ros2_robo2axis/install/robo2axis_data_strcs/lib/librobo2axis_data_strcs__rosidl_typesupport_cpp.so
[0.500s] -- Up-to-date: /home/jimmy/ros2_robo2axis/install/robo2axis_data_strcs/share/robo2axis_data_strcs/environment/pythonpath.sh
[0.500s] -- Up-to-date: /home/jimmy/ros2_robo2axis/install/robo2axis_data_strcs/share/robo2axis_data_strcs/environment/pythonpath.dsv
[0.501s] -- Up-to-date: /home/jimmy/ros2_robo2axis/install/robo2axis_data_strcs/local/lib/python3.10/dist-packages/robo2axis_data_strcs-0.0.0-py3.10.egg-info
[0.501s] -- Installing: /home/jimmy/ros2_robo2axis/install/robo2axis_data_strcs/local/lib/python3.10/dist-packages/robo2axis_data_strcs-0.0.0-py3.10.egg-info/top_level.txt
[0.501s] -- Installing: /home/jimmy/ros2_robo2axis/install/robo2axis_data_strcs/local/lib/python3.10/dist-packages/robo2axis_data_strcs-0.0.0-py3.10.egg-info/SOURCES.txt
[0.502s] -- Installing: /home/jimmy/ros2_robo2axis/install/robo2axis_data_strcs/local/lib/python3.10/dist-packages/robo2axis_data_strcs-0.0.0-py3.10.egg-info/PKG-INFO
[0.502s] -- Installing: /home/jimmy/ros2_robo2axis/install/robo2axis_data_strcs/local/lib/python3.10/dist-packages/robo2axis_data_strcs-0.0.0-py3.10.egg-info/dependency_links.txt
[0.502s] -- Up-to-date: /home/jimmy/ros2_robo2axis/install/robo2axis_data_strcs/local/lib/python3.10/dist-packages/robo2axis_data_strcs
[0.502s] -- Up-to-date: /home/jimmy/ros2_robo2axis/install/robo2axis_data_strcs/local/lib/python3.10/dist-packages/robo2axis_data_strcs/librobo2axis_data_strcs__rosidl_generator_py.so
[0.503s] -- Up-to-date: /home/jimmy/ros2_robo2axis/install/robo2axis_data_strcs/local/lib/python3.10/dist-packages/robo2axis_data_strcs/robo2axis_data_strcs_s__rosidl_typesupport_c.cpython-310-x86_64-linux-gnu.so
[0.503s] -- Up-to-date: /home/jimmy/ros2_robo2axis/install/robo2axis_data_strcs/local/lib/python3.10/dist-packages/robo2axis_data_strcs/_robo2axis_data_strcs_s.ep.rosidl_typesupport_introspection_c.c
[0.503s] -- Up-to-date: /home/jimmy/ros2_robo2axis/install/robo2axis_data_strcs/local/lib/python3.10/dist-packages/robo2axis_data_strcs/robo2axis_data_strcs_s__rosidl_typesupport_fastrtps_c.cpython-310-x86_64-linux-gnu.so
[0.503s] -- Up-to-date: /home/jimmy/ros2_robo2axis/install/robo2axis_data_strcs/local/lib/python3.10/dist-packages/robo2axis_data_strcs/_robo2axis_data_strcs_s.ep.rosidl_typesupport_c.c
[0.503s] -- Up-to-date: /home/jimmy/ros2_robo2axis/install/robo2axis_data_strcs/local/lib/python3.10/dist-packages/robo2axis_data_strcs/robo2axis_data_strcs_s__rosidl_typesupport_introspection_c.cpython-310-x86_64-linux-gnu.so
[0.503s] -- Up-to-date: /home/jimmy/ros2_robo2axis/install/robo2axis_data_strcs/local/lib/python3.10/dist-packages/robo2axis_data_strcs/_robo2axis_data_strcs_s.ep.rosidl_typesupport_fastrtps_c.c
[0.503s] -- Up-to-date: /home/jimmy/ros2_robo2axis/install/robo2axis_data_strcs/local/lib/python3.10/dist-packages/robo2axis_data_strcs/msg
[0.503s] -- Up-to-date: /home/jimmy/ros2_robo2axis/install/robo2axis_data_strcs/local/lib/python3.10/dist-packages/robo2axis_data_strcs/msg/_encoder_counts_s.c
[0.504s] -- Up-to-date: /home/jimmy/ros2_robo2axis/install/robo2axis_data_strcs/local/lib/python3.10/dist-packages/robo2axis_data_strcs/msg/_encoder_counts.py
[0.504s] -- Up-to-date: /home/jimmy/ros2_robo2axis/install/robo2axis_data_strcs/local/lib/python3.10/dist-packages/robo2axis_data_strcs/msg/__init__.py
[0.504s] -- Up-to-date: /home/jimmy/ros2_robo2axis/install/robo2axis_data_strcs/local/lib/python3.10/dist-packages/robo2axis_data_strcs/__init__.py
[0.539s] Listing '/home/jimmy/ros2_robo2axis/install/robo2axis_data_strcs/local/lib/python3.10/dist-packages/robo2axis_data_strcs'...
[0.539s] Listing '/home/jimmy/ros2_robo2axis/install/robo2axis_data_strcs/local/lib/python3.10/dist-packages/robo2axis_data_strcs/msg'...
[0.543s] -- Up-to-date: /home/jimmy/ros2_robo2axis/install/robo2axis_data_strcs/local/lib/python3.10/dist-packages/robo2axis_data_strcs/robo2axis_data_strcs_s__rosidl_typesupport_fastrtps_c.cpython-310-x86_64-linux-gnu.so
[0.544s] -- Up-to-date: /home/jimmy/ros2_robo2axis/install/robo2axis_data_strcs/local/lib/python3.10/dist-packages/robo2axis_data_strcs/robo2axis_data_strcs_s__rosidl_typesupport_introspection_c.cpython-310-x86_64-linux-gnu.so
[0.545s] -- Up-to-date: /home/jimmy/ros2_robo2axis/install/robo2axis_data_strcs/local/lib/python3.10/dist-packages/robo2axis_data_strcs/robo2axis_data_strcs_s__rosidl_typesupport_c.cpython-310-x86_64-linux-gnu.so
[0.545s] -- Up-to-date: /home/jimmy/ros2_robo2axis/install/robo2axis_data_strcs/lib/librobo2axis_data_strcs__rosidl_generator_py.so
[0.546s] -- Up-to-date: /home/jimmy/ros2_robo2axis/install/robo2axis_data_strcs/share/robo2axis_data_strcs/msg/EncoderCounts.idl
[0.546s] -- Up-to-date: /home/jimmy/ros2_robo2axis/install/robo2axis_data_strcs/share/robo2axis_data_strcs/msg/EncoderCounts.msg
[0.546s] -- Up-to-date: /home/jimmy/ros2_robo2axis/install/robo2axis_data_strcs/share/ament_index/resource_index/package_run_dependencies/robo2axis_data_strcs
[0.546s] -- Up-to-date: /home/jimmy/ros2_robo2axis/install/robo2axis_data_strcs/share/ament_index/resource_index/parent_prefix_path/robo2axis_data_strcs
[0.547s] -- Up-to-date: /home/jimmy/ros2_robo2axis/install/robo2axis_data_strcs/share/robo2axis_data_strcs/environment/ament_prefix_path.sh
[0.547s] -- Up-to-date: /home/jimmy/ros2_robo2axis/install/robo2axis_data_strcs/share/robo2axis_data_strcs/environment/ament_prefix_path.dsv
[0.547s] -- Up-to-date: /home/jimmy/ros2_robo2axis/install/robo2axis_data_strcs/share/robo2axis_data_strcs/environment/path.sh
[0.547s] -- Up-to-date: /home/jimmy/ros2_robo2axis/install/robo2axis_data_strcs/share/robo2axis_data_strcs/environment/path.dsv
[0.547s] -- Up-to-date: /home/jimmy/ros2_robo2axis/install/robo2axis_data_strcs/share/robo2axis_data_strcs/local_setup.bash
[0.547s] -- Up-to-date: /home/jimmy/ros2_robo2axis/install/robo2axis_data_strcs/share/robo2axis_data_strcs/local_setup.sh
[0.547s] -- Up-to-date: /home/jimmy/ros2_robo2axis/install/robo2axis_data_strcs/share/robo2axis_data_strcs/local_setup.zsh
[0.547s] -- Up-to-date: /home/jimmy/ros2_robo2axis/install/robo2axis_data_strcs/share/robo2axis_data_strcs/local_setup.dsv
[0.548s] -- Installing: /home/jimmy/ros2_robo2axis/install/robo2axis_data_strcs/share/robo2axis_data_strcs/package.dsv
[0.548s] -- Up-to-date: /home/jimmy/ros2_robo2axis/install/robo2axis_data_strcs/share/ament_index/resource_index/packages/robo2axis_data_strcs
[0.550s] -- Up-to-date: /home/jimmy/ros2_robo2axis/install/robo2axis_data_strcs/share/robo2axis_data_strcs/cmake/export_robo2axis_data_strcs__rosidl_generator_cExport.cmake
[0.550s] -- Up-to-date: /home/jimmy/ros2_robo2axis/install/robo2axis_data_strcs/share/robo2axis_data_strcs/cmake/export_robo2axis_data_strcs__rosidl_generator_cExport-noconfig.cmake
[0.551s] -- Up-to-date: /home/jimmy/ros2_robo2axis/install/robo2axis_data_strcs/share/robo2axis_data_strcs/cmake/export_robo2axis_data_strcs__rosidl_typesupport_fastrtps_cExport.cmake
[0.551s] -- Up-to-date: /home/jimmy/ros2_robo2axis/install/robo2axis_data_strcs/share/robo2axis_data_strcs/cmake/export_robo2axis_data_strcs__rosidl_typesupport_fastrtps_cExport-noconfig.cmake
[0.552s] -- Up-to-date: /home/jimmy/ros2_robo2axis/install/robo2axis_data_strcs/share/robo2axis_data_strcs/cmake/robo2axis_data_strcs__rosidl_typesupport_introspection_cExport.cmake
[0.552s] -- Up-to-date: /home/jimmy/ros2_robo2axis/install/robo2axis_data_strcs/share/robo2axis_data_strcs/cmake/robo2axis_data_strcs__rosidl_typesupport_introspection_cExport-noconfig.cmake
[0.553s] -- Up-to-date: /home/jimmy/ros2_robo2axis/install/robo2axis_data_strcs/share/robo2axis_data_strcs/cmake/robo2axis_data_strcs__rosidl_typesupport_cExport.cmake
[0.553s] -- Up-to-date: /home/jimmy/ros2_robo2axis/install/robo2axis_data_strcs/share/robo2axis_data_strcs/cmake/robo2axis_data_strcs__rosidl_typesupport_cExport-noconfig.cmake
[0.553s] -- Up-to-date: /home/jimmy/ros2_robo2axis/install/robo2axis_data_strcs/share/robo2axis_data_strcs/cmake/export_robo2axis_data_strcs__rosidl_generator_cppExport.cmake
[0.554s] -- Up-to-date: /home/jimmy/ros2_robo2axis/install/robo2axis_data_strcs/share/robo2axis_data_strcs/cmake/export_robo2axis_data_strcs__rosidl_typesupport_fastrtps_cppExport.cmake
[0.554s] -- Up-to-date: /home/jimmy/ros2_robo2axis/install/robo2axis_data_strcs/share/robo2axis_data_strcs/cmake/export_robo2axis_data_strcs__rosidl_typesupport_fastrtps_cppExport-noconfig.cmake
[0.555s] -- Up-to-date: /home/jimmy/ros2_robo2axis/install/robo2axis_data_strcs/share/robo2axis_data_strcs/cmake/robo2axis_data_strcs__rosidl_typesupport_introspection_cppExport.cmake
[0.555s] -- Up-to-date: /home/jimmy/ros2_robo2axis/install/robo2axis_data_strcs/share/robo2axis_data_strcs/cmake/robo2axis_data_strcs__rosidl_typesupport_introspection_cppExport-noconfig.cmake
[0.556s] -- Up-to-date: /home/jimmy/ros2_robo2axis/install/robo2axis_data_strcs/share/robo2axis_data_strcs/cmake/robo2axis_data_strcs__rosidl_typesupport_cppExport.cmake
[0.556s] -- Up-to-date: /home/jimmy/ros2_robo2axis/install/robo2axis_data_strcs/share/robo2axis_data_strcs/cmake/robo2axis_data_strcs__rosidl_typesupport_cppExport-noconfig.cmake
[0.556s] -- Up-to-date: /home/jimmy/ros2_robo2axis/install/robo2axis_data_strcs/share/robo2axis_data_strcs/cmake/export_robo2axis_data_strcs__rosidl_generator_pyExport.cmake
[0.557s] -- Up-to-date: /home/jimmy/ros2_robo2axis/install/robo2axis_data_strcs/share/robo2axis_data_strcs/cmake/export_robo2axis_data_strcs__rosidl_generator_pyExport-noconfig.cmake
[0.557s] -- Up-to-date: /home/jimmy/ros2_robo2axis/install/robo2axis_data_strcs/share/robo2axis_data_strcs/cmake/rosidl_cmake-extras.cmake
[0.557s] -- Up-to-date: /home/jimmy/ros2_robo2axis/install/robo2axis_data_strcs/share/robo2axis_data_strcs/cmake/ament_cmake_export_include_directories-extras.cmake
[0.557s] -- Up-to-date: /home/jimmy/ros2_robo2axis/install/robo2axis_data_strcs/share/robo2axis_data_strcs/cmake/ament_cmake_export_libraries-extras.cmake
[0.557s] -- Up-to-date: /home/jimmy/ros2_robo2axis/install/robo2axis_data_strcs/share/robo2axis_data_strcs/cmake/ament_cmake_export_targets-extras.cmake
[0.557s] -- Up-to-date: /home/jimmy/ros2_robo2axis/install/robo2axis_data_strcs/share/robo2axis_data_strcs/cmake/rosidl_cmake_export_typesupport_targets-extras.cmake
[0.557s] -- Up-to-date: /home/jimmy/ros2_robo2axis/install/robo2axis_data_strcs/share/robo2axis_data_strcs/cmake/ament_cmake_export_dependencies-extras.cmake
[0.557s] -- Up-to-date: /home/jimmy/ros2_robo2axis/install/robo2axis_data_strcs/share/robo2axis_data_strcs/cmake/rosidl_cmake_export_typesupport_libraries-extras.cmake
[0.557s] -- Up-to-date: /home/jimmy/ros2_robo2axis/install/robo2axis_data_strcs/share/robo2axis_data_strcs/cmake/robo2axis_data_strcsConfig.cmake
[0.558s] -- Up-to-date: /home/jimmy/ros2_robo2axis/install/robo2axis_data_strcs/share/robo2axis_data_strcs/cmake/robo2axis_data_strcsConfig-version.cmake
[0.558s] -- Up-to-date: /home/jimmy/ros2_robo2axis/install/robo2axis_data_strcs/share/robo2axis_data_strcs/package.xml
[0.560s] Invoked command in '/home/jimmy/ros2_robo2axis/build/robo2axis_data_strcs' returned '0': CMAKE_PREFIX_PATH=/opt/ros/humble /usr/bin/cmake --install /home/jimmy/ros2_robo2axis/build/robo2axis_data_strcs
